#
# There is insufficient memory for the Java Runtime Environment to continue.
# Native memory allocation (malloc) failed to allocate 2959216 bytes for Chunk::new
# Possible reasons:
#   The system is out of physical RAM or swap space
#   The process is running with CompressedOops enabled, and the Java Heap may be blocking the growth of the native heap
# Possible solutions:
#   Reduce memory load on the system
#   Increase physical memory or swap space
#   Check if swap backing store is full
#   Decrease Java heap size (-Xmx/-Xms)
#   Decrease number of Java threads
#   Decrease Java thread stack sizes (-Xss)
#   Set larger code cache with -XX:ReservedCodeCacheSize=
#   JVM is running with Unscaled Compressed Oops mode in which the Java heap is
#     placed in the first 4GB address space. The Java Heap base address is the
#     maximum limit for the native heap growth. Please use -XX:HeapBaseMinAddress
#     to set the Java Heap base and to place the Java Heap above 4GB virtual address.
# This output file may be truncated or incomplete.
#
#  Out of Memory Error (./src/hotspot/share/memory/arena.cpp:197), pid=21532, tid=19668
#
# JRE version: OpenJDK Runtime Environment (11.0.8+10) (build 11.0.8+10-b944.6842174)
# Java VM: OpenJDK 64-Bit Server VM (11.0.8+10-b944.6842174, mixed mode, tiered, compressed oops, g1 gc, windows-amd64)
# No core dump will be written. Minidumps are not enabled by default on client versions of Windows
#

---------------  S U M M A R Y ------------

Command Line: org.jetbrains.kotlin.cli.jvm.K2JVMCompiler @C:\Android Projects\Projemanag\app\build\20220215_13192879835397972232.compiler.options

Host: Intel(R) Core(TM) i5-9300H CPU @ 2.40GHz, 8 cores, 7G,  Windows 10 , 64 bit Build 22000 (10.0.22000.434)
Time: Tue Feb 15 20:21:49 2022 India Standard Time elapsed time: 4 seconds (0d 0h 0m 4s)

---------------  T H R E A D  ---------------

Current thread (0x0000017ba6afc000):  JavaThread "C2 CompilerThread0" daemon [_thread_in_native, id=19668, stack(0x00000063fd200000,0x00000063fd300000)]


Current CompileTask:
C2:   4404 6062       4       org.jetbrains.kotlin.descriptors.impl.FunctionDescriptorImpl::doSubstitute (848 bytes)

Stack: [0x00000063fd200000,0x00000063fd300000]
Native frames: (J=compiled Java code, j=interpreted, Vv=VM code, C=native code)
V  [jvm.dll+0x5de50a]
V  [jvm.dll+0x7122f5]
V  [jvm.dll+0x71384d]
V  [jvm.dll+0x713f03]
V  [jvm.dll+0x23e728]
V  [jvm.dll+0xb899c]
V  [jvm.dll+0xb8e9c]
V  [jvm.dll+0x35024d]
V  [jvm.dll+0x31dea3]
V  [jvm.dll+0x31d39a]
V  [jvm.dll+0x1f7702]
V  [jvm.dll+0x1f68d4]
V  [jvm.dll+0x17f32c]
V  [jvm.dll+0x205047]
V  [jvm.dll+0x203891]
V  [jvm.dll+0x6dad3f]
V  [jvm.dll+0x6d3895]
V  [jvm.dll+0x5dd4a6]
C  [ucrtbase.dll+0x26c0c]
C  [KERNEL32.DLL+0x154e0]
C  [ntdll.dll+0x485b]


---------------  P R O C E S S  ---------------

Threads class SMR info:
_java_thread_list=0x0000017ba6cbe090, length=12, elements={
0x0000017b8c05e000, 0x0000017ba62d1800, 0x0000017ba62d2800, 0x0000017ba6af9800,
0x0000017ba6afa800, 0x0000017ba6afc000, 0x0000017ba6aff000, 0x0000017ba6b42800,
0x0000017ba6c9d000, 0x0000017ba6ca4800, 0x0000017ba6ce0800, 0x0000017ba6cbd000
}

Java Threads: ( => current thread )
  0x0000017b8c05e000 JavaThread "main" [_thread_in_Java, id=18852, stack(0x00000063fc700000,0x00000063fc800000)]
  0x0000017ba62d1800 JavaThread "Reference Handler" daemon [_thread_blocked, id=21132, stack(0x00000063fce00000,0x00000063fcf00000)]
  0x0000017ba62d2800 JavaThread "Finalizer" daemon [_thread_blocked, id=19784, stack(0x00000063fcf00000,0x00000063fd000000)]
  0x0000017ba6af9800 JavaThread "Signal Dispatcher" daemon [_thread_blocked, id=1552, stack(0x00000063fd000000,0x00000063fd100000)]
  0x0000017ba6afa800 JavaThread "Attach Listener" daemon [_thread_blocked, id=16068, stack(0x00000063fd100000,0x00000063fd200000)]
=>0x0000017ba6afc000 JavaThread "C2 CompilerThread0" daemon [_thread_in_native, id=19668, stack(0x00000063fd200000,0x00000063fd300000)]
  0x0000017ba6aff000 JavaThread "C1 CompilerThread0" daemon [_thread_in_vm, id=15828, stack(0x00000063fd300000,0x00000063fd400000)]
  0x0000017ba6b42800 JavaThread "Sweeper thread" daemon [_thread_blocked, id=21520, stack(0x00000063fd400000,0x00000063fd500000)]
  0x0000017ba6c9d000 JavaThread "Service Thread" daemon [_thread_blocked, id=10520, stack(0x00000063fd500000,0x00000063fd600000)]
  0x0000017ba6ca4800 JavaThread "Common-Cleaner" daemon [_thread_blocked, id=20572, stack(0x00000063fd700000,0x00000063fd800000)]
  0x0000017ba6ce0800 JavaThread "C2 CompilerThread1" daemon [_thread_in_native, id=2396, stack(0x00000063fd800000,0x00000063fd900000)]
  0x0000017ba6cbd000 JavaThread "C2 CompilerThread2" daemon [_thread_in_native, id=7204, stack(0x00000063fd900000,0x00000063fda00000)]

Other Threads:
  0x0000017ba62cf000 VMThread "VM Thread" [stack: 0x00000063fcd00000,0x00000063fce00000] [id=11856]
  0x0000017ba6ca8800 WatcherThread [stack: 0x00000063fd600000,0x00000063fd700000] [id=2124]
  0x0000017b8c076000 GCTaskThread "GC Thread#0" [stack: 0x00000063fc800000,0x00000063fc900000] [id=22016]
  0x0000017ba7416000 GCTaskThread "GC Thread#1" [stack: 0x00000063fda00000,0x00000063fdb00000] [id=21292]
  0x0000017ba7416800 GCTaskThread "GC Thread#2" [stack: 0x00000063fdb00000,0x00000063fdc00000] [id=20076]
  0x0000017b8c0a5800 ConcurrentGCThread "G1 Main Marker" [stack: 0x00000063fc900000,0x00000063fca00000] [id=18984]
  0x0000017b8c0a8800 ConcurrentGCThread "G1 Conc#0" [stack: 0x00000063fca00000,0x00000063fcb00000] [id=6172]
  0x0000017ba7446800 ConcurrentGCThread "G1 Conc#1" [stack: 0x00000063fdc00000,0x00000063fdd00000] [id=2700]
  0x0000017b8c13e000 ConcurrentGCThread "G1 Refine#0" [stack: 0x00000063fcb00000,0x00000063fcc00000] [id=21832]
  0x0000017ba8aeb800 ConcurrentGCThread "G1 Refine#1" [stack: 0x00000063fdd00000,0x00000063fde00000] [id=20412]
  0x0000017ba824d000 ConcurrentGCThread "G1 Refine#2" [stack: 0x00000063fde00000,0x00000063fdf00000] [id=15408]
  0x0000017ba8547800 ConcurrentGCThread "G1 Refine#3" [stack: 0x00000063fdf00000,0x00000063fe000000] [id=3664]
  0x0000017ba6110800 ConcurrentGCThread "G1 Young RemSet Sampling" [stack: 0x00000063fcc00000,0x00000063fcd00000] [id=14152]

Threads with active compile tasks:
C2 CompilerThread0   4421 6062       4       org.jetbrains.kotlin.descriptors.impl.FunctionDescriptorImpl::doSubstitute (848 bytes)
C1 CompilerThread0   4421 6303   !   2       org.jetbrains.kotlin.metadata.jvm.JvmProtoBuf$StringTableTypes::<init> (495 bytes)
C2 CompilerThread1   4421 6256       4       org.jetbrains.kotlin.resolve.OverrideResolver$Companion::checkMissingOverridesByJava8Restrictions (336 bytes)
C2 CompilerThread2   4421 6058       4       org.jetbrains.kotlin.resolve.OverridingUtil::createAndBindFakeOverride (178 bytes)

VM state:not at safepoint (normal execution)

VM Mutex/Monitor currently owned by a thread: None

Heap address: 0x0000000081c00000, size: 2020 MB, Compressed Oops mode: 32-bit
Narrow klass base: 0x0000000000000000, Narrow klass shift: 3
Compressed class space size: 1073741824 Address: 0x0000000100000000

Heap:
 garbage-first heap   total 161792K, used 58880K [0x0000000081c00000, 0x0000000100000000)
  region size 1024K, 11 young (11264K), 2 survivors (2048K)
 Metaspace       used 56348K, capacity 57088K, committed 57216K, reserved 1099776K
  class space    used 6424K, capacity 6717K, committed 6784K, reserved 1048576K
Heap Regions: E=young(eden), S=young(survivor), O=old, HS=humongous(starts), HC=humongous(continues), CS=collection set, F=free, A=archive, TAMS=top-at-mark-start (previous, next)
|   0|0x0000000081c00000, 0x0000000081d00000, 0x0000000081d00000|100%|HS|  |TAMS 0x0000000081d00000, 0x0000000081c00000| Complete 
|   1|0x0000000081d00000, 0x0000000081e00000, 0x0000000081e00000|100%|HC|  |TAMS 0x0000000081e00000, 0x0000000081d00000| Complete 
|   2|0x0000000081e00000, 0x0000000081f00000, 0x0000000081f00000|100%|HC|  |TAMS 0x0000000081f00000, 0x0000000081e00000| Complete 
|   3|0x0000000081f00000, 0x0000000082000000, 0x0000000082000000|100%|HS|  |TAMS 0x0000000082000000, 0x0000000081f00000| Complete 
|   4|0x0000000082000000, 0x0000000082100000, 0x0000000082100000|100%|HC|  |TAMS 0x0000000082100000, 0x0000000082000000| Complete 
|   5|0x0000000082100000, 0x0000000082200000, 0x0000000082200000|100%|HC|  |TAMS 0x0000000082200000, 0x0000000082100000| Complete 
|   6|0x0000000082200000, 0x0000000082300000, 0x0000000082300000|100%|HS|  |TAMS 0x0000000082300000, 0x0000000082200000| Complete 
|   7|0x0000000082300000, 0x0000000082400000, 0x0000000082400000|100%|HC|  |TAMS 0x0000000082400000, 0x0000000082300000| Complete 
|   8|0x0000000082400000, 0x0000000082500000, 0x0000000082500000|100%|HC|  |TAMS 0x0000000082500000, 0x0000000082400000| Complete 
|   9|0x0000000082500000, 0x0000000082600000, 0x0000000082600000|100%| O|  |TAMS 0x0000000082500000, 0x0000000082500000| Untracked 
|  10|0x0000000082600000, 0x0000000082700000, 0x0000000082700000|100%| O|  |TAMS 0x0000000082600000, 0x0000000082600000| Untracked 
|  11|0x0000000082700000, 0x0000000082800000, 0x0000000082800000|100%| O|  |TAMS 0x0000000082800000, 0x0000000082700000| Untracked 
|  12|0x0000000082800000, 0x0000000082900000, 0x0000000082900000|100%| O|  |TAMS 0x0000000082900000, 0x0000000082800000| Untracked 
|  13|0x0000000082900000, 0x0000000082a00000, 0x0000000082a00000|100%| O|  |TAMS 0x0000000082a00000, 0x0000000082900000| Untracked 
|  14|0x0000000082a00000, 0x0000000082b00000, 0x0000000082b00000|100%| O|  |TAMS 0x0000000082b00000, 0x0000000082a00000| Untracked 
|  15|0x0000000082b00000, 0x0000000082c00000, 0x0000000082c00000|100%| O|  |TAMS 0x0000000082c00000, 0x0000000082b00000| Untracked 
|  16|0x0000000082c00000, 0x0000000082d00000, 0x0000000082d00000|100%| O|  |TAMS 0x0000000082d00000, 0x0000000082c00000| Untracked 
|  17|0x0000000082d00000, 0x0000000082e00000, 0x0000000082e00000|100%|HS|  |TAMS 0x0000000082e00000, 0x0000000082d00000| Complete 
|  18|0x0000000082e00000, 0x0000000082f00000, 0x0000000082f00000|100%|HC|  |TAMS 0x0000000082f00000, 0x0000000082e00000| Complete 
|  19|0x0000000082f00000, 0x0000000083000000, 0x0000000083000000|100%| O|  |TAMS 0x0000000083000000, 0x0000000082f00000| Untracked 
|  20|0x0000000083000000, 0x0000000083100000, 0x0000000083100000|100%| O|  |TAMS 0x0000000083100000, 0x0000000083000000| Untracked 
|  21|0x0000000083100000, 0x0000000083200000, 0x0000000083200000|100%| O|  |TAMS 0x0000000083200000, 0x0000000083100000| Untracked 
|  22|0x0000000083200000, 0x0000000083300000, 0x0000000083300000|100%| O|  |TAMS 0x0000000083300000, 0x0000000083200000| Untracked 
|  23|0x0000000083300000, 0x0000000083400000, 0x0000000083400000|100%| O|  |TAMS 0x0000000083400000, 0x0000000083300000| Untracked 
|  24|0x0000000083400000, 0x0000000083500000, 0x0000000083500000|100%| O|  |TAMS 0x0000000083500000, 0x0000000083400000| Untracked 
|  25|0x0000000083500000, 0x0000000083600000, 0x0000000083600000|100%| O|  |TAMS 0x0000000083600000, 0x0000000083500000| Untracked 
|  26|0x0000000083600000, 0x0000000083700000, 0x0000000083700000|100%| O|  |TAMS 0x000000008365fc00, 0x0000000083600000| Untracked 
|  27|0x0000000083700000, 0x0000000083800000, 0x0000000083800000|100%| O|  |TAMS 0x0000000083700000, 0x0000000083700000| Untracked 
|  28|0x0000000083800000, 0x0000000083900000, 0x0000000083900000|100%| O|  |TAMS 0x0000000083800000, 0x0000000083800000| Untracked 
|  29|0x0000000083900000, 0x0000000083a00000, 0x0000000083a00000|100%| O|  |TAMS 0x0000000083900000, 0x0000000083900000| Untracked 
|  30|0x0000000083a00000, 0x0000000083b00000, 0x0000000083b00000|100%| O|  |TAMS 0x0000000083a00000, 0x0000000083a00000| Untracked 
|  31|0x0000000083b00000, 0x0000000083c00000, 0x0000000083c00000|100%| O|  |TAMS 0x0000000083b00000, 0x0000000083b00000| Untracked 
|  32|0x0000000083c00000, 0x0000000083d00000, 0x0000000083d00000|100%| O|  |TAMS 0x0000000083c00000, 0x0000000083c00000| Untracked 
|  33|0x0000000083d00000, 0x0000000083e00000, 0x0000000083e00000|100%| O|  |TAMS 0x0000000083d00000, 0x0000000083d00000| Untracked 
|  34|0x0000000083e00000, 0x0000000083f00000, 0x0000000083f00000|100%| O|  |TAMS 0x0000000083e00000, 0x0000000083e00000| Untracked 
|  35|0x0000000083f00000, 0x0000000084000000, 0x0000000084000000|100%| O|  |TAMS 0x0000000083f00000, 0x0000000083f00000| Untracked 
|  36|0x0000000084000000, 0x0000000084100000, 0x0000000084100000|100%| O|  |TAMS 0x0000000084000000, 0x0000000084000000| Untracked 
|  37|0x0000000084100000, 0x0000000084200000, 0x0000000084200000|100%| O|  |TAMS 0x0000000084100000, 0x0000000084100000| Untracked 
|  38|0x0000000084200000, 0x0000000084300000, 0x0000000084300000|100%| O|  |TAMS 0x0000000084200000, 0x0000000084200000| Untracked 
|  39|0x0000000084300000, 0x0000000084400000, 0x0000000084400000|100%| O|  |TAMS 0x0000000084300000, 0x0000000084300000| Untracked 
|  40|0x0000000084400000, 0x0000000084500000, 0x0000000084500000|100%| O|  |TAMS 0x0000000084400000, 0x0000000084400000| Untracked 
|  41|0x0000000084500000, 0x0000000084600000, 0x0000000084600000|100%| O|  |TAMS 0x0000000084500000, 0x0000000084500000| Untracked 
|  42|0x0000000084600000, 0x0000000084700000, 0x0000000084700000|100%| O|  |TAMS 0x0000000084600000, 0x0000000084600000| Untracked 
|  43|0x0000000084700000, 0x0000000084800000, 0x0000000084800000|100%| O|  |TAMS 0x0000000084700000, 0x0000000084700000| Untracked 
|  44|0x0000000084800000, 0x0000000084900000, 0x0000000084900000|100%| O|  |TAMS 0x0000000084800000, 0x0000000084800000| Untracked 
|  45|0x0000000084900000, 0x0000000084a00000, 0x0000000084a00000|100%| O|  |TAMS 0x0000000084900000, 0x0000000084900000| Untracked 
|  46|0x0000000084a00000, 0x0000000084b00000, 0x0000000084b00000|100%| O|  |TAMS 0x0000000084a00000, 0x0000000084a00000| Untracked 
|  47|0x0000000084b00000, 0x0000000084c00000, 0x0000000084c00000|100%| O|  |TAMS 0x0000000084b00000, 0x0000000084b00000| Untracked 
|  48|0x0000000084c00000, 0x0000000084c00000, 0x0000000084d00000|  0%| F|  |TAMS 0x0000000084c00000, 0x0000000084c00000| Untracked 
|  49|0x0000000084d00000, 0x0000000084d00000, 0x0000000084e00000|  0%| F|  |TAMS 0x0000000084d00000, 0x0000000084d00000| Untracked 
|  50|0x0000000084e00000, 0x0000000084e00000, 0x0000000084f00000|  0%| F|  |TAMS 0x0000000084e00000, 0x0000000084e00000| Untracked 
|  51|0x0000000084f00000, 0x0000000084f00000, 0x0000000085000000|  0%| F|  |TAMS 0x0000000084f00000, 0x0000000084f00000| Untracked 
|  52|0x0000000085000000, 0x0000000085000000, 0x0000000085100000|  0%| F|  |TAMS 0x0000000085000000, 0x0000000085000000| Untracked 
|  53|0x0000000085100000, 0x0000000085100000, 0x0000000085200000|  0%| F|  |TAMS 0x0000000085100000, 0x0000000085100000| Untracked 
|  54|0x0000000085200000, 0x0000000085200000, 0x0000000085300000|  0%| F|  |TAMS 0x0000000085200000, 0x0000000085200000| Untracked 
|  55|0x0000000085300000, 0x0000000085300000, 0x0000000085400000|  0%| F|  |TAMS 0x0000000085300000, 0x0000000085300000| Untracked 
|  56|0x0000000085400000, 0x0000000085400000, 0x0000000085500000|  0%| F|  |TAMS 0x0000000085400000, 0x0000000085400000| Untracked 
|  57|0x0000000085500000, 0x0000000085500000, 0x0000000085600000|  0%| F|  |TAMS 0x0000000085500000, 0x0000000085500000| Untracked 
|  58|0x0000000085600000, 0x0000000085600000, 0x0000000085700000|  0%| F|  |TAMS 0x0000000085600000, 0x0000000085600000| Untracked 
|  59|0x0000000085700000, 0x0000000085700000, 0x0000000085800000|  0%| F|  |TAMS 0x0000000085700000, 0x0000000085700000| Untracked 
|  60|0x0000000085800000, 0x0000000085800000, 0x0000000085900000|  0%| F|  |TAMS 0x0000000085800000, 0x0000000085800000| Untracked 
|  61|0x0000000085900000, 0x0000000085900000, 0x0000000085a00000|  0%| F|  |TAMS 0x0000000085900000, 0x0000000085900000| Untracked 
|  62|0x0000000085a00000, 0x0000000085a00000, 0x0000000085b00000|  0%| F|  |TAMS 0x0000000085a00000, 0x0000000085a00000| Untracked 
|  63|0x0000000085b00000, 0x0000000085b00000, 0x0000000085c00000|  0%| F|  |TAMS 0x0000000085b00000, 0x0000000085b00000| Untracked 
|  64|0x0000000085c00000, 0x0000000085c00000, 0x0000000085d00000|  0%| F|  |TAMS 0x0000000085c00000, 0x0000000085c00000| Untracked 
|  65|0x0000000085d00000, 0x0000000085d00000, 0x0000000085e00000|  0%| F|  |TAMS 0x0000000085d00000, 0x0000000085d00000| Untracked 
|  66|0x0000000085e00000, 0x0000000085e00000, 0x0000000085f00000|  0%| F|  |TAMS 0x0000000085e00000, 0x0000000085e00000| Untracked 
|  67|0x0000000085f00000, 0x0000000085f00000, 0x0000000086000000|  0%| F|  |TAMS 0x0000000085f00000, 0x0000000085f00000| Untracked 
|  68|0x0000000086000000, 0x0000000086000000, 0x0000000086100000|  0%| F|  |TAMS 0x0000000086000000, 0x0000000086000000| Untracked 
|  69|0x0000000086100000, 0x0000000086100000, 0x0000000086200000|  0%| F|  |TAMS 0x0000000086100000, 0x0000000086100000| Untracked 
|  70|0x0000000086200000, 0x0000000086200000, 0x0000000086300000|  0%| F|  |TAMS 0x0000000086200000, 0x0000000086200000| Untracked 
|  71|0x0000000086300000, 0x0000000086300000, 0x0000000086400000|  0%| F|  |TAMS 0x0000000086300000, 0x0000000086300000| Untracked 
|  72|0x0000000086400000, 0x0000000086400000, 0x0000000086500000|  0%| F|  |TAMS 0x0000000086400000, 0x0000000086400000| Untracked 
|  73|0x0000000086500000, 0x0000000086500000, 0x0000000086600000|  0%| F|  |TAMS 0x0000000086500000, 0x0000000086500000| Untracked 
|  74|0x0000000086600000, 0x0000000086600000, 0x0000000086700000|  0%| F|  |TAMS 0x0000000086600000, 0x0000000086600000| Untracked 
|  75|0x0000000086700000, 0x0000000086700000, 0x0000000086800000|  0%| F|  |TAMS 0x0000000086700000, 0x0000000086700000| Untracked 
|  76|0x0000000086800000, 0x0000000086800000, 0x0000000086900000|  0%| F|  |TAMS 0x0000000086800000, 0x0000000086800000| Untracked 
|  77|0x0000000086900000, 0x0000000086900000, 0x0000000086a00000|  0%| F|  |TAMS 0x0000000086900000, 0x0000000086900000| Untracked 
|  78|0x0000000086a00000, 0x0000000086a00000, 0x0000000086b00000|  0%| F|  |TAMS 0x0000000086a00000, 0x0000000086a00000| Untracked 
|  79|0x0000000086b00000, 0x0000000086b00000, 0x0000000086c00000|  0%| F|  |TAMS 0x0000000086b00000, 0x0000000086b00000| Untracked 
|  80|0x0000000086c00000, 0x0000000086c00000, 0x0000000086d00000|  0%| F|  |TAMS 0x0000000086c00000, 0x0000000086c00000| Untracked 
|  81|0x0000000086d00000, 0x0000000086d00000, 0x0000000086e00000|  0%| F|  |TAMS 0x0000000086d00000, 0x0000000086d00000| Untracked 
|  82|0x0000000086e00000, 0x0000000086e00000, 0x0000000086f00000|  0%| F|  |TAMS 0x0000000086e00000, 0x0000000086e00000| Untracked 
|  83|0x0000000086f00000, 0x0000000086f00000, 0x0000000087000000|  0%| F|  |TAMS 0x0000000086f00000, 0x0000000086f00000| Untracked 
|  84|0x0000000087000000, 0x0000000087000000, 0x0000000087100000|  0%| F|  |TAMS 0x0000000087000000, 0x0000000087000000| Untracked 
|  85|0x0000000087100000, 0x0000000087100000, 0x0000000087200000|  0%| F|  |TAMS 0x0000000087100000, 0x0000000087100000| Untracked 
|  86|0x0000000087200000, 0x0000000087200000, 0x0000000087300000|  0%| F|  |TAMS 0x0000000087200000, 0x0000000087200000| Untracked 
|  87|0x0000000087300000, 0x0000000087300000, 0x0000000087400000|  0%| F|  |TAMS 0x0000000087300000, 0x0000000087300000| Untracked 
|  88|0x0000000087400000, 0x0000000087400000, 0x0000000087500000|  0%| F|  |TAMS 0x0000000087400000, 0x0000000087400000| Untracked 
|  89|0x0000000087500000, 0x0000000087500000, 0x0000000087600000|  0%| F|  |TAMS 0x0000000087500000, 0x0000000087500000| Untracked 
|  90|0x0000000087600000, 0x0000000087600000, 0x0000000087700000|  0%| F|  |TAMS 0x0000000087600000, 0x0000000087600000| Untracked 
|  91|0x0000000087700000, 0x0000000087700000, 0x0000000087800000|  0%| F|  |TAMS 0x0000000087700000, 0x0000000087700000| Untracked 
|  92|0x0000000087800000, 0x0000000087800000, 0x0000000087900000|  0%| F|  |TAMS 0x0000000087800000, 0x0000000087800000| Untracked 
|  93|0x0000000087900000, 0x0000000087900000, 0x0000000087a00000|  0%| F|  |TAMS 0x0000000087900000, 0x0000000087900000| Untracked 
|  94|0x0000000087a00000, 0x0000000087a00000, 0x0000000087b00000|  0%| F|  |TAMS 0x0000000087a00000, 0x0000000087a00000| Untracked 
|  95|0x0000000087b00000, 0x0000000087b00000, 0x0000000087c00000|  0%| F|  |TAMS 0x0000000087b00000, 0x0000000087b00000| Untracked 
|  96|0x0000000087c00000, 0x0000000087c00000, 0x0000000087d00000|  0%| F|  |TAMS 0x0000000087c00000, 0x0000000087c00000| Untracked 
|  97|0x0000000087d00000, 0x0000000087d00000, 0x0000000087e00000|  0%| F|  |TAMS 0x0000000087d00000, 0x0000000087d00000| Untracked 
|  98|0x0000000087e00000, 0x0000000087e00000, 0x0000000087f00000|  0%| F|  |TAMS 0x0000000087e00000, 0x0000000087e00000| Untracked 
|  99|0x0000000087f00000, 0x0000000087f80000, 0x0000000088000000| 50%| S|CS|TAMS 0x0000000087f00000, 0x0000000087f00000| Complete 
| 100|0x0000000088000000, 0x0000000088100000, 0x0000000088100000|100%| S|CS|TAMS 0x0000000088000000, 0x0000000088000000| Complete 
| 101|0x0000000088100000, 0x0000000088100000, 0x0000000088200000|  0%| F|  |TAMS 0x0000000088100000, 0x0000000088100000| Untracked 
| 102|0x0000000088200000, 0x0000000088200000, 0x0000000088300000|  0%| F|  |TAMS 0x0000000088200000, 0x0000000088200000| Untracked 
| 103|0x0000000088300000, 0x0000000088300000, 0x0000000088400000|  0%| F|  |TAMS 0x0000000088300000, 0x0000000088300000| Untracked 
| 104|0x0000000088400000, 0x0000000088400000, 0x0000000088500000|  0%| F|  |TAMS 0x0000000088400000, 0x0000000088400000| Untracked 
| 105|0x0000000088500000, 0x0000000088500000, 0x0000000088600000|  0%| F|  |TAMS 0x0000000088500000, 0x0000000088500000| Untracked 
| 106|0x0000000088600000, 0x0000000088600000, 0x0000000088700000|  0%| F|  |TAMS 0x0000000088600000, 0x0000000088600000| Untracked 
| 107|0x0000000088700000, 0x0000000088700000, 0x0000000088800000|  0%| F|  |TAMS 0x0000000088700000, 0x0000000088700000| Untracked 
| 108|0x0000000088800000, 0x0000000088800000, 0x0000000088900000|  0%| F|  |TAMS 0x0000000088800000, 0x0000000088800000| Untracked 
| 109|0x0000000088900000, 0x0000000088900000, 0x0000000088a00000|  0%| F|  |TAMS 0x0000000088900000, 0x0000000088900000| Untracked 
| 110|0x0000000088a00000, 0x0000000088a00000, 0x0000000088b00000|  0%| F|  |TAMS 0x0000000088a00000, 0x0000000088a00000| Untracked 
| 111|0x0000000088b00000, 0x0000000088b00000, 0x0000000088c00000|  0%| F|  |TAMS 0x0000000088b00000, 0x0000000088b00000| Untracked 
| 112|0x0000000088c00000, 0x0000000088c00000, 0x0000000088d00000|  0%| F|  |TAMS 0x0000000088c00000, 0x0000000088c00000| Untracked 
| 113|0x0000000088d00000, 0x0000000088d00000, 0x0000000088e00000|  0%| F|  |TAMS 0x0000000088d00000, 0x0000000088d00000| Untracked 
| 114|0x0000000088e00000, 0x0000000088e00000, 0x0000000088f00000|  0%| F|  |TAMS 0x0000000088e00000, 0x0000000088e00000| Untracked 
| 115|0x0000000088f00000, 0x0000000088f00000, 0x0000000089000000|  0%| F|  |TAMS 0x0000000088f00000, 0x0000000088f00000| Untracked 
| 116|0x0000000089000000, 0x0000000089000000, 0x0000000089100000|  0%| F|  |TAMS 0x0000000089000000, 0x0000000089000000| Untracked 
| 117|0x0000000089100000, 0x0000000089100000, 0x0000000089200000|  0%| F|  |TAMS 0x0000000089100000, 0x0000000089100000| Untracked 
| 118|0x0000000089200000, 0x0000000089200000, 0x0000000089300000|  0%| F|  |TAMS 0x0000000089200000, 0x0000000089200000| Untracked 
| 119|0x0000000089300000, 0x0000000089300000, 0x0000000089400000|  0%| F|  |TAMS 0x0000000089300000, 0x0000000089300000| Untracked 
| 120|0x0000000089400000, 0x0000000089400000, 0x0000000089500000|  0%| F|  |TAMS 0x0000000089400000, 0x0000000089400000| Untracked 
| 121|0x0000000089500000, 0x0000000089500000, 0x0000000089600000|  0%| F|  |TAMS 0x0000000089500000, 0x0000000089500000| Untracked 
| 122|0x0000000089600000, 0x0000000089600000, 0x0000000089700000|  0%| F|  |TAMS 0x0000000089600000, 0x0000000089600000| Untracked 
| 123|0x0000000089700000, 0x0000000089700000, 0x0000000089800000|  0%| F|  |TAMS 0x0000000089700000, 0x0000000089700000| Untracked 
| 124|0x0000000089800000, 0x0000000089800000, 0x0000000089900000|  0%| F|  |TAMS 0x0000000089800000, 0x0000000089800000| Untracked 
| 125|0x0000000089900000, 0x0000000089900000, 0x0000000089a00000|  0%| F|  |TAMS 0x0000000089900000, 0x0000000089900000| Untracked 
| 126|0x0000000089a00000, 0x0000000089a00000, 0x0000000089b00000|  0%| F|  |TAMS 0x0000000089a00000, 0x0000000089a00000| Untracked 
| 127|0x0000000089b00000, 0x0000000089b00000, 0x0000000089c00000|  0%| F|  |TAMS 0x0000000089b00000, 0x0000000089b00000| Untracked 
| 128|0x0000000089c00000, 0x0000000089c00000, 0x0000000089d00000|  0%| F|  |TAMS 0x0000000089c00000, 0x0000000089c00000| Untracked 
| 129|0x0000000089d00000, 0x0000000089d00000, 0x0000000089e00000|  0%| F|  |TAMS 0x0000000089d00000, 0x0000000089d00000| Untracked 
| 130|0x0000000089e00000, 0x0000000089e00000, 0x0000000089f00000|  0%| F|  |TAMS 0x0000000089e00000, 0x0000000089e00000| Untracked 
| 131|0x0000000089f00000, 0x0000000089f00000, 0x000000008a000000|  0%| F|  |TAMS 0x0000000089f00000, 0x0000000089f00000| Untracked 
| 132|0x000000008a000000, 0x000000008a000000, 0x000000008a100000|  0%| F|  |TAMS 0x000000008a000000, 0x000000008a000000| Untracked 
| 133|0x000000008a100000, 0x000000008a100000, 0x000000008a200000|  0%| F|  |TAMS 0x000000008a100000, 0x000000008a100000| Untracked 
| 134|0x000000008a200000, 0x000000008a200000, 0x000000008a300000|  0%| F|  |TAMS 0x000000008a200000, 0x000000008a200000| Untracked 
| 135|0x000000008a300000, 0x000000008a300000, 0x000000008a400000|  0%| F|  |TAMS 0x000000008a300000, 0x000000008a300000| Untracked 
| 136|0x000000008a400000, 0x000000008a400000, 0x000000008a500000|  0%| F|  |TAMS 0x000000008a400000, 0x000000008a400000| Untracked 
| 137|0x000000008a500000, 0x000000008a500000, 0x000000008a600000|  0%| F|  |TAMS 0x000000008a500000, 0x000000008a500000| Untracked 
| 138|0x000000008a600000, 0x000000008a600000, 0x000000008a700000|  0%| F|  |TAMS 0x000000008a600000, 0x000000008a600000| Untracked 
| 139|0x000000008a700000, 0x000000008a700000, 0x000000008a800000|  0%| F|  |TAMS 0x000000008a700000, 0x000000008a700000| Untracked 
| 140|0x000000008a800000, 0x000000008a800000, 0x000000008a900000|  0%| F|  |TAMS 0x000000008a800000, 0x000000008a800000| Untracked 
| 141|0x000000008a900000, 0x000000008a900000, 0x000000008aa00000|  0%| F|  |TAMS 0x000000008a900000, 0x000000008a900000| Untracked 
| 142|0x000000008aa00000, 0x000000008aa00000, 0x000000008ab00000|  0%| F|  |TAMS 0x000000008aa00000, 0x000000008aa00000| Untracked 
| 143|0x000000008ab00000, 0x000000008ab00000, 0x000000008ac00000|  0%| F|  |TAMS 0x000000008ab00000, 0x000000008ab00000| Untracked 
| 144|0x000000008ac00000, 0x000000008ac00000, 0x000000008ad00000|  0%| F|  |TAMS 0x000000008ac00000, 0x000000008ac00000| Untracked 
| 145|0x000000008ad00000, 0x000000008ad00000, 0x000000008ae00000|  0%| F|  |TAMS 0x000000008ad00000, 0x000000008ad00000| Untracked 
| 146|0x000000008ae00000, 0x000000008ae00000, 0x000000008af00000|  0%| F|  |TAMS 0x000000008ae00000, 0x000000008ae00000| Untracked 
| 147|0x000000008af00000, 0x000000008af00000, 0x000000008b000000|  0%| F|  |TAMS 0x000000008af00000, 0x000000008af00000| Untracked 
| 148|0x000000008b000000, 0x000000008b080800, 0x000000008b100000| 50%| E|  |TAMS 0x000000008b000000, 0x000000008b000000| Complete 
| 149|0x000000008b100000, 0x000000008b200000, 0x000000008b200000|100%| E|CS|TAMS 0x000000008b100000, 0x000000008b100000| Complete 
| 150|0x000000008b200000, 0x000000008b300000, 0x000000008b300000|100%| E|CS|TAMS 0x000000008b200000, 0x000000008b200000| Complete 
| 151|0x000000008b300000, 0x000000008b400000, 0x000000008b400000|100%| E|CS|TAMS 0x000000008b300000, 0x000000008b300000| Complete 
| 152|0x000000008b400000, 0x000000008b500000, 0x000000008b500000|100%| E|CS|TAMS 0x000000008b400000, 0x000000008b400000| Complete 
| 153|0x000000008b500000, 0x000000008b600000, 0x000000008b600000|100%| E|CS|TAMS 0x000000008b500000, 0x000000008b500000| Complete 
| 154|0x000000008b600000, 0x000000008b700000, 0x000000008b700000|100%| E|CS|TAMS 0x000000008b600000, 0x000000008b600000| Complete 
| 155|0x000000008b700000, 0x000000008b800000, 0x000000008b800000|100%| E|CS|TAMS 0x000000008b700000, 0x000000008b700000| Complete 
| 156|0x000000008b800000, 0x000000008b900000, 0x000000008b900000|100%| E|CS|TAMS 0x000000008b800000, 0x000000008b800000| Complete 
| 157|0x000000008b900000, 0x000000008ba00000, 0x000000008ba00000|100%| E|CS|TAMS 0x000000008b900000, 0x000000008b900000| Complete 

Card table byte_map: [0x0000017b9f110000,0x0000017b9f510000] _byte_map_base: 0x0000017b9ed02000

Marking Bits (Prev, Next): (CMBitMap*) 0x0000017b8c09c8c8, (CMBitMap*) 0x0000017b8c09c900
 Prev Bits: [0x0000017b9f910000, 0x0000017ba18a0000)
 Next Bits: [0x0000017ba18a0000, 0x0000017ba3830000)

Polling page: 0x0000017b8b840000

Metaspace:

Usage:
  Non-class:     49.19 MB capacity,    48.77 MB (>99%) used,   345.82 KB ( <1%) free+waste,    87.63 KB ( <1%) overhead. 
      Class:      6.56 MB capacity,     6.28 MB ( 96%) used,   252.13 KB (  4%) free+waste,    38.38 KB ( <1%) overhead. 
       Both:     55.75 MB capacity,    55.04 MB ( 99%) used,   597.95 KB (  1%) free+waste,   126.00 KB ( <1%) overhead. 

Virtual space:
  Non-class space:       50.00 MB reserved,      49.25 MB ( 99%) committed 
      Class space:        1.00 GB reserved,       6.63 MB ( <1%) committed 
             Both:        1.05 GB reserved,      55.88 MB (  5%) committed 

Chunk freelists:
   Non-Class:  61.00 KB
       Class:  3.00 KB
        Both:  64.00 KB

MaxMetaspaceSize: 17179869184.00 GB
CompressedClassSpaceSize: 1.00 GB

CodeHeap 'non-profiled nmethods': size=120000Kb used=3165Kb max_used=3165Kb free=116834Kb
 bounds [0x0000017b974b0000, 0x0000017b977d0000, 0x0000017b9e9e0000]
CodeHeap 'profiled nmethods': size=120000Kb used=15205Kb max_used=15205Kb free=104794Kb
 bounds [0x0000017b8ff80000, 0x0000017b90e60000, 0x0000017b974b0000]
CodeHeap 'non-nmethods': size=5760Kb used=1207Kb max_used=1264Kb free=4552Kb
 bounds [0x0000017b8f9e0000, 0x0000017b8fc50000, 0x0000017b8ff80000]
 total_blobs=6817 nmethods=6248 adapters=479
 compilation: enabled
              stopped_count=0, restarted_count=0
 full_count=0

Compilation events (20 events):
Event: 4.320 Thread 0x0000017ba6aff000 6265       2       org.jetbrains.kotlin.resolve.OverrideResolver$Companion::checkInvisibleFakeOverride (218 bytes)
Event: 4.321 Thread 0x0000017ba6aff000 nmethod 6265 0x0000017b90e43c10 code [0x0000017b90e43f00, 0x0000017b90e44ac8]
Event: 4.323 Thread 0x0000017ba6ce0800 nmethod 6251 0x0000017b977c0a10 code [0x0000017b977c0bc0, 0x0000017b977c0dc8]
Event: 4.323 Thread 0x0000017ba6ce0800 6254       4       org.jetbrains.kotlin.resolve.OverrideResolver$Companion::collectOverriddenDeclarations (126 bytes)
Event: 4.325 Thread 0x0000017ba6aff000 6266       2       jdk.internal.org.objectweb.asm.AnnotationWriter::put (109 bytes)
Event: 4.325 Thread 0x0000017ba6aff000 nmethod 6266 0x0000017b90e45290 code [0x0000017b90e45480, 0x0000017b90e457b8]
Event: 4.325 Thread 0x0000017ba6aff000 6267       2       java.lang.invoke.BoundMethodHandle::editor (8 bytes)
Event: 4.325 Thread 0x0000017ba6aff000 nmethod 6267 0x0000017b90e45a10 code [0x0000017b90e45bc0, 0x0000017b90e45d88]
Event: 4.376 Thread 0x0000017ba6aff000 6268       2       org.jetbrains.kotlin.com.intellij.util.containers.ConcurrentIntObjectHashMap::spread (10 bytes)
Event: 4.376 Thread 0x0000017ba6aff000 nmethod 6268 0x0000017b90e45e90 code [0x0000017b90e46040, 0x0000017b90e46118]
Event: 4.382 Thread 0x0000017ba6aff000 6269       2       java.lang.Boolean::equals (29 bytes)
Event: 4.382 Thread 0x0000017ba6aff000 nmethod 6269 0x0000017b90e46190 code [0x0000017b90e46340, 0x0000017b90e464f8]
Event: 4.383 Thread 0x0000017ba6ce0800 nmethod 6254 0x0000017b977c1110 code [0x0000017b977c1480, 0x0000017b977c3420]
Event: 4.384 Thread 0x0000017ba6ce0800 6255       4       org.jetbrains.kotlin.resolve.OverrideResolver$Companion::getRelevantDirectlyOverridden (68 bytes)
Event: 4.384 Thread 0x0000017ba6aff000 6270       2       javaslang.collection.HashMap::get (11 bytes)
Event: 4.384 Thread 0x0000017ba6aff000 nmethod 6270 0x0000017b90e46610 code [0x0000017b90e467c0, 0x0000017b90e468e8]
Event: 4.384 Thread 0x0000017ba6aff000 6271       2       javaslang.collection.HashArrayMappedTrieModule$AbstractNode::get (11 bytes)
Event: 4.384 Thread 0x0000017ba6aff000 nmethod 6271 0x0000017b90e46990 code [0x0000017b90e46b60, 0x0000017b90e46cd8]
Event: 4.388 Thread 0x0000017ba6aff000 6272       2       javaslang.control.Option::getOrElse (20 bytes)
Event: 4.388 Thread 0x0000017ba6aff000 nmethod 6272 0x0000017b90e46d90 code [0x0000017b90e46f60, 0x0000017b90e470d8]

GC Heap History (18 events):
Event: 0.429 GC heap before
{Heap before GC invocations=0 (full 0):
 garbage-first heap   total 131072K, used 27648K [0x0000000081c00000, 0x0000000100000000)
  region size 1024K, 24 young (24576K), 0 survivors (0K)
 Metaspace       used 12313K, capacity 12405K, committed 12544K, reserved 1060864K
  class space    used 1157K, capacity 1174K, committed 1280K, reserved 1048576K
}
Event: 0.432 GC heap after
{Heap after GC invocations=1 (full 0):
 garbage-first heap   total 131072K, used 5678K [0x0000000081c00000, 0x0000000100000000)
  region size 1024K, 3 young (3072K), 3 survivors (3072K)
 Metaspace       used 12313K, capacity 12405K, committed 12544K, reserved 1060864K
  class space    used 1157K, capacity 1174K, committed 1280K, reserved 1048576K
}
Event: 0.901 GC heap before
{Heap before GC invocations=1 (full 0):
 garbage-first heap   total 131072K, used 42542K [0x0000000081c00000, 0x0000000100000000)
  region size 1024K, 40 young (40960K), 3 survivors (3072K)
 Metaspace       used 20986K, capacity 21183K, committed 21248K, reserved 1069056K
  class space    used 2214K, capacity 2289K, committed 2304K, reserved 1048576K
}
Event: 0.911 GC heap after
{Heap after GC invocations=2 (full 0):
 garbage-first heap   total 131072K, used 9661K [0x0000000081c00000, 0x0000000100000000)
  region size 1024K, 7 young (7168K), 7 survivors (7168K)
 Metaspace       used 20986K, capacity 21183K, committed 21248K, reserved 1069056K
  class space    used 2214K, capacity 2289K, committed 2304K, reserved 1048576K
}
Event: 1.533 GC heap before
{Heap before GC invocations=3 (full 0):
 garbage-first heap   total 131072K, used 69053K [0x0000000081c00000, 0x0000000100000000)
  region size 1024K, 57 young (58368K), 7 survivors (7168K)
 Metaspace       used 30912K, capacity 31386K, committed 31488K, reserved 1077248K
  class space    used 3640K, capacity 3809K, committed 3840K, reserved 1048576K
}
Event: 1.550 GC heap after
{Heap after GC invocations=4 (full 0):
 garbage-first heap   total 131072K, used 22849K [0x0000000081c00000, 0x0000000100000000)
  region size 1024K, 8 young (8192K), 8 survivors (8192K)
 Metaspace       used 30912K, capacity 31386K, committed 31488K, reserved 1077248K
  class space    used 3640K, capacity 3809K, committed 3840K, reserved 1048576K
}
Event: 1.630 GC heap before
{Heap before GC invocations=4 (full 0):
 garbage-first heap   total 131072K, used 32065K [0x0000000081c00000, 0x0000000100000000)
  region size 1024K, 13 young (13312K), 8 survivors (8192K)
 Metaspace       used 31368K, capacity 31804K, committed 32128K, reserved 1077248K
  class space    used 3682K, capacity 3841K, committed 3968K, reserved 1048576K
}
Event: 1.637 GC heap after
{Heap after GC invocations=5 (full 0):
 garbage-first heap   total 131072K, used 25983K [0x0000000081c00000, 0x0000000100000000)
  region size 1024K, 1 young (1024K), 1 survivors (1024K)
 Metaspace       used 31368K, capacity 31804K, committed 32128K, reserved 1077248K
  class space    used 3682K, capacity 3841K, committed 3968K, reserved 1048576K
}
Event: 1.807 GC heap before
{Heap before GC invocations=5 (full 0):
 garbage-first heap   total 131072K, used 41343K [0x0000000081c00000, 0x0000000100000000)
  region size 1024K, 17 young (17408K), 1 survivors (1024K)
 Metaspace       used 35185K, capacity 35653K, committed 35840K, reserved 1081344K
  class space    used 4320K, capacity 4484K, committed 4608K, reserved 1048576K
}
Event: 1.810 GC heap after
{Heap after GC invocations=6 (full 0):
 garbage-first heap   total 161792K, used 26398K [0x0000000081c00000, 0x0000000100000000)
  region size 1024K, 2 young (2048K), 2 survivors (2048K)
 Metaspace       used 35185K, capacity 35653K, committed 35840K, reserved 1081344K
  class space    used 4320K, capacity 4484K, committed 4608K, reserved 1048576K
}
Event: 2.563 GC heap before
{Heap before GC invocations=7 (full 0):
 garbage-first heap   total 161792K, used 81694K [0x0000000081c00000, 0x0000000100000000)
  region size 1024K, 56 young (57344K), 2 survivors (2048K)
 Metaspace       used 46645K, capacity 47217K, committed 47488K, reserved 1091584K
  class space    used 5484K, capacity 5685K, committed 5760K, reserved 1048576K
}
Event: 2.573 GC heap after
{Heap after GC invocations=8 (full 0):
 garbage-first heap   total 161792K, used 31711K [0x0000000081c00000, 0x0000000100000000)
  region size 1024K, 7 young (7168K), 7 survivors (7168K)
 Metaspace       used 46645K, capacity 47217K, committed 47488K, reserved 1091584K
  class space    used 5484K, capacity 5685K, committed 5760K, reserved 1048576K
}
Event: 3.150 GC heap before
{Heap before GC invocations=8 (full 0):
 garbage-first heap   total 161792K, used 92127K [0x0000000081c00000, 0x0000000100000000)
  region size 1024K, 65 young (66560K), 7 survivors (7168K)
 Metaspace       used 50166K, capacity 50766K, committed 50944K, reserved 1093632K
  class space    used 5814K, capacity 6027K, committed 6144K, reserved 1048576K
}
Event: 3.163 GC heap after
{Heap after GC invocations=9 (full 0):
 garbage-first heap   total 161792K, used 38696K [0x0000000081c00000, 0x0000000100000000)
  region size 1024K, 7 young (7168K), 7 survivors (7168K)
 Metaspace       used 50166K, capacity 50766K, committed 50944K, reserved 1093632K
  class space    used 5814K, capacity 6027K, committed 6144K, reserved 1048576K
}
Event: 4.127 GC heap before
{Heap before GC invocations=9 (full 0):
 garbage-first heap   total 161792K, used 99112K [0x0000000081c00000, 0x0000000100000000)
  region size 1024K, 66 young (67584K), 7 survivors (7168K)
 Metaspace       used 54533K, capacity 55212K, committed 55424K, reserved 1097728K
  class space    used 6218K, capacity 6477K, committed 6528K, reserved 1048576K
}
Event: 4.146 GC heap after
{Heap after GC invocations=10 (full 0):
 garbage-first heap   total 161792K, used 48761K [0x0000000081c00000, 0x0000000100000000)
  region size 1024K, 9 young (9216K), 9 survivors (9216K)
 Metaspace       used 54533K, capacity 55212K, committed 55424K, reserved 1097728K
  class space    used 6218K, capacity 6477K, committed 6528K, reserved 1048576K
}
Event: 4.306 GC heap before
{Heap before GC invocations=10 (full 0):
 garbage-first heap   total 161792K, used 107129K [0x0000000081c00000, 0x0000000100000000)
  region size 1024K, 66 young (67584K), 9 survivors (9216K)
 Metaspace       used 54809K, capacity 55529K, committed 55680K, reserved 1097728K
  class space    used 6240K, capacity 6517K, committed 6528K, reserved 1048576K
}
Event: 4.318 GC heap after
{Heap after GC invocations=11 (full 0):
 garbage-first heap   total 161792K, used 50688K [0x0000000081c00000, 0x0000000100000000)
  region size 1024K, 2 young (2048K), 2 survivors (2048K)
 Metaspace       used 54809K, capacity 55529K, committed 55680K, reserved 1097728K
  class space    used 6240K, capacity 6517K, committed 6528K, reserved 1048576K
}

Deoptimization events (20 events):
Event: 4.200 Thread 0x0000017b8c05e000 Uncommon trap: trap_request=0xffffffc6 fr.pc=0x0000017b977a7014 relative=0x0000000000000d74
Event: 4.200 Thread 0x0000017b8c05e000 Uncommon trap: reason=bimorphic_or_optimized_type_check action=maybe_recompile pc=0x0000017b977a7014 method=org.jetbrains.kotlin.resolve.lazy.descriptors.LazyClassMemberScope.resolveUnknownVisibilitiesForMembers(Ljava/util/Collection;)V @ 1 c2
Event: 4.200 Thread 0x0000017b8c05e000 DEOPT PACKING pc=0x0000017b977a7014 sp=0x00000063fc7fe490
Event: 4.200 Thread 0x0000017b8c05e000 DEOPT UNPACKING pc=0x0000017b8fa074af sp=0x00000063fc7fe3e8 mode 2
Event: 4.200 Thread 0x0000017b8c05e000 Uncommon trap: trap_request=0xffffffc6 fr.pc=0x0000017b977a7014 relative=0x0000000000000d74
Event: 4.200 Thread 0x0000017b8c05e000 Uncommon trap: reason=bimorphic_or_optimized_type_check action=maybe_recompile pc=0x0000017b977a7014 method=org.jetbrains.kotlin.resolve.lazy.descriptors.LazyClassMemberScope.resolveUnknownVisibilitiesForMembers(Ljava/util/Collection;)V @ 1 c2
Event: 4.200 Thread 0x0000017b8c05e000 DEOPT PACKING pc=0x0000017b977a7014 sp=0x00000063fc7fe490
Event: 4.200 Thread 0x0000017b8c05e000 DEOPT UNPACKING pc=0x0000017b8fa074af sp=0x00000063fc7fe3e8 mode 2
Event: 4.372 Thread 0x0000017b8c05e000 Uncommon trap: trap_request=0xffffff4d fr.pc=0x0000017b9751496c relative=0x000000000000004c
Event: 4.372 Thread 0x0000017b8c05e000 Uncommon trap: reason=unstable_if action=reinterpret pc=0x0000017b9751496c method=kotlin.jvm.internal.Intrinsics.areEqual(Ljava/lang/Object;Ljava/lang/Object;)Z @ 5 c2
Event: 4.372 Thread 0x0000017b8c05e000 DEOPT PACKING pc=0x0000017b9751496c sp=0x00000063fc7fc060
Event: 4.372 Thread 0x0000017b8c05e000 DEOPT UNPACKING pc=0x0000017b8fa074af sp=0x00000063fc7fbff0 mode 2
Event: 4.376 Thread 0x0000017b8c05e000 Uncommon trap: trap_request=0xffffff4d fr.pc=0x0000017b976e2f8c relative=0x00000000000000ec
Event: 4.376 Thread 0x0000017b8c05e000 Uncommon trap: reason=unstable_if action=reinterpret pc=0x0000017b976e2f8c method=org.jetbrains.kotlin.com.intellij.util.keyFMap.ArrayBackedFMap.indexOf(I)I @ 8 c2
Event: 4.376 Thread 0x0000017b8c05e000 DEOPT PACKING pc=0x0000017b976e2f8c sp=0x00000063fc7fc330
Event: 4.376 Thread 0x0000017b8c05e000 DEOPT UNPACKING pc=0x0000017b8fa074af sp=0x00000063fc7fc2a8 mode 2
Event: 4.391 Thread 0x0000017b8c05e000 Uncommon trap: trap_request=0xffffffc6 fr.pc=0x0000017b9770cfb4 relative=0x00000000000000f4
Event: 4.391 Thread 0x0000017b8c05e000 Uncommon trap: reason=bimorphic_or_optimized_type_check action=maybe_recompile pc=0x0000017b9770cfb4 method=org.jetbrains.kotlin.com.intellij.psi.impl.source.tree.CompositeElement.findChildByType(Lorg/jetbrains/kotlin/com/intellij/psi/tree/IElementType;)L
Event: 4.391 Thread 0x0000017b8c05e000 DEOPT PACKING pc=0x0000017b9770cfb4 sp=0x00000063fc7fd050
Event: 4.391 Thread 0x0000017b8c05e000 DEOPT UNPACKING pc=0x0000017b8fa074af sp=0x00000063fc7fcfe8 mode 2

Classes redefined (0 events):
No events

Internal exceptions (20 events):
Event: 1.113 Thread 0x0000017b8c05e000 Exception <a 'java/lang/NoSuchMethodError'{0x0000000088a0d170}: 'void java.lang.invoke.DirectMethodHandle$Holder.invokeStatic(java.lang.Object, java.lang.Object, java.lang.Object, java.lang.Object)'> (0x0000000088a0d170) thrown at [./src/hotspot/share/interpreter/linkResolver.cpp, line 773]
Event: 1.126 Thread 0x0000017b8c05e000 Exception <a 'java/lang/NoSuchMethodError'{0x000000008895e718}: 'void java.lang.invoke.DirectMethodHandle$Holder.invokeSpecial(java.lang.Object, java.lang.Object)'> (0x000000008895e718) thrown at [./src/hotspot/share/interpreter/linkResolver.cpp, line 773]
Event: 1.152 Thread 0x0000017b8c05e000 Exception <a 'java/lang/NoSuchMethodError'{0x000000008860b448}: 'void java.lang.invoke.DirectMethodHandle$Holder.invokeStaticInit(java.lang.Object, java.lang.Object)'> (0x000000008860b448) thrown at [./src/hotspot/share/interpreter/linkResolver.cpp, line 773]
Event: 1.157 Thread 0x0000017b8c05e000 Exception <a 'java/lang/NoSuchMethodError'{0x0000000088649b60}: 'void java.lang.invoke.DirectMethodHandle$Holder.invokeInterface(java.lang.Object, java.lang.Object)'> (0x0000000088649b60) thrown at [./src/hotspot/share/interpreter/linkResolver.cpp, line 773]
Event: 1.219 Thread 0x0000017b8c05e000 Exception <a 'java/lang/NoSuchMethodError'{0x0000000088156688}: 'void java.lang.invoke.DirectMethodHandle$Holder.invokeVirtual(java.lang.Object, java.lang.Object)'> (0x0000000088156688) thrown at [./src/hotspot/share/interpreter/linkResolver.cpp, line 773]
Event: 1.226 Thread 0x0000017b8c05e000 Exception <a 'java/lang/NoSuchMethodError'{0x00000000881ce1c0}: 'int java.lang.invoke.DirectMethodHandle$Holder.invokeVirtual(java.lang.Object, java.lang.Object)'> (0x00000000881ce1c0) thrown at [./src/hotspot/share/interpreter/linkResolver.cpp, line 773]
Event: 1.811 Thread 0x0000017b8c05e000 Exception <a 'java/lang/NoSuchMethodError'{0x000000008b908660}: 'java.lang.Object java.lang.invoke.DirectMethodHandle$Holder.invokeVirtual(java.lang.Object, java.lang.Object, java.lang.Object)'> (0x000000008b908660) thrown at [./src/hotspot/share/interpreter/linkResolver.cpp, line 773]
Event: 2.242 Thread 0x0000017b8c05e000 Exception <a 'java/lang/NoSuchMethodError'{0x00000000894a4f68}: 'java.lang.Object java.lang.invoke.Invokers$Holder.linkToTargetMethod(java.lang.Object, int, java.lang.Object)'> (0x00000000894a4f68) thrown at [./src/hotspot/share/interpreter/linkResolver.cpp, line 773]
Event: 2.372 Thread 0x0000017b8c05e000 Exception <a 'java/lang/NoSuchMethodError'{0x0000000088f30ef8}: 'java.lang.Object java.lang.invoke.DirectMethodHandle$Holder.invokeStatic(java.lang.Object, java.lang.Object, java.lang.Object, int)'> (0x0000000088f30ef8) thrown at [./src/hotspot/share/interpreter/linkResolver.cpp, line 773]
Event: 2.373 Thread 0x0000017b8c05e000 Exception <a 'java/lang/NoSuchMethodError'{0x0000000088f34b68}: 'java.lang.Object java.lang.invoke.DirectMethodHandle$Holder.invokeSpecial(java.lang.Object, java.lang.Object, java.lang.Object, java.lang.Object, int)'> (0x0000000088f34b68) thrown at [./src/hotspot/share/interpreter/linkResolver.cpp, line 773]
Event: 2.373 Thread 0x0000017b8c05e000 Exception <a 'java/lang/NoSuchMethodError'{0x0000000088f37e78}: 'java.lang.Object java.lang.invoke.Invokers$Holder.linkToTargetMethod(java.lang.Object, java.lang.Object, int, java.lang.Object)'> (0x0000000088f37e78) thrown at [./src/hotspot/share/interpreter/linkResolver.cpp, line 773]
Event: 3.074 Thread 0x0000017b8c05e000 Implicit null exception at 0x0000017b976ad7f5 to 0x0000017b976ae074
Event: 3.074 Thread 0x0000017b8c05e000 Implicit null exception at 0x0000017b9769742f to 0x0000017b9769745c
Event: 3.239 Thread 0x0000017b8c05e000 Exception <a 'java/lang/NoSuchMethodError'{0x000000008b54a728}: 'java.lang.Object java.lang.invoke.DirectMethodHandle$Holder.invokeSpecial(java.lang.Object, java.lang.Object, java.lang.Object, java.lang.Object, java.lang.Object, int)'> (0x000000008b54a728) thrown at [./src/hotspot/share/interpreter/linkResolver.cpp, line 773]
Event: 3.239 Thread 0x0000017b8c05e000 Exception <a 'java/lang/NoSuchMethodError'{0x000000008b54e570}: 'java.lang.Object java.lang.invoke.Invokers$Holder.linkToTargetMethod(java.lang.Object, java.lang.Object, java.lang.Object, int, java.lang.Object)'> (0x000000008b54e570) thrown at [./src/hotspot/share/interpreter/linkResolver.cpp, line 773]
Event: 3.465 Thread 0x0000017b8c05e000 Exception <a 'java/lang/NoSuchMethodError'{0x000000008ae0acb8}: 'java.lang.Object java.lang.invoke.DirectMethodHandle$Holder.invokeSpecial(java.lang.Object, java.lang.Object, java.lang.Object, java.lang.Object, java.lang.Object, java.lang.Object, java.lang.Object, java.lang.Object, java.lang.Object)'> (0x000000008ae0acb8) thrown at [./src/hotspot/share/interpreter/linkResolver.cpp, line 773]
Event: 3.465 Thread 0x0000017b8c05e000 Exception <a 'java/lang/NoSuchMethodError'{0x000000008ae0eeb0}: 'java.lang.Object java.lang.invoke.Invokers$Holder.linkToTargetMethod(java.lang.Object, java.lang.Object, java.lang.Object, java.lang.Object, java.lang.Object, java.lang.Object, java.lang.Object, java.lang.Object)'> (0x000000008ae0eeb0) thrown at [./src/hotspot/share/interpreter/linkResolver.cpp, line 773]
Event: 3.573 Thread 0x0000017b8c05e000 Exception <a 'java/lang/NoSuchMethodError'{0x000000008a91b4f0}: 'java.lang.Object java.lang.invoke.DirectMethodHandle$Holder.invokeStaticInit(java.lang.Object, java.lang.Object, java.lang.Object)'> (0x000000008a91b4f0) thrown at [./src/hotspot/share/interpreter/linkResolver.cpp, line 773]
Event: 4.170 Thread 0x0000017b8c05e000 Exception <a 'java/lang/NoSuchMethodError'{0x000000008b6658b0}: 'int java.lang.invoke.DirectMethodHandle$Holder.invokeInterface(java.lang.Object, java.lang.Object)'> (0x000000008b6658b0) thrown at [./src/hotspot/share/interpreter/linkResolver.cpp, line 773]
Event: 4.329 Thread 0x0000017b8c05e000 Exception <a 'java/lang/NoSuchMethodError'{0x000000008b7d3b40}: 'java.lang.Object java.lang.invoke.Invokers$Holder.linkToTargetMethod(java.lang.Object, java.lang.Object, java.lang.Object, java.lang.Object, java.lang.Object, java.lang.Object)'> (0x000000008b7d3b40) thrown at [./src/hotspot/share/interpreter/linkResolver.cpp, line 773]

Events (20 events):
Event: 4.389 loading class javaslang/Tuple2
Event: 4.389 loading class javaslang/Tuple2 done
Event: 4.390 loading class javaslang/Tuple
Event: 4.390 loading class javaslang/Tuple done
Event: 4.390 loading class javaslang/Tuple2
Event: 4.390 loading class javaslang/Tuple2 done
Event: 4.390 loading class org/jetbrains/kotlin/resolve/scopes/receivers/QualifierReceiverKt
Event: 4.390 loading class org/jetbrains/kotlin/resolve/scopes/receivers/QualifierReceiverKt done
Event: 4.390 loading class org/jetbrains/kotlin/resolve/calls/tower/ExpressionKotlinCallArgumentImpl
Event: 4.390 loading class org/jetbrains/kotlin/resolve/calls/tower/ExpressionKotlinCallArgumentImpl done
Event: 4.391 loading class org/jetbrains/kotlin/resolve/calls/model/ExpressionKotlinCallArgument
Event: 4.391 loading class org/jetbrains/kotlin/resolve/calls/model/ExpressionKotlinCallArgument done
Event: 4.391 loading class org/jetbrains/kotlin/resolve/calls/tower/SimplePSIKotlinCallArgument
Event: 4.391 loading class org/jetbrains/kotlin/resolve/calls/tower/SimplePSIKotlinCallArgument done
Event: 4.392 loading class org/jetbrains/kotlin/parsing/KotlinWhitespaceAndCommentsBindersKt
Event: 4.392 loading class org/jetbrains/kotlin/parsing/KotlinWhitespaceAndCommentsBindersKt done
Event: 4.392 loading class org/jetbrains/kotlin/parsing/AllCommentsBinder
Event: 4.392 loading class org/jetbrains/kotlin/parsing/AllCommentsBinder done
Event: 4.392 loading class org/jetbrains/kotlin/parsing/BindAll
Event: 4.392 loading class org/jetbrains/kotlin/parsing/BindAll done


Dynamic libraries:
0x00007ff7e0290000 - 0x00007ff7e029a000 	C:\Users\Dark Knight\Desktop\Android Studio\jre\bin\java.exe
0x00007fface0c0000 - 0x00007fface2c9000 	C:\WINDOWS\SYSTEM32\ntdll.dll
0x00007ffaccbd0000 - 0x00007ffaccc8d000 	C:\WINDOWS\System32\KERNEL32.DLL
0x00007ffacb7a0000 - 0x00007ffacbb14000 	C:\WINDOWS\System32\KERNELBASE.dll
0x00007ffacb5b0000 - 0x00007ffacb6c1000 	C:\WINDOWS\System32\ucrtbase.dll
0x00007ffab8a00000 - 0x00007ffab8a19000 	C:\Users\Dark Knight\Desktop\Android Studio\jre\bin\jli.dll
0x00007ffaa27b0000 - 0x00007ffaa27c7000 	C:\Users\Dark Knight\Desktop\Android Studio\jre\bin\VCRUNTIME140.dll
0x00007ffacde00000 - 0x00007ffacdfac000 	C:\WINDOWS\System32\USER32.dll
0x00007ffacb770000 - 0x00007ffacb796000 	C:\WINDOWS\System32\win32u.dll
0x00007ffab3f80000 - 0x00007ffab4225000 	C:\WINDOWS\WinSxS\amd64_microsoft.windows.common-controls_6595b64144ccf1df_6.0.22000.120_none_9d947278b86cc467\COMCTL32.dll
0x00007ffaccc90000 - 0x00007ffacccb9000 	C:\WINDOWS\System32\GDI32.dll
0x00007ffaccb20000 - 0x00007ffaccbc3000 	C:\WINDOWS\System32\msvcrt.dll
0x00007ffacbdd0000 - 0x00007ffacbee2000 	C:\WINDOWS\System32\gdi32full.dll
0x00007ffacb6d0000 - 0x00007ffacb76d000 	C:\WINDOWS\System32\msvcp_win.dll
0x00007ffaccad0000 - 0x00007ffaccb01000 	C:\WINDOWS\System32\IMM32.DLL
0x00007ffa74880000 - 0x00007ffa7491d000 	C:\Users\Dark Knight\Desktop\Android Studio\jre\bin\msvcp140.dll
0x00007ffa47cc0000 - 0x00007ffa4877c000 	C:\Users\Dark Knight\Desktop\Android Studio\jre\bin\server\jvm.dll
0x00007ffacc600000 - 0x00007ffacc6ae000 	C:\WINDOWS\System32\ADVAPI32.dll
0x00007ffacc480000 - 0x00007ffacc51e000 	C:\WINDOWS\System32\sechost.dll
0x00007ffacc870000 - 0x00007ffacc990000 	C:\WINDOWS\System32\RPCRT4.dll
0x00007fface060000 - 0x00007fface068000 	C:\WINDOWS\System32\PSAPI.DLL
0x00007ffab6110000 - 0x00007ffab6119000 	C:\WINDOWS\SYSTEM32\WSOCK32.dll
0x00007ffac4c90000 - 0x00007ffac4cc3000 	C:\WINDOWS\SYSTEM32\WINMM.dll
0x00007ffacdaa0000 - 0x00007ffacdb0f000 	C:\WINDOWS\System32\WS2_32.dll
0x00007ffac4200000 - 0x00007ffac420a000 	C:\WINDOWS\SYSTEM32\VERSION.dll
0x00007ffaca7a0000 - 0x00007ffaca7b8000 	C:\WINDOWS\SYSTEM32\kernel.appcore.dll
0x00007ffabb190000 - 0x00007ffabb1a1000 	C:\Users\Dark Knight\Desktop\Android Studio\jre\bin\verify.dll
0x00007ffac9140000 - 0x00007ffac9361000 	C:\WINDOWS\SYSTEM32\DBGHELP.DLL
0x00007ffab8cd0000 - 0x00007ffab8d01000 	C:\WINDOWS\SYSTEM32\dbgcore.DLL
0x00007ffacbbe0000 - 0x00007ffacbc5f000 	C:\WINDOWS\System32\bcryptPrimitives.dll
0x00007ffabac00000 - 0x00007ffabac29000 	C:\Users\Dark Knight\Desktop\Android Studio\jre\bin\java.dll
0x00007ffac5a90000 - 0x00007ffac5a9b000 	C:\Users\Dark Knight\Desktop\Android Studio\jre\bin\jimage.dll
0x00007ffababe0000 - 0x00007ffababf8000 	C:\Users\Dark Knight\Desktop\Android Studio\jre\bin\zip.dll
0x00007ffacccc0000 - 0x00007ffacd46e000 	C:\WINDOWS\System32\SHELL32.dll
0x00007ffac9730000 - 0x00007ffac9f97000 	C:\WINDOWS\SYSTEM32\windows.storage.dll
0x00007ffacbf60000 - 0x00007ffacc2d8000 	C:\WINDOWS\System32\combase.dll
0x00007ffac95c0000 - 0x00007ffac9726000 	C:\WINDOWS\SYSTEM32\wintypes.dll
0x00007ffacd9b0000 - 0x00007ffacda9a000 	C:\WINDOWS\System32\SHCORE.dll
0x00007ffacc5a0000 - 0x00007ffacc5fd000 	C:\WINDOWS\System32\shlwapi.dll
0x00007ffacb4e0000 - 0x00007ffacb501000 	C:\WINDOWS\SYSTEM32\profapi.dll
0x00007ffabaab0000 - 0x00007ffabaaca000 	C:\Users\Dark Knight\Desktop\Android Studio\jre\bin\net.dll
0x00007ffac42e0000 - 0x00007ffac43ec000 	C:\WINDOWS\SYSTEM32\WINHTTP.dll
0x00007ffacabd0000 - 0x00007ffacac37000 	C:\WINDOWS\system32\mswsock.dll
0x00007ffabaa90000 - 0x00007ffabaaa4000 	C:\Users\Dark Knight\Desktop\Android Studio\jre\bin\nio.dll

dbghelp: loaded successfully - version: 4.0.5 - missing functions: none
symbol engine: initialized successfully - sym options: 0x614 - pdb path: .;C:\Users\Dark Knight\Desktop\Android Studio\jre\bin;C:\WINDOWS\SYSTEM32;C:\WINDOWS\WinSxS\amd64_microsoft.windows.common-controls_6595b64144ccf1df_6.0.22000.120_none_9d947278b86cc467;C:\Users\Dark Knight\Desktop\Android Studio\jre\bin\server

VM Arguments:
java_command: org.jetbrains.kotlin.cli.jvm.K2JVMCompiler @C:\Android Projects\Projemanag\app\build\20220215_13192879835397972232.compiler.options
java_class_path (initial): C:\Users\Dark Knight\.gradle\caches\modules-2\files-2.1\org.jetbrains.kotlin\kotlin-compiler-embeddable\1.5.31\cc18c29253541dc57c25c3ef514d63c7953ae1a6\kotlin-compiler-embeddable-1.5.31.jar;C:\Users\Dark Knight\.gradle\caches\modules-2\files-2.1\org.jetbrains.kotlin\kotlin-reflect\1.5.31\1523fcd842a47da0820cea772b19c51056fec8a9\kotlin-reflect-1.5.31.jar;C:\Users\Dark Knight\.gradle\caches\modules-2\files-2.1\org.jetbrains.kotlin\kotlin-stdlib\1.5.31\6628d61d0f5603568e72d2d5915d2c034b4f1c55\kotlin-stdlib-1.5.31.jar;C:\Users\Dark Knight\.gradle\caches\modules-2\files-2.1\org.jetbrains.kotlin\kotlin-script-runtime\1.5.31\aaea854be2cfc06373dfc11be5a6ba9ca5ca84a6\kotlin-script-runtime-1.5.31.jar;C:\Users\Dark Knight\.gradle\caches\modules-2\files-2.1\org.jetbrains.kotlin\kotlin-daemon-embeddable\1.5.31\d19b549661e28c62781683dc7c7e34bf416974f1\kotlin-daemon-embeddable-1.5.31.jar;C:\Users\Dark Knight\.gradle\caches\modules-2\files-2.1\org.jetbrains.intellij.deps\trove4j\1.0.20181211\216c2e14b070f334479d800987affe4054cd563f\trove4j-1.0.20181211.jar;C:\Users\Dark Knight\.gradle\caches\modules-2\files-2.1\org.jetbrains\annotations\13.0\919f0dfe192fb4e063e7dacadee7f8bb9a2672a9\annotations-13.0.jar;C:\Users\Dark Knight\.gradle\caches\modules-2\files-2.1\org.jetbrains.kotlin\kotlin-stdlib-common\1.5.31\43331609c7de811fed085e0dfd150874b157c32\kotlin-stdlib-common-1.5.31.jar
Launcher Type: SUN_STANDARD

[Global flags]
     intx CICompilerCount                          = 4                                         {product} {ergonomic}
     uint ConcGCThreads                            = 2                                         {product} {ergonomic}
     uint G1ConcRefinementThreads                  = 8                                         {product} {ergonomic}
   size_t G1HeapRegionSize                         = 1048576                                   {product} {ergonomic}
    uintx GCDrainStackTargetSize                   = 64                                        {product} {ergonomic}
   size_t InitialHeapSize                          = 134217728                                 {product} {ergonomic}
   size_t MarkStackSize                            = 4194304                                   {product} {ergonomic}
   size_t MaxHeapSize                              = 2118123520                                {product} {ergonomic}
   size_t MaxNewSize                               = 1270874112                                {product} {ergonomic}
   size_t MinHeapDeltaBytes                        = 1048576                                   {product} {ergonomic}
    uintx NonNMethodCodeHeapSize                   = 5836300                                {pd product} {ergonomic}
    uintx NonProfiledCodeHeapSize                  = 122910970                              {pd product} {ergonomic}
    uintx ProfiledCodeHeapSize                     = 122910970                              {pd product} {ergonomic}
    uintx ReservedCodeCacheSize                    = 251658240                              {pd product} {ergonomic}
     bool SegmentedCodeCache                       = true                                      {product} {ergonomic}
     bool UseCompressedClassPointers               = true                                 {lp64_product} {ergonomic}
     bool UseCompressedOops                        = true                                 {lp64_product} {ergonomic}
     bool UseG1GC                                  = true                                      {product} {ergonomic}
     bool UseLargePagesIndividualAllocation        = false                                  {pd product} {ergonomic}

Logging:
Log output configuration:
 #0: stdout all=warning uptime,level,tags
 #1: stderr all=off uptime,level,tags

Environment Variables:
PATH=C:\Windows\system32;C:\Windows;C:\Windows\System32\Wbem;C:\Windows\System32\WindowsPowerShell\v1.0\;C:\Windows\System32\OpenSSH\;C:\Program Files (x86)\NVIDIA Corporation\PhysX\Common;C:\Program Files\NVIDIA Corporation\NVIDIA NvDLISR;C:\WINDOWS\system32;C:\WINDOWS;C:\WINDOWS\System32\Wbem;C:\WINDOWS\System32\WindowsPowerShell\v1.0\;C:\WINDOWS\System32\OpenSSH\;C:\MinGW\bin;C:\Program Files\MEGA-X;C:\WINDOWS\system32;C:\WINDOWS;C:\WINDOWS\System32\Wbem;C:\WINDOWS\System32\WindowsPowerShell\v1.0\;C:\WINDOWS\System32\OpenSSH\;C:\Users\Dark Knight\AppData\Local\Microsoft\WindowsApps;C:\Users\Dark Knight\AppData\Local\atom\bin;C:\MinGW\bin;C:\Program Files (x86)\Microsoft Visual Studio\2019\BuildTools\MSBuild\Current\Bin;C:\Users\Dark Knight\AppData\Local\Microsoft\WindowsApps;
USERNAME=Dark Knight
OS=Windows_NT
PROCESSOR_IDENTIFIER=Intel64 Family 6 Model 158 Stepping 10, GenuineIntel



---------------  S Y S T E M  ---------------

OS: Windows 10 , 64 bit Build 22000 (10.0.22000.434)
OS uptime: 0 days 22:43 hours

CPU:total 8 (initial active 8) (4 cores per cpu, 2 threads per core) family 6 model 158 stepping 10, cmov, cx8, fxsr, mmx, sse, sse2, sse3, ssse3, sse4.1, sse4.2, popcnt, avx, avx2, aes, clmul, erms, 3dnowpref, lzcnt, ht, tsc, tscinvbit, bmi1, bmi2, adx, fma

Memory: 4k page, system-wide physical 8072M (520M free)
TotalPageFile size 12168M (AvailPageFile size 5M)
current process WorkingSet (physical memory assigned to process): 338M, peak: 338M
current process commit charge ("private bytes"): 395M, peak: 397M

vm_info: OpenJDK 64-Bit Server VM (11.0.8+10-b944.6842174) for windows-amd64 JRE (11.0.8+10-b944.6842174), built on Sep 19 2020 01:11:42 by "builder" with MS VC++ 14.0 (VS2015)

END.
