#
# There is insufficient memory for the Java Runtime Environment to continue.
# Native memory allocation (mmap) failed to map 56623104 bytes for Failed to commit area from 0x000000008b600000 to 0x000000008ec00000 of length 56623104.
# Possible reasons:
#   The system is out of physical RAM or swap space
#   The process is running with CompressedOops enabled, and the Java Heap may be blocking the growth of the native heap
# Possible solutions:
#   Reduce memory load on the system
#   Increase physical memory or swap space
#   Check if swap backing store is full
#   Decrease Java heap size (-Xmx/-Xms)
#   Decrease number of Java threads
#   Decrease Java thread stack sizes (-Xss)
#   Set larger code cache with -XX:ReservedCodeCacheSize=
#   JVM is running with Unscaled Compressed Oops mode in which the Java heap is
#     placed in the first 4GB address space. The Java Heap base address is the
#     maximum limit for the native heap growth. Please use -XX:HeapBaseMinAddress
#     to set the Java Heap base and to place the Java Heap above 4GB virtual address.
# This output file may be truncated or incomplete.
#
#  Out of Memory Error (./src/hotspot/os/windows/os_windows.cpp:3303), pid=2576, tid=11180
#
# JRE version: OpenJDK Runtime Environment (11.0.8+10) (build 11.0.8+10-b944.6842174)
# Java VM: OpenJDK 64-Bit Server VM (11.0.8+10-b944.6842174, mixed mode, tiered, compressed oops, g1 gc, windows-amd64)
# No core dump will be written. Minidumps are not enabled by default on client versions of Windows
#

---------------  S U M M A R Y ------------

Command Line: org.jetbrains.kotlin.cli.jvm.K2JVMCompiler @C:\Android Projects\Projemanag\app\build\20220215_1408207405464959425.compiler.options

Host: Intel(R) Core(TM) i5-9300H CPU @ 2.40GHz, 8 cores, 7G,  Windows 10 , 64 bit Build 22000 (10.0.22000.434)
Time: Tue Feb 15 20:21:14 2022 India Standard Time elapsed time: 6 seconds (0d 0h 0m 6s)

---------------  T H R E A D  ---------------

Current thread (0x000002087f3e8800):  VMThread "VM Thread" [stack: 0x000000bad9500000,0x000000bad9600000] [id=11180]

Stack: [0x000000bad9500000,0x000000bad9600000]
[error occurred during error reporting (printing stack bounds), id 0xc0000005, EXCEPTION_ACCESS_VIOLATION (0xc0000005) at pc=0x0000020800000dad]

Native frames: (J=compiled Java code, j=interpreted, Vv=VM code, C=native code)
V  [jvm.dll+0x5de50a]
V  [jvm.dll+0x7122f5]
V  [jvm.dll+0x71384d]
V  [jvm.dll+0x713e65]
V  [jvm.dll+0x713e1b]
V  [jvm.dll+0x5dd958]
V  [jvm.dll+0x5de0f8]
C  [ntdll.dll+0xa86ef]
C  [ntdll.dll+0x35aea]
C  [ntdll.dll+0xa76fe]
C  0x0000020800000dad

VM_Operation (0x000000bad8ffb550): G1CollectForAllocation, mode: safepoint, requested by thread 0x00000208741f3800


---------------  P R O C E S S  ---------------

Threads class SMR info:
_java_thread_list=0x000002080f203740, length=12, elements={
0x00000208741f3800, 0x000002087f40a800, 0x000002087f40b800, 0x000002087f42b000,
0x000002087f42c000, 0x000002087f42d000, 0x000002087f430800, 0x000002080f042800,
0x000002080f198800, 0x000002080f1a0800, 0x000002080f19e000, 0x000002080f201800
}

Java Threads: ( => current thread )
  0x00000208741f3800 JavaThread "main" [_thread_blocked, id=19948, stack(0x000000bad8f00000,0x000000bad9000000)]
  0x000002087f40a800 JavaThread "Reference Handler" daemon [_thread_blocked, id=12564, stack(0x000000bad9600000,0x000000bad9700000)]
  0x000002087f40b800 JavaThread "Finalizer" daemon [_thread_blocked, id=17388, stack(0x000000bad9700000,0x000000bad9800000)]
  0x000002087f42b000 JavaThread "Signal Dispatcher" daemon [_thread_blocked, id=15688, stack(0x000000bad9800000,0x000000bad9900000)]
  0x000002087f42c000 JavaThread "Attach Listener" daemon [_thread_blocked, id=20640, stack(0x000000bad9900000,0x000000bad9a00000)]
  0x000002087f42d000 JavaThread "C2 CompilerThread0" daemon [_thread_blocked, id=9080, stack(0x000000bad9a00000,0x000000bad9b00000)]
  0x000002087f430800 JavaThread "C1 CompilerThread0" daemon [_thread_blocked, id=21908, stack(0x000000bad9b00000,0x000000bad9c00000)]
  0x000002080f042800 JavaThread "Sweeper thread" daemon [_thread_blocked, id=13704, stack(0x000000bad9c00000,0x000000bad9d00000)]
  0x000002080f198800 JavaThread "Service Thread" daemon [_thread_blocked, id=4076, stack(0x000000bad9d00000,0x000000bad9e00000)]
  0x000002080f1a0800 JavaThread "Common-Cleaner" daemon [_thread_blocked, id=14984, stack(0x000000bad9f00000,0x000000bada000000)]
  0x000002080f19e000 JavaThread "C2 CompilerThread1" daemon [_thread_blocked, id=18036, stack(0x000000bada000000,0x000000bada100000)]
  0x000002080f201800 JavaThread "C2 CompilerThread2" daemon [_thread_in_native, id=1556, stack(0x000000bada100000,0x000000bada200000)]

Other Threads:
=>0x000002087f3e8800 VMThread "VM Thread" [stack: 0x000000bad9500000,0x000000bad9600000] [id=11180]
  0x000002080f1a4000 WatcherThread [stack: 0x000000bad9e00000,0x000000bad9f00000] [id=17496]
  0x000002087213b000 GCTaskThread "GC Thread#0" [stack: 0x000000bad9000000,0x000000bad9100000] [id=1184]
  0x000002080f813800 GCTaskThread "GC Thread#1" [stack: 0x000000bada200000,0x000000bada300000] [id=21876]
  0x000002080f814000 GCTaskThread "GC Thread#2" [stack: 0x000000bada300000,0x000000bada400000] [id=12484]
  0x0000020874236000 ConcurrentGCThread "G1 Main Marker" [stack: 0x000000bad9100000,0x000000bad9200000] [id=12276]
  0x0000020874238000 ConcurrentGCThread "G1 Conc#0" [stack: 0x000000bad9200000,0x000000bad9300000] [id=13488]
  0x000002080f818000 ConcurrentGCThread "G1 Conc#1" [stack: 0x000000bada400000,0x000000bada500000] [id=7996]
  0x00000208742c8800 ConcurrentGCThread "G1 Refine#0" [stack: 0x000000bad9300000,0x000000bad9400000] [id=13912]
  0x0000020814209800 ConcurrentGCThread "G1 Refine#1" [stack: 0x000000bada500000,0x000000bada600000] [id=13456]
  0x000002081420a000 ConcurrentGCThread "G1 Refine#2" [stack: 0x000000bada600000,0x000000bada700000] [id=21496]
  0x000002081420b000 ConcurrentGCThread "G1 Refine#3" [stack: 0x000000bada700000,0x000000bada800000] [id=9592]
  0x000002087f250800 ConcurrentGCThread "G1 Young RemSet Sampling" [stack: 0x000000bad9400000,0x000000bad9500000] [id=9616]

Threads with active compile tasks:
C2 CompilerThread0   6388 8951       4       org.jetbrains.kotlin.types.AbstractTypeChecker::collectAllSupertypesWithGivenTypeConstructor (633 bytes)
C2 CompilerThread1   6388 8923       4       org.jetbrains.kotlin.resolve.calls.model.KotlinResolutionCandidate::getSystem (55 bytes)
C2 CompilerThread2   6388 8710       4       org.jetbrains.kotlin.types.AbstractStrictEqualityTypeChecker::strictEqualTypesInternal (129 bytes)

VM state:at safepoint (normal execution)

VM Mutex/Monitor currently owned by a thread:  ([mutex/lock_event])
[0x00000208741ef950] Threads_lock - owner thread: 0x000002087f3e8800
[0x00000208741ef170] Heap_lock - owner thread: 0x00000208741f3800

Heap address: 0x0000000081c00000, size: 2020 MB, Compressed Oops mode: 32-bit
Narrow klass base: 0x0000000000000000, Narrow klass shift: 3
Compressed class space size: 1073741824 Address: 0x0000000100000000

Heap:
 garbage-first heap   total 212992K, used 64512K [0x0000000081c00000, 0x0000000100000000)
  region size 1024K, 8 young (8192K), 8 survivors (8192K)
 Metaspace       used 62869K, capacity 63626K, committed 63872K, reserved 1105920K
  class space    used 6973K, capacity 7286K, committed 7296K, reserved 1048576K
Heap Regions: E=young(eden), S=young(survivor), O=old, HS=humongous(starts), HC=humongous(continues), CS=collection set, F=free, A=archive, TAMS=top-at-mark-start (previous, next)
|   0|0x0000000081c00000, 0x0000000081d00000, 0x0000000081d00000|100%|HS|  |TAMS 0x0000000081d00000, 0x0000000081d00000| Complete 
|   1|0x0000000081d00000, 0x0000000081e00000, 0x0000000081e00000|100%|HC|  |TAMS 0x0000000081e00000, 0x0000000081e00000| Complete 
|   2|0x0000000081e00000, 0x0000000081f00000, 0x0000000081f00000|100%|HC|  |TAMS 0x0000000081f00000, 0x0000000081f00000| Complete 
|   3|0x0000000081f00000, 0x0000000082000000, 0x0000000082000000|100%|HS|  |TAMS 0x0000000082000000, 0x0000000082000000| Complete 
|   4|0x0000000082000000, 0x0000000082100000, 0x0000000082100000|100%|HC|  |TAMS 0x0000000082100000, 0x0000000082100000| Complete 
|   5|0x0000000082100000, 0x0000000082200000, 0x0000000082200000|100%|HC|  |TAMS 0x0000000082200000, 0x0000000082200000| Complete 
|   6|0x0000000082200000, 0x0000000082300000, 0x0000000082300000|100%|HS|  |TAMS 0x0000000082300000, 0x0000000082300000| Complete 
|   7|0x0000000082300000, 0x0000000082400000, 0x0000000082400000|100%|HC|  |TAMS 0x0000000082400000, 0x0000000082400000| Complete 
|   8|0x0000000082400000, 0x0000000082500000, 0x0000000082500000|100%|HC|  |TAMS 0x0000000082500000, 0x0000000082500000| Complete 
|   9|0x0000000082500000, 0x0000000082600000, 0x0000000082600000|100%| O|  |TAMS 0x0000000082600000, 0x0000000082600000| Untracked 
|  10|0x0000000082600000, 0x0000000082700000, 0x0000000082700000|100%| O|  |TAMS 0x0000000082700000, 0x0000000082700000| Untracked 
|  11|0x0000000082700000, 0x0000000082800000, 0x0000000082800000|100%| O|  |TAMS 0x0000000082800000, 0x0000000082800000| Untracked 
|  12|0x0000000082800000, 0x0000000082900000, 0x0000000082900000|100%| O|  |TAMS 0x0000000082900000, 0x0000000082900000| Untracked 
|  13|0x0000000082900000, 0x0000000082a00000, 0x0000000082a00000|100%| O|  |TAMS 0x0000000082a00000, 0x0000000082a00000| Untracked 
|  14|0x0000000082a00000, 0x0000000082b00000, 0x0000000082b00000|100%| O|  |TAMS 0x0000000082b00000, 0x0000000082b00000| Untracked 
|  15|0x0000000082b00000, 0x0000000082c00000, 0x0000000082c00000|100%| O|  |TAMS 0x0000000082c00000, 0x0000000082c00000| Untracked 
|  16|0x0000000082c00000, 0x0000000082d00000, 0x0000000082d00000|100%| O|  |TAMS 0x0000000082d00000, 0x0000000082d00000| Untracked 
|  17|0x0000000082d00000, 0x0000000082e00000, 0x0000000082e00000|100%| O|  |TAMS 0x0000000082e00000, 0x0000000082e00000| Untracked 
|  18|0x0000000082e00000, 0x0000000082f00000, 0x0000000082f00000|100%| O|  |TAMS 0x0000000082f00000, 0x0000000082f00000| Untracked 
|  19|0x0000000082f00000, 0x0000000083000000, 0x0000000083000000|100%| O|  |TAMS 0x0000000083000000, 0x0000000083000000| Untracked 
|  20|0x0000000083000000, 0x0000000083100000, 0x0000000083100000|100%|HS|  |TAMS 0x0000000083100000, 0x0000000083100000| Complete 
|  21|0x0000000083100000, 0x0000000083200000, 0x0000000083200000|100%|HC|  |TAMS 0x0000000083200000, 0x0000000083200000| Complete 
|  22|0x0000000083200000, 0x0000000083300000, 0x0000000083300000|100%| O|  |TAMS 0x0000000083300000, 0x0000000083300000| Untracked 
|  23|0x0000000083300000, 0x0000000083400000, 0x0000000083400000|100%| O|  |TAMS 0x0000000083400000, 0x0000000083400000| Untracked 
|  24|0x0000000083400000, 0x0000000083500000, 0x0000000083500000|100%| O|  |TAMS 0x0000000083500000, 0x0000000083500000| Untracked 
|  25|0x0000000083500000, 0x0000000083600000, 0x0000000083600000|100%| O|  |TAMS 0x0000000083600000, 0x0000000083600000| Untracked 
|  26|0x0000000083600000, 0x0000000083700000, 0x0000000083700000|100%| O|  |TAMS 0x0000000083700000, 0x0000000083700000| Untracked 
|  27|0x0000000083700000, 0x0000000083800000, 0x0000000083800000|100%| O|  |TAMS 0x0000000083800000, 0x0000000083800000| Untracked 
|  28|0x0000000083800000, 0x0000000083900000, 0x0000000083900000|100%| O|  |TAMS 0x0000000083900000, 0x0000000083900000| Untracked 
|  29|0x0000000083900000, 0x0000000083a00000, 0x0000000083a00000|100%| O|  |TAMS 0x0000000083a00000, 0x0000000083a00000| Untracked 
|  30|0x0000000083a00000, 0x0000000083b00000, 0x0000000083b00000|100%| O|  |TAMS 0x0000000083b00000, 0x0000000083b00000| Untracked 
|  31|0x0000000083b00000, 0x0000000083c00000, 0x0000000083c00000|100%| O|  |TAMS 0x0000000083c00000, 0x0000000083c00000| Untracked 
|  32|0x0000000083c00000, 0x0000000083d00000, 0x0000000083d00000|100%| O|  |TAMS 0x0000000083d00000, 0x0000000083d00000| Untracked 
|  33|0x0000000083d00000, 0x0000000083e00000, 0x0000000083e00000|100%| O|  |TAMS 0x0000000083e00000, 0x0000000083e00000| Untracked 
|  34|0x0000000083e00000, 0x0000000083f00000, 0x0000000083f00000|100%| O|  |TAMS 0x0000000083f00000, 0x0000000083f00000| Untracked 
|  35|0x0000000083f00000, 0x0000000084000000, 0x0000000084000000|100%| O|  |TAMS 0x0000000084000000, 0x0000000084000000| Untracked 
|  36|0x0000000084000000, 0x0000000084100000, 0x0000000084100000|100%| O|  |TAMS 0x0000000084100000, 0x0000000084100000| Untracked 
|  37|0x0000000084100000, 0x0000000084200000, 0x0000000084200000|100%| O|  |TAMS 0x0000000084200000, 0x0000000084200000| Untracked 
|  38|0x0000000084200000, 0x0000000084300000, 0x0000000084300000|100%| O|  |TAMS 0x0000000084300000, 0x0000000084300000| Untracked 
|  39|0x0000000084300000, 0x0000000084400000, 0x0000000084400000|100%| O|  |TAMS 0x0000000084400000, 0x0000000084400000| Untracked 
|  40|0x0000000084400000, 0x0000000084500000, 0x0000000084500000|100%| O|  |TAMS 0x0000000084500000, 0x0000000084500000| Untracked 
|  41|0x0000000084500000, 0x0000000084600000, 0x0000000084600000|100%| O|  |TAMS 0x0000000084600000, 0x0000000084600000| Untracked 
|  42|0x0000000084600000, 0x0000000084700000, 0x0000000084700000|100%| O|  |TAMS 0x0000000084700000, 0x0000000084700000| Untracked 
|  43|0x0000000084700000, 0x0000000084800000, 0x0000000084800000|100%| O|  |TAMS 0x0000000084800000, 0x0000000084800000| Untracked 
|  44|0x0000000084800000, 0x0000000084900000, 0x0000000084900000|100%| O|  |TAMS 0x0000000084900000, 0x0000000084900000| Untracked 
|  45|0x0000000084900000, 0x0000000084a00000, 0x0000000084a00000|100%| O|  |TAMS 0x0000000084a00000, 0x0000000084a00000| Untracked 
|  46|0x0000000084a00000, 0x0000000084b00000, 0x0000000084b00000|100%| O|  |TAMS 0x0000000084b00000, 0x0000000084b00000| Untracked 
|  47|0x0000000084b00000, 0x0000000084c00000, 0x0000000084c00000|100%| O|  |TAMS 0x0000000084c00000, 0x0000000084c00000| Untracked 
|  48|0x0000000084c00000, 0x0000000084d00000, 0x0000000084d00000|100%| O|  |TAMS 0x0000000084d00000, 0x0000000084d00000| Untracked 
|  49|0x0000000084d00000, 0x0000000084e00000, 0x0000000084e00000|100%| O|  |TAMS 0x0000000084e00000, 0x0000000084e00000| Untracked 
|  50|0x0000000084e00000, 0x0000000084e00000, 0x0000000084f00000|  0%| F|  |TAMS 0x0000000084e00000, 0x0000000084e00000| Untracked 
|  51|0x0000000084f00000, 0x0000000085000000, 0x0000000085000000|100%| O|  |TAMS 0x0000000084f00000, 0x0000000085000000| Untracked 
|  52|0x0000000085000000, 0x0000000085100000, 0x0000000085100000|100%| O|  |TAMS 0x0000000085000000, 0x0000000085100000| Untracked 
|  53|0x0000000085100000, 0x0000000085200000, 0x0000000085200000|100%| O|  |TAMS 0x0000000085100000, 0x0000000085200000| Untracked 
|  54|0x0000000085200000, 0x0000000085300000, 0x0000000085300000|100%| O|  |TAMS 0x0000000085200000, 0x0000000085300000| Untracked 
|  55|0x0000000085300000, 0x0000000085400000, 0x0000000085400000|100%| O|  |TAMS 0x0000000085300000, 0x0000000085400000| Untracked 
|  56|0x0000000085400000, 0x0000000085400000, 0x0000000085500000|  0%| F|  |TAMS 0x0000000085400000, 0x0000000085400000| Untracked 
|  57|0x0000000085500000, 0x0000000085500000, 0x0000000085600000|  0%| F|  |TAMS 0x0000000085500000, 0x0000000085500000| Untracked 
|  58|0x0000000085600000, 0x0000000085600000, 0x0000000085700000|  0%| F|  |TAMS 0x0000000085600000, 0x0000000085600000| Untracked 
|  59|0x0000000085700000, 0x0000000085700000, 0x0000000085800000|  0%| F|  |TAMS 0x0000000085700000, 0x0000000085700000| Untracked 
|  60|0x0000000085800000, 0x0000000085800000, 0x0000000085900000|  0%| F|  |TAMS 0x0000000085800000, 0x0000000085800000| Untracked 
|  61|0x0000000085900000, 0x0000000085900000, 0x0000000085a00000|  0%| F|  |TAMS 0x0000000085900000, 0x0000000085900000| Untracked 
|  62|0x0000000085a00000, 0x0000000085a00000, 0x0000000085b00000|  0%| F|  |TAMS 0x0000000085a00000, 0x0000000085a00000| Untracked 
|  63|0x0000000085b00000, 0x0000000085b00000, 0x0000000085c00000|  0%| F|  |TAMS 0x0000000085b00000, 0x0000000085b00000| Untracked 
|  64|0x0000000085c00000, 0x0000000085c00000, 0x0000000085d00000|  0%| F|  |TAMS 0x0000000085c00000, 0x0000000085c00000| Untracked 
|  65|0x0000000085d00000, 0x0000000085d00000, 0x0000000085e00000|  0%| F|  |TAMS 0x0000000085d00000, 0x0000000085d00000| Untracked 
|  66|0x0000000085e00000, 0x0000000085e00000, 0x0000000085f00000|  0%| F|  |TAMS 0x0000000085e00000, 0x0000000085e00000| Untracked 
|  67|0x0000000085f00000, 0x0000000085f00000, 0x0000000086000000|  0%| F|  |TAMS 0x0000000085f00000, 0x0000000085f00000| Untracked 
|  68|0x0000000086000000, 0x0000000086000000, 0x0000000086100000|  0%| F|  |TAMS 0x0000000086000000, 0x0000000086000000| Untracked 
|  69|0x0000000086100000, 0x0000000086100000, 0x0000000086200000|  0%| F|  |TAMS 0x0000000086100000, 0x0000000086100000| Untracked 
|  70|0x0000000086200000, 0x0000000086200000, 0x0000000086300000|  0%| F|  |TAMS 0x0000000086200000, 0x0000000086200000| Untracked 
|  71|0x0000000086300000, 0x0000000086300000, 0x0000000086400000|  0%| F|  |TAMS 0x0000000086300000, 0x0000000086300000| Untracked 
|  72|0x0000000086400000, 0x0000000086400000, 0x0000000086500000|  0%| F|  |TAMS 0x0000000086400000, 0x0000000086400000| Untracked 
|  73|0x0000000086500000, 0x0000000086500000, 0x0000000086600000|  0%| F|  |TAMS 0x0000000086500000, 0x0000000086500000| Untracked 
|  74|0x0000000086600000, 0x0000000086600000, 0x0000000086700000|  0%| F|  |TAMS 0x0000000086600000, 0x0000000086600000| Untracked 
|  75|0x0000000086700000, 0x0000000086700000, 0x0000000086800000|  0%| F|  |TAMS 0x0000000086700000, 0x0000000086700000| Untracked 
|  76|0x0000000086800000, 0x0000000086800000, 0x0000000086900000|  0%| F|  |TAMS 0x0000000086800000, 0x0000000086800000| Untracked 
|  77|0x0000000086900000, 0x0000000086900000, 0x0000000086a00000|  0%| F|  |TAMS 0x0000000086900000, 0x0000000086900000| Untracked 
|  78|0x0000000086a00000, 0x0000000086a00000, 0x0000000086b00000|  0%| F|  |TAMS 0x0000000086a00000, 0x0000000086a00000| Untracked 
|  79|0x0000000086b00000, 0x0000000086b00000, 0x0000000086c00000|  0%| F|  |TAMS 0x0000000086b00000, 0x0000000086b00000| Untracked 
|  80|0x0000000086c00000, 0x0000000086c00000, 0x0000000086d00000|  0%| F|  |TAMS 0x0000000086c00000, 0x0000000086c00000| Untracked 
|  81|0x0000000086d00000, 0x0000000086d00000, 0x0000000086e00000|  0%| F|  |TAMS 0x0000000086d00000, 0x0000000086d00000| Untracked 
|  82|0x0000000086e00000, 0x0000000086e00000, 0x0000000086f00000|  0%| F|  |TAMS 0x0000000086e00000, 0x0000000086e00000| Untracked 
|  83|0x0000000086f00000, 0x0000000087000000, 0x0000000087000000|100%| S|CS|TAMS 0x0000000086f00000, 0x0000000086f00000| Complete 
|  84|0x0000000087000000, 0x0000000087100000, 0x0000000087100000|100%| S|CS|TAMS 0x0000000087000000, 0x0000000087000000| Complete 
|  85|0x0000000087100000, 0x0000000087200000, 0x0000000087200000|100%| S|CS|TAMS 0x0000000087100000, 0x0000000087100000| Complete 
|  86|0x0000000087200000, 0x0000000087300000, 0x0000000087300000|100%| S|CS|TAMS 0x0000000087200000, 0x0000000087200000| Complete 
|  87|0x0000000087300000, 0x0000000087400000, 0x0000000087400000|100%| S|CS|TAMS 0x0000000087300000, 0x0000000087300000| Complete 
|  88|0x0000000087400000, 0x0000000087500000, 0x0000000087500000|100%| S|CS|TAMS 0x0000000087400000, 0x0000000087400000| Complete 
|  89|0x0000000087500000, 0x0000000087600000, 0x0000000087600000|100%| S|CS|TAMS 0x0000000087500000, 0x0000000087500000| Complete 
|  90|0x0000000087600000, 0x0000000087700000, 0x0000000087700000|100%| S|CS|TAMS 0x0000000087600000, 0x0000000087600000| Complete 
|  91|0x0000000087700000, 0x0000000087700000, 0x0000000087800000|  0%| F|  |TAMS 0x0000000087700000, 0x0000000087700000| Untracked 
|  92|0x0000000087800000, 0x0000000087800000, 0x0000000087900000|  0%| F|  |TAMS 0x0000000087800000, 0x0000000087800000| Untracked 
|  93|0x0000000087900000, 0x0000000087900000, 0x0000000087a00000|  0%| F|  |TAMS 0x0000000087900000, 0x0000000087900000| Untracked 
|  94|0x0000000087a00000, 0x0000000087a00000, 0x0000000087b00000|  0%| F|  |TAMS 0x0000000087a00000, 0x0000000087a00000| Untracked 
|  95|0x0000000087b00000, 0x0000000087b00000, 0x0000000087c00000|  0%| F|  |TAMS 0x0000000087b00000, 0x0000000087b00000| Untracked 
|  96|0x0000000087c00000, 0x0000000087c00000, 0x0000000087d00000|  0%| F|  |TAMS 0x0000000087c00000, 0x0000000087c00000| Untracked 
|  97|0x0000000087d00000, 0x0000000087d00000, 0x0000000087e00000|  0%| F|  |TAMS 0x0000000087d00000, 0x0000000087d00000| Untracked 
|  98|0x0000000087e00000, 0x0000000087e00000, 0x0000000087f00000|  0%| F|  |TAMS 0x0000000087e00000, 0x0000000087e00000| Untracked 
|  99|0x0000000087f00000, 0x0000000087f00000, 0x0000000088000000|  0%| F|  |TAMS 0x0000000087f00000, 0x0000000087f00000| Untracked 
| 100|0x0000000088000000, 0x0000000088000000, 0x0000000088100000|  0%| F|  |TAMS 0x0000000088000000, 0x0000000088000000| Untracked 
| 101|0x0000000088100000, 0x0000000088100000, 0x0000000088200000|  0%| F|  |TAMS 0x0000000088100000, 0x0000000088100000| Untracked 
| 102|0x0000000088200000, 0x0000000088200000, 0x0000000088300000|  0%| F|  |TAMS 0x0000000088200000, 0x0000000088200000| Untracked 
| 103|0x0000000088300000, 0x0000000088300000, 0x0000000088400000|  0%| F|  |TAMS 0x0000000088300000, 0x0000000088300000| Untracked 
| 104|0x0000000088400000, 0x0000000088400000, 0x0000000088500000|  0%| F|  |TAMS 0x0000000088400000, 0x0000000088400000| Untracked 
| 105|0x0000000088500000, 0x0000000088500000, 0x0000000088600000|  0%| F|  |TAMS 0x0000000088500000, 0x0000000088500000| Untracked 
| 106|0x0000000088600000, 0x0000000088600000, 0x0000000088700000|  0%| F|  |TAMS 0x0000000088600000, 0x0000000088600000| Untracked 
| 107|0x0000000088700000, 0x0000000088700000, 0x0000000088800000|  0%| F|  |TAMS 0x0000000088700000, 0x0000000088700000| Untracked 
| 108|0x0000000088800000, 0x0000000088800000, 0x0000000088900000|  0%| F|  |TAMS 0x0000000088800000, 0x0000000088800000| Untracked 
| 109|0x0000000088900000, 0x0000000088900000, 0x0000000088a00000|  0%| F|  |TAMS 0x0000000088900000, 0x0000000088900000| Untracked 
| 110|0x0000000088a00000, 0x0000000088a00000, 0x0000000088b00000|  0%| F|  |TAMS 0x0000000088a00000, 0x0000000088a00000| Untracked 
| 111|0x0000000088b00000, 0x0000000088b00000, 0x0000000088c00000|  0%| F|  |TAMS 0x0000000088b00000, 0x0000000088b00000| Untracked 
| 112|0x0000000088c00000, 0x0000000088c00000, 0x0000000088d00000|  0%| F|  |TAMS 0x0000000088c00000, 0x0000000088c00000| Untracked 
| 113|0x0000000088d00000, 0x0000000088d00000, 0x0000000088e00000|  0%| F|  |TAMS 0x0000000088d00000, 0x0000000088d00000| Untracked 
| 114|0x0000000088e00000, 0x0000000088e00000, 0x0000000088f00000|  0%| F|  |TAMS 0x0000000088e00000, 0x0000000088e00000| Untracked 
| 115|0x0000000088f00000, 0x0000000088f00000, 0x0000000089000000|  0%| F|  |TAMS 0x0000000088f00000, 0x0000000088f00000| Untracked 
| 116|0x0000000089000000, 0x0000000089000000, 0x0000000089100000|  0%| F|  |TAMS 0x0000000089000000, 0x0000000089000000| Untracked 
| 117|0x0000000089100000, 0x0000000089100000, 0x0000000089200000|  0%| F|  |TAMS 0x0000000089100000, 0x0000000089100000| Untracked 
| 118|0x0000000089200000, 0x0000000089200000, 0x0000000089300000|  0%| F|  |TAMS 0x0000000089200000, 0x0000000089200000| Untracked 
| 119|0x0000000089300000, 0x0000000089300000, 0x0000000089400000|  0%| F|  |TAMS 0x0000000089300000, 0x0000000089300000| Untracked 
| 120|0x0000000089400000, 0x0000000089400000, 0x0000000089500000|  0%| F|  |TAMS 0x0000000089400000, 0x0000000089400000| Untracked 
| 121|0x0000000089500000, 0x0000000089500000, 0x0000000089600000|  0%| F|  |TAMS 0x0000000089500000, 0x0000000089500000| Untracked 
| 122|0x0000000089600000, 0x0000000089600000, 0x0000000089700000|  0%| F|  |TAMS 0x0000000089600000, 0x0000000089600000| Untracked 
| 123|0x0000000089700000, 0x0000000089700000, 0x0000000089800000|  0%| F|  |TAMS 0x0000000089700000, 0x0000000089700000| Untracked 
| 124|0x0000000089800000, 0x0000000089800000, 0x0000000089900000|  0%| F|  |TAMS 0x0000000089800000, 0x0000000089800000| Untracked 
| 125|0x0000000089900000, 0x0000000089900000, 0x0000000089a00000|  0%| F|  |TAMS 0x0000000089900000, 0x0000000089900000| Untracked 
| 126|0x0000000089a00000, 0x0000000089a00000, 0x0000000089b00000|  0%| F|  |TAMS 0x0000000089a00000, 0x0000000089a00000| Untracked 
| 127|0x0000000089b00000, 0x0000000089b00000, 0x0000000089c00000|  0%| F|  |TAMS 0x0000000089b00000, 0x0000000089b00000| Untracked 
| 128|0x0000000089c00000, 0x0000000089c00000, 0x0000000089d00000|  0%| F|  |TAMS 0x0000000089c00000, 0x0000000089c00000| Untracked 
| 129|0x0000000089d00000, 0x0000000089d00000, 0x0000000089e00000|  0%| F|  |TAMS 0x0000000089d00000, 0x0000000089d00000| Untracked 
| 130|0x0000000089e00000, 0x0000000089e00000, 0x0000000089f00000|  0%| F|  |TAMS 0x0000000089e00000, 0x0000000089e00000| Untracked 
| 131|0x0000000089f00000, 0x0000000089f00000, 0x000000008a000000|  0%| F|  |TAMS 0x0000000089f00000, 0x0000000089f00000| Untracked 
| 132|0x000000008a000000, 0x000000008a000000, 0x000000008a100000|  0%| F|  |TAMS 0x000000008a000000, 0x000000008a000000| Untracked 
| 133|0x000000008a100000, 0x000000008a100000, 0x000000008a200000|  0%| F|  |TAMS 0x000000008a100000, 0x000000008a100000| Untracked 
| 134|0x000000008a200000, 0x000000008a200000, 0x000000008a300000|  0%| F|  |TAMS 0x000000008a200000, 0x000000008a200000| Untracked 
| 135|0x000000008a300000, 0x000000008a300000, 0x000000008a400000|  0%| F|  |TAMS 0x000000008a300000, 0x000000008a300000| Untracked 
| 136|0x000000008a400000, 0x000000008a400000, 0x000000008a500000|  0%| F|  |TAMS 0x000000008a400000, 0x000000008a400000| Untracked 
| 137|0x000000008a500000, 0x000000008a500000, 0x000000008a600000|  0%| F|  |TAMS 0x000000008a500000, 0x000000008a500000| Untracked 
| 138|0x000000008a600000, 0x000000008a600000, 0x000000008a700000|  0%| F|  |TAMS 0x000000008a600000, 0x000000008a600000| Untracked 
| 139|0x000000008a700000, 0x000000008a700000, 0x000000008a800000|  0%| F|  |TAMS 0x000000008a700000, 0x000000008a700000| Untracked 
| 140|0x000000008a800000, 0x000000008a800000, 0x000000008a900000|  0%| F|  |TAMS 0x000000008a800000, 0x000000008a800000| Untracked 
| 141|0x000000008a900000, 0x000000008a900000, 0x000000008aa00000|  0%| F|  |TAMS 0x000000008a900000, 0x000000008a900000| Untracked 
| 142|0x000000008aa00000, 0x000000008aa00000, 0x000000008ab00000|  0%| F|  |TAMS 0x000000008aa00000, 0x000000008aa00000| Untracked 
| 143|0x000000008ab00000, 0x000000008ab00000, 0x000000008ac00000|  0%| F|  |TAMS 0x000000008ab00000, 0x000000008ab00000| Untracked 
| 144|0x000000008ac00000, 0x000000008ac00000, 0x000000008ad00000|  0%| F|  |TAMS 0x000000008ac00000, 0x000000008ac00000| Untracked 
| 145|0x000000008ad00000, 0x000000008ad00000, 0x000000008ae00000|  0%| F|  |TAMS 0x000000008ad00000, 0x000000008ad00000| Untracked 
| 146|0x000000008ae00000, 0x000000008ae00000, 0x000000008af00000|  0%| F|  |TAMS 0x000000008ae00000, 0x000000008ae00000| Untracked 
| 147|0x000000008af00000, 0x000000008af00000, 0x000000008b000000|  0%| F|  |TAMS 0x000000008af00000, 0x000000008af00000| Untracked 
| 148|0x000000008b000000, 0x000000008b000000, 0x000000008b100000|  0%| F|  |TAMS 0x000000008b000000, 0x000000008b000000| Untracked 
| 149|0x000000008b100000, 0x000000008b100000, 0x000000008b200000|  0%| F|  |TAMS 0x000000008b100000, 0x000000008b100000| Untracked 
| 150|0x000000008b200000, 0x000000008b200000, 0x000000008b300000|  0%| F|  |TAMS 0x000000008b200000, 0x000000008b200000| Untracked 
| 151|0x000000008b300000, 0x000000008b300000, 0x000000008b400000|  0%| F|  |TAMS 0x000000008b300000, 0x000000008b300000| Untracked 
| 152|0x000000008b400000, 0x000000008b400000, 0x000000008b500000|  0%| F|  |TAMS 0x000000008b400000, 0x000000008b400000| Untracked 
| 153|0x000000008b500000, 0x000000008b500000, 0x000000008b600000|  0%| F|  |TAMS 0x000000008b500000, 0x000000008b500000| Untracked 

Card table byte_map: [0x00000208782a0000,0x00000208786a0000] _byte_map_base: 0x0000020877e92000

Marking Bits (Prev, Next): (CMBitMap*) 0x000002087422c5e0, (CMBitMap*) 0x000002087422c5a8
 Prev Bits: [0x000002087aa30000, 0x000002087c9c0000)
 Next Bits: [0x0000020878aa0000, 0x000002087aa30000)

Polling page: 0x0000020872010000

Metaspace:

Usage:
  Non-class:     55.02 MB capacity,    54.59 MB (>99%) used,   343.18 KB ( <1%) free+waste,   100.69 KB ( <1%) overhead. 
      Class:      7.12 MB capacity,     6.81 MB ( 96%) used,   269.55 KB (  4%) free+waste,    42.94 KB ( <1%) overhead. 
       Both:     62.13 MB capacity,    61.40 MB ( 99%) used,   612.73 KB ( <1%) free+waste,   143.63 KB ( <1%) overhead. 

Virtual space:
  Non-class space:       56.00 MB reserved,      55.25 MB ( 99%) committed 
      Class space:        1.00 GB reserved,       7.13 MB ( <1%) committed 
             Both:        1.05 GB reserved,      62.38 MB (  6%) committed 

Chunk freelists:
   Non-Class:  44.00 KB
       Class:  10.00 KB
        Both:  54.00 KB

MaxMetaspaceSize: 17179869184.00 GB
CompressedClassSpaceSize: 1.00 GB

CodeHeap 'non-profiled nmethods': size=120000Kb used=4896Kb max_used=4896Kb free=115103Kb
 bounds [0x0000020807ad0000, 0x0000020807fa0000, 0x000002080f000000]
CodeHeap 'profiled nmethods': size=120000Kb used=24568Kb max_used=24568Kb free=95431Kb
 bounds [0x00000208005a0000, 0x0000020801da0000, 0x0000020807ad0000]
CodeHeap 'non-nmethods': size=5760Kb used=1213Kb max_used=1274Kb free=4546Kb
 bounds [0x0000020800000000, 0x0000020800270000, 0x00000208005a0000]
 total_blobs=9481 nmethods=8907 adapters=484
 compilation: enabled
              stopped_count=0, restarted_count=0
 full_count=0

Compilation events (20 events):
Event: 6.342 Thread 0x000002087f430800 8963       3       org.jetbrains.kotlin.resolve.calls.KotlinCallResolver::resolveCall (353 bytes)
Event: 6.345 Thread 0x000002087f430800 nmethod 8963 0x0000020801d98490 code [0x0000020801d98a60, 0x0000020801d9b588]
Event: 6.345 Thread 0x000002087f430800 8961       3       org.jetbrains.kotlin.resolve.calls.tower.PSICallResolver::refineNameForRemOperator (52 bytes)
Event: 6.346 Thread 0x000002087f430800 nmethod 8961 0x0000020801d9c390 code [0x0000020801d9c600, 0x0000020801d9cf18]
Event: 6.346 Thread 0x000002087f430800 8962       3       org.jetbrains.kotlin.resolve.calls.tower.PSICallResolver::toKotlinCallKind (76 bytes)
Event: 6.346 Thread 0x000002087f430800 nmethod 8962 0x0000020801d9d290 code [0x0000020801d9d4a0, 0x0000020801d9dce8]
Event: 6.346 Thread 0x000002087f430800 8948       1       org.jetbrains.kotlin.resolve.calls.tower.ErrorCandidateContext::getScopeTower (5 bytes)
Event: 6.346 Thread 0x000002087f430800 nmethod 8948 0x0000020807f96f90 code [0x0000020807f97140, 0x0000020807f971f8]
Event: 6.346 Thread 0x000002087f430800 8958       1       org.jetbrains.kotlin.serialization.SerializerExtensionProtocol::getTypeAnnotation (5 bytes)
Event: 6.346 Thread 0x000002087f430800 nmethod 8958 0x0000020807f97290 code [0x0000020807f97440, 0x0000020807f974f8]
Event: 6.346 Thread 0x000002087f430800 8959       1       org.jetbrains.kotlin.serialization.deserialization.DeserializationContext::getMemberDeserializer (5 bytes)
Event: 6.346 Thread 0x000002087f430800 nmethod 8959 0x0000020807f97590 code [0x0000020807f97740, 0x0000020807f977f8]
Event: 6.346 Thread 0x000002087f430800 8952       1       javaslang.Tuple2::_2 (5 bytes)
Event: 6.346 Thread 0x000002087f430800 nmethod 8952 0x0000020807f97890 code [0x0000020807f97a40, 0x0000020807f97af8]
Event: 6.346 Thread 0x000002087f430800 8966       1       org.jetbrains.kotlin.resolve.calls.util.CallMaker$ExpressionValueArgument::isNamed (2 bytes)
Event: 6.346 Thread 0x000002087f430800 nmethod 8966 0x0000020807f97b90 code [0x0000020807f97d40, 0x0000020807f97df8]
Event: 6.350 Thread 0x000002087f430800 8968       3       java.util.HashMap$KeySet::size (8 bytes)
Event: 6.350 Thread 0x000002087f430800 nmethod 8968 0x0000020801d9de10 code [0x0000020801d9dfc0, 0x0000020801d9e0d8]
Event: 6.350 Thread 0x000002087f430800 8969       1       org.jetbrains.kotlin.descriptors.impl.ModuleDependenciesImpl::getAllExpectedByDependencies (5 bytes)
Event: 6.351 Thread 0x000002087f430800 nmethod 8969 0x0000020807f97e90 code [0x0000020807f98040, 0x0000020807f980f8]

GC Heap History (17 events):
Event: 0.427 GC heap before
{Heap before GC invocations=0 (full 0):
 garbage-first heap   total 131072K, used 27648K [0x0000000081c00000, 0x0000000100000000)
  region size 1024K, 24 young (24576K), 0 survivors (0K)
 Metaspace       used 12319K, capacity 12469K, committed 12800K, reserved 1060864K
  class space    used 1157K, capacity 1174K, committed 1280K, reserved 1048576K
}
Event: 0.430 GC heap after
{Heap after GC invocations=1 (full 0):
 garbage-first heap   total 131072K, used 5675K [0x0000000081c00000, 0x0000000100000000)
  region size 1024K, 3 young (3072K), 3 survivors (3072K)
 Metaspace       used 12319K, capacity 12469K, committed 12800K, reserved 1060864K
  class space    used 1157K, capacity 1174K, committed 1280K, reserved 1048576K
}
Event: 0.885 GC heap before
{Heap before GC invocations=1 (full 0):
 garbage-first heap   total 131072K, used 41515K [0x0000000081c00000, 0x0000000100000000)
  region size 1024K, 39 young (39936K), 3 survivors (3072K)
 Metaspace       used 20920K, capacity 21150K, committed 21248K, reserved 1069056K
  class space    used 2202K, capacity 2257K, committed 2304K, reserved 1048576K
}
Event: 0.893 GC heap after
{Heap after GC invocations=2 (full 0):
 garbage-first heap   total 131072K, used 9545K [0x0000000081c00000, 0x0000000100000000)
  region size 1024K, 7 young (7168K), 7 survivors (7168K)
 Metaspace       used 20920K, capacity 21150K, committed 21248K, reserved 1069056K
  class space    used 2202K, capacity 2257K, committed 2304K, reserved 1048576K
}
Event: 1.539 GC heap before
{Heap before GC invocations=3 (full 0):
 garbage-first heap   total 131072K, used 67913K [0x0000000081c00000, 0x0000000100000000)
  region size 1024K, 56 young (57344K), 7 survivors (7168K)
 Metaspace       used 30809K, capacity 31322K, committed 31488K, reserved 1077248K
  class space    used 3629K, capacity 3809K, committed 3840K, reserved 1048576K
}
Event: 1.552 GC heap after
{Heap after GC invocations=4 (full 0):
 garbage-first heap   total 131072K, used 24964K [0x0000000081c00000, 0x0000000100000000)
  region size 1024K, 7 young (7168K), 7 survivors (7168K)
 Metaspace       used 30809K, capacity 31322K, committed 31488K, reserved 1077248K
  class space    used 3629K, capacity 3809K, committed 3840K, reserved 1048576K
}
Event: 1.839 GC heap before
{Heap before GC invocations=4 (full 0):
 garbage-first heap   total 131072K, used 51588K [0x0000000081c00000, 0x0000000100000000)
  region size 1024K, 30 young (30720K), 7 survivors (7168K)
 Metaspace       used 35203K, capacity 35661K, committed 35840K, reserved 1081344K
  class space    used 4325K, capacity 4487K, committed 4608K, reserved 1048576K
}
Event: 1.847 GC heap after
{Heap after GC invocations=5 (full 0):
 garbage-first heap   total 131072K, used 27030K [0x0000000081c00000, 0x0000000100000000)
  region size 1024K, 3 young (3072K), 3 survivors (3072K)
 Metaspace       used 35203K, capacity 35661K, committed 35840K, reserved 1081344K
  class space    used 4325K, capacity 4487K, committed 4608K, reserved 1048576K
}
Event: 2.558 GC heap before
{Heap before GC invocations=6 (full 0):
 garbage-first heap   total 131072K, used 81302K [0x0000000081c00000, 0x0000000100000000)
  region size 1024K, 56 young (57344K), 3 survivors (3072K)
 Metaspace       used 46431K, capacity 46994K, committed 47232K, reserved 1091584K
  class space    used 5470K, capacity 5653K, committed 5760K, reserved 1048576K
}
Event: 2.571 GC heap after
{Heap after GC invocations=7 (full 0):
 garbage-first heap   total 157696K, used 32110K [0x0000000081c00000, 0x0000000100000000)
  region size 1024K, 7 young (7168K), 7 survivors (7168K)
 Metaspace       used 46431K, capacity 46994K, committed 47232K, reserved 1091584K
  class space    used 5470K, capacity 5653K, committed 5760K, reserved 1048576K
}
Event: 3.663 GC heap before
{Heap before GC invocations=7 (full 0):
 garbage-first heap   total 157696K, used 115054K [0x0000000081c00000, 0x0000000100000000)
  region size 1024K, 87 young (89088K), 7 survivors (7168K)
 Metaspace       used 53881K, capacity 54571K, committed 54656K, reserved 1097728K
  class space    used 6205K, capacity 6477K, committed 6528K, reserved 1048576K
}
Event: 3.685 GC heap after
{Heap after GC invocations=8 (full 0):
 garbage-first heap   total 157696K, used 42279K [0x0000000081c00000, 0x0000000100000000)
  region size 1024K, 11 young (11264K), 11 survivors (11264K)
 Metaspace       used 53881K, capacity 54571K, committed 54656K, reserved 1097728K
  class space    used 6205K, capacity 6477K, committed 6528K, reserved 1048576K
}
Event: 4.184 GC heap before
{Heap before GC invocations=8 (full 0):
 garbage-first heap   total 157696K, used 112935K [0x0000000081c00000, 0x0000000100000000)
  region size 1024K, 80 young (81920K), 11 survivors (11264K)
 Metaspace       used 54798K, capacity 55466K, committed 55680K, reserved 1097728K
  class space    used 6239K, capacity 6517K, committed 6528K, reserved 1048576K
}
Event: 4.211 GC heap after
{Heap after GC invocations=9 (full 0):
 garbage-first heap   total 157696K, used 50787K [0x0000000081c00000, 0x0000000100000000)
  region size 1024K, 8 young (8192K), 8 survivors (8192K)
 Metaspace       used 54798K, capacity 55466K, committed 55680K, reserved 1097728K
  class space    used 6239K, capacity 6517K, committed 6528K, reserved 1048576K
}
Event: 4.910 GC heap before
{Heap before GC invocations=9 (full 0):
 garbage-first heap   total 157696K, used 107107K [0x0000000081c00000, 0x0000000100000000)
  region size 1024K, 64 young (65536K), 8 survivors (8192K)
 Metaspace       used 59350K, capacity 60094K, committed 60160K, reserved 1101824K
  class space    used 6748K, capacity 7032K, committed 7040K, reserved 1048576K
}
Event: 4.928 GC heap after
{Heap after GC invocations=10 (full 0):
 garbage-first heap   total 157696K, used 55296K [0x0000000081c00000, 0x0000000100000000)
  region size 1024K, 4 young (4096K), 4 survivors (4096K)
 Metaspace       used 59350K, capacity 60094K, committed 60160K, reserved 1101824K
  class space    used 6748K, capacity 7032K, committed 7040K, reserved 1048576K
}
Event: 6.352 GC heap before
{Heap before GC invocations=11 (full 0):
 garbage-first heap   total 157696K, used 116736K [0x0000000081c00000, 0x0000000100000000)
  region size 1024K, 63 young (64512K), 4 survivors (4096K)
 Metaspace       used 62869K, capacity 63626K, committed 63872K, reserved 1105920K
  class space    used 6973K, capacity 7286K, committed 7296K, reserved 1048576K
}

Deoptimization events (20 events):
Event: 6.151 Thread 0x00000208741f3800 DEOPT PACKING pc=0x0000020807f562a4 sp=0x000000bad8ffafc0
Event: 6.151 Thread 0x00000208741f3800 DEOPT UNPACKING pc=0x00000208000274af sp=0x000000bad8ffaf78 mode 2
Event: 6.151 Thread 0x00000208741f3800 Uncommon trap: trap_request=0xffffffbe fr.pc=0x0000020807f562a4 relative=0x0000000000000504
Event: 6.151 Thread 0x00000208741f3800 Uncommon trap: reason=profile_predicate action=maybe_recompile pc=0x0000020807f562a4 method=org.jetbrains.kotlin.com.intellij.psi.impl.source.CharTableImpl$StringHashToCharSequencesMap.charSequenceSubSequenceEquals(Ljava/lang/CharSequence;Ljava/lang/CharS
Event: 6.151 Thread 0x00000208741f3800 DEOPT PACKING pc=0x0000020807f562a4 sp=0x000000bad8ffafe0
Event: 6.151 Thread 0x00000208741f3800 DEOPT UNPACKING pc=0x00000208000274af sp=0x000000bad8ffaf98 mode 2
Event: 6.262 Thread 0x00000208741f3800 Uncommon trap: trap_request=0xffffff4d fr.pc=0x0000020807f3f59c relative=0x00000000000000dc
Event: 6.262 Thread 0x00000208741f3800 Uncommon trap: reason=unstable_if action=reinterpret pc=0x0000020807f3f59c method=org.jetbrains.kotlin.psi.KtPsiUtil.deparenthesizeOnce(Lorg/jetbrains/kotlin/psi/KtExpression;Z)Lorg/jetbrains/kotlin/psi/KtExpression; @ 38 c2
Event: 6.262 Thread 0x00000208741f3800 DEOPT PACKING pc=0x0000020807f3f59c sp=0x000000bad8ffc4e0
Event: 6.262 Thread 0x00000208741f3800 DEOPT UNPACKING pc=0x00000208000274af sp=0x000000bad8ffc470 mode 2
Event: 6.291 Thread 0x00000208741f3800 Uncommon trap: trap_request=0xffffffcc fr.pc=0x0000020807f8e24c relative=0x000000000000028c
Event: 6.291 Thread 0x00000208741f3800 Uncommon trap: reason=intrinsic_or_type_checked_inlining action=make_not_entrant pc=0x0000020807f8e24c method=java.util.ArrayList.toArray([Ljava/lang/Object;)[Ljava/lang/Object; @ 36 c2
Event: 6.291 Thread 0x00000208741f3800 DEOPT PACKING pc=0x0000020807f8e24c sp=0x000000bad8ffa890
Event: 6.291 Thread 0x00000208741f3800 DEOPT UNPACKING pc=0x00000208000274af sp=0x000000bad8ffa830 mode 2
Event: 6.321 Thread 0x00000208741f3800 DEOPT PACKING pc=0x0000020801789ee1 sp=0x000000bad8ff89e0
Event: 6.321 Thread 0x00000208741f3800 DEOPT UNPACKING pc=0x00000208000272ce sp=0x000000bad8ff7f38 mode 0
Event: 6.343 Thread 0x00000208741f3800 Uncommon trap: trap_request=0xffffffc6 fr.pc=0x0000020807f54c70 relative=0x00000000000002f0
Event: 6.343 Thread 0x00000208741f3800 Uncommon trap: reason=bimorphic_or_optimized_type_check action=maybe_recompile pc=0x0000020807f54c70 method=org.jetbrains.kotlin.resolve.DescriptorUtils.isSealedClass(Lorg/jetbrains/kotlin/descriptors/DeclarationDescriptor;)Z @ 24 c2
Event: 6.343 Thread 0x00000208741f3800 DEOPT PACKING pc=0x0000020807f54c70 sp=0x000000bad8ffd060
Event: 6.343 Thread 0x00000208741f3800 DEOPT UNPACKING pc=0x00000208000274af sp=0x000000bad8ffd020 mode 2

Classes redefined (0 events):
No events

Internal exceptions (20 events):
Event: 3.098 Thread 0x00000208741f3800 Implicit null exception at 0x0000020807cb4caf to 0x0000020807cb4cdc
Event: 3.245 Thread 0x00000208741f3800 Exception <a 'java/lang/NoSuchMethodError'{0x00000000876bb9e8}: 'java.lang.Object java.lang.invoke.DirectMethodHandle$Holder.invokeSpecial(java.lang.Object, java.lang.Object, java.lang.Object, java.lang.Object, java.lang.Object, int)'> (0x00000000876bb9e8) thrown at [./src/hotspot/share/interpreter/linkResolver.cpp, line 773]
Event: 3.245 Thread 0x00000208741f3800 Exception <a 'java/lang/NoSuchMethodError'{0x00000000876bf830}: 'java.lang.Object java.lang.invoke.Invokers$Holder.linkToTargetMethod(java.lang.Object, java.lang.Object, java.lang.Object, int, java.lang.Object)'> (0x00000000876bf830) thrown at [./src/hotspot/share/interpreter/linkResolver.cpp, line 773]
Event: 3.475 Thread 0x00000208741f3800 Exception <a 'java/lang/NoSuchMethodError'{0x0000000086f88b88}: 'java.lang.Object java.lang.invoke.DirectMethodHandle$Holder.invokeSpecial(java.lang.Object, java.lang.Object, java.lang.Object, java.lang.Object, java.lang.Object, java.lang.Object, java.lang.Object, java.lang.Object, java.lang.Object)'> (0x0000000086f88b88) thrown at [./src/hotspot/share/interpreter/linkResolver.cpp, line 773]
Event: 3.475 Thread 0x00000208741f3800 Exception <a 'java/lang/NoSuchMethodError'{0x0000000086f8cd80}: 'java.lang.Object java.lang.invoke.Invokers$Holder.linkToTargetMethod(java.lang.Object, java.lang.Object, java.lang.Object, java.lang.Object, java.lang.Object, java.lang.Object, java.lang.Object, java.lang.Object)'> (0x0000000086f8cd80) thrown at [./src/hotspot/share/interpreter/linkResolver.cpp, line 773]
Event: 3.581 Thread 0x00000208741f3800 Exception <a 'java/lang/NoSuchMethodError'{0x0000000086aa1088}: 'java.lang.Object java.lang.invoke.DirectMethodHandle$Holder.invokeStaticInit(java.lang.Object, java.lang.Object, java.lang.Object)'> (0x0000000086aa1088) thrown at [./src/hotspot/share/interpreter/linkResolver.cpp, line 773]
Event: 4.106 Thread 0x00000208741f3800 Exception <a 'java/lang/NoSuchMethodError'{0x0000000088c42ef0}: 'int java.lang.invoke.DirectMethodHandle$Holder.invokeInterface(java.lang.Object, java.lang.Object)'> (0x0000000088c42ef0) thrown at [./src/hotspot/share/interpreter/linkResolver.cpp, line 773]
Event: 4.259 Thread 0x00000208741f3800 Exception <a 'java/lang/NoSuchMethodError'{0x0000000089a37c18}: 'java.lang.Object java.lang.invoke.Invokers$Holder.linkToTargetMethod(java.lang.Object, java.lang.Object, java.lang.Object, java.lang.Object, java.lang.Object, java.lang.Object)'> (0x0000000089a37c18) thrown at [./src/hotspot/share/interpreter/linkResolver.cpp, line 773]
Event: 4.408 Thread 0x00000208741f3800 Implicit null exception at 0x0000020807c0ff4c to 0x0000020807c10028
Event: 4.408 Thread 0x00000208741f3800 Implicit null exception at 0x0000020807b2c1de to 0x0000020807b2c942
Event: 4.408 Thread 0x00000208741f3800 Implicit null exception at 0x0000020807b30a2f to 0x0000020807b30a9d
Event: 4.472 Thread 0x00000208741f3800 Exception <a 'java/lang/NoSuchMethodError'{0x0000000088f853f8}: 'java.lang.Object java.lang.invoke.Invokers$Holder.linkToTargetMethod(java.lang.Object, java.lang.Object, java.lang.Object, int, int, java.lang.Object)'> (0x0000000088f853f8) thrown at [./src/hotspot/share/interpreter/linkResolver.cpp, line 773]
Event: 4.496 Thread 0x00000208741f3800 Exception <a 'java/lang/NoSuchMethodError'{0x0000000088e82180}: 'int java.lang.invoke.DirectMethodHandle$Holder.invokeStaticInit(java.lang.Object, int)'> (0x0000000088e82180) thrown at [./src/hotspot/share/interpreter/linkResolver.cpp, line 773]
Event: 4.608 Thread 0x00000208741f3800 Exception <a 'java/lang/NoSuchMethodError'{0x0000000088828818}: 'java.lang.Object java.lang.invoke.Invokers$Holder.linkToTargetMethod(java.lang.Object, java.lang.Object, java.lang.Object, java.lang.Object, java.lang.Object, java.lang.Object, java.lang.Object)'> (0x0000000088828818) thrown at [./src/hotspot/share/interpreter/linkResolver.cpp, line 773]
Event: 4.830 Thread 0x00000208741f3800 Exception <a 'java/lang/NoSuchMethodError'{0x0000000088150648}: 'java.lang.Object java.lang.invoke.DirectMethodHandle$Holder.invokeInterface(java.lang.Object, java.lang.Object, java.lang.Object)'> (0x0000000088150648) thrown at [./src/hotspot/share/interpreter/linkResolver.cpp, line 773]
Event: 4.831 Thread 0x00000208741f3800 Exception <a 'java/lang/IncompatibleClassChangeError'{0x0000000088153878}: Found class java.lang.Object, but interface was expected> (0x0000000088153878) thrown at [./src/hotspot/share/interpreter/linkResolver.cpp, line 839]
Event: 5.113 Thread 0x00000208741f3800 Exception <a 'java/lang/NoSuchMethodError'{0x000000008ae9bb40}: 'java.lang.Object java.lang.invoke.DirectMethodHandle$Holder.invokeStatic(java.lang.Object, int, java.lang.Object, java.lang.Object)'> (0x000000008ae9bb40) thrown at [./src/hotspot/share/interpreter/linkResolver.cpp, line 773]
Event: 5.783 Thread 0x00000208741f3800 Implicit null exception at 0x0000020807e66d9f to 0x0000020807e6b480
Event: 6.049 Thread 0x00000208741f3800 Implicit null exception at 0x0000020807f35265 to 0x0000020807f358c0
Event: 6.099 Thread 0x00000208741f3800 Implicit null exception at 0x0000020807b28775 to 0x0000020807b2893c

Events (20 events):
Event: 6.287 loading class org/jetbrains/kotlin/resolve/calls/smartcasts/ConditionalDataFlowInfo$Companion done
Event: 6.288 loading class org/jetbrains/kotlin/types/expressions/PatternMatchingTypingVisitor$checkWhenCondition$1
Event: 6.288 loading class org/jetbrains/kotlin/types/expressions/PatternMatchingTypingVisitor$checkWhenCondition$1 done
Event: 6.292 loading class org/jetbrains/kotlin/types/expressions/PatternMatchingTypingVisitor$Subject$None
Event: 6.292 loading class org/jetbrains/kotlin/types/expressions/PatternMatchingTypingVisitor$Subject$None done
Event: 6.295 loading class org/jetbrains/kotlin/types/expressions/PatternMatchingTypingVisitor$inferTypeForWhenExpression$resolvedCall$1
Event: 6.295 loading class org/jetbrains/kotlin/types/expressions/PatternMatchingTypingVisitor$inferTypeForWhenExpression$resolvedCall$1 done
Event: 6.296 loading class java/util/Collections$CopiesList
Event: 6.296 loading class java/util/Collections$CopiesList done
Event: 6.331 loading class org/jetbrains/kotlin/resolve/constants/evaluate/ConstantExpressionEvaluatorVisitor$evaluateBinaryAndCheck$1
Event: 6.331 loading class org/jetbrains/kotlin/resolve/constants/evaluate/ConstantExpressionEvaluatorVisitor$evaluateBinaryAndCheck$1 done
Event: 6.331 loading class org/jetbrains/kotlin/resolve/constants/evaluate/OperationsMapGeneratedKt
Event: 6.331 loading class org/jetbrains/kotlin/resolve/constants/evaluate/OperationsMapGeneratedKt done
Event: 6.333 loading class org/jetbrains/kotlin/resolve/constants/evaluate/OperationsMapGeneratedKt$WhenMappings
Event: 6.333 loading class org/jetbrains/kotlin/resolve/constants/evaluate/OperationsMapGeneratedKt$WhenMappings done
Event: 6.343 loading class org/jetbrains/kotlin/diagnostics/WhenMissingCase$Unknown
Event: 6.343 loading class org/jetbrains/kotlin/diagnostics/WhenMissingCase$Unknown done
Event: 6.343 loading class org/jetbrains/kotlin/diagnostics/WhenMissingCase
Event: 6.343 loading class org/jetbrains/kotlin/diagnostics/WhenMissingCase done
Event: 6.352 Executing VM operation: G1CollectForAllocation


Dynamic libraries:
0x00007ff7e0290000 - 0x00007ff7e029a000 	C:\Users\Dark Knight\Desktop\Android Studio\jre\bin\java.exe
0x00007fface0c0000 - 0x00007fface2c9000 	C:\WINDOWS\SYSTEM32\ntdll.dll
0x00007ffaccbd0000 - 0x00007ffaccc8d000 	C:\WINDOWS\System32\KERNEL32.DLL
0x00007ffacb7a0000 - 0x00007ffacbb14000 	C:\WINDOWS\System32\KERNELBASE.dll
0x00007ffacb5b0000 - 0x00007ffacb6c1000 	C:\WINDOWS\System32\ucrtbase.dll
0x00007ffab8a00000 - 0x00007ffab8a19000 	C:\Users\Dark Knight\Desktop\Android Studio\jre\bin\jli.dll
0x00007ffaa27b0000 - 0x00007ffaa27c7000 	C:\Users\Dark Knight\Desktop\Android Studio\jre\bin\VCRUNTIME140.dll
0x00007ffacde00000 - 0x00007ffacdfac000 	C:\WINDOWS\System32\USER32.dll
0x00007ffacb770000 - 0x00007ffacb796000 	C:\WINDOWS\System32\win32u.dll
0x00007ffab3f80000 - 0x00007ffab4225000 	C:\WINDOWS\WinSxS\amd64_microsoft.windows.common-controls_6595b64144ccf1df_6.0.22000.120_none_9d947278b86cc467\COMCTL32.dll
0x00007ffaccc90000 - 0x00007ffacccb9000 	C:\WINDOWS\System32\GDI32.dll
0x00007ffacbdd0000 - 0x00007ffacbee2000 	C:\WINDOWS\System32\gdi32full.dll
0x00007ffaccb20000 - 0x00007ffaccbc3000 	C:\WINDOWS\System32\msvcrt.dll
0x00007ffacb6d0000 - 0x00007ffacb76d000 	C:\WINDOWS\System32\msvcp_win.dll
0x00007ffaccad0000 - 0x00007ffaccb01000 	C:\WINDOWS\System32\IMM32.DLL
0x00007ffa74880000 - 0x00007ffa7491d000 	C:\Users\Dark Knight\Desktop\Android Studio\jre\bin\msvcp140.dll
0x00007ffa47cc0000 - 0x00007ffa4877c000 	C:\Users\Dark Knight\Desktop\Android Studio\jre\bin\server\jvm.dll
0x00007ffacc600000 - 0x00007ffacc6ae000 	C:\WINDOWS\System32\ADVAPI32.dll
0x00007ffacc480000 - 0x00007ffacc51e000 	C:\WINDOWS\System32\sechost.dll
0x00007ffacc870000 - 0x00007ffacc990000 	C:\WINDOWS\System32\RPCRT4.dll
0x00007fface060000 - 0x00007fface068000 	C:\WINDOWS\System32\PSAPI.DLL
0x00007ffab6110000 - 0x00007ffab6119000 	C:\WINDOWS\SYSTEM32\WSOCK32.dll
0x00007ffac4c90000 - 0x00007ffac4cc3000 	C:\WINDOWS\SYSTEM32\WINMM.dll
0x00007ffacdaa0000 - 0x00007ffacdb0f000 	C:\WINDOWS\System32\WS2_32.dll
0x00007ffac4200000 - 0x00007ffac420a000 	C:\WINDOWS\SYSTEM32\VERSION.dll
0x00007ffaca7a0000 - 0x00007ffaca7b8000 	C:\WINDOWS\SYSTEM32\kernel.appcore.dll
0x00007ffabb190000 - 0x00007ffabb1a1000 	C:\Users\Dark Knight\Desktop\Android Studio\jre\bin\verify.dll
0x00007ffac9140000 - 0x00007ffac9361000 	C:\WINDOWS\SYSTEM32\DBGHELP.DLL
0x00007ffab8cd0000 - 0x00007ffab8d01000 	C:\WINDOWS\SYSTEM32\dbgcore.DLL
0x00007ffacbbe0000 - 0x00007ffacbc5f000 	C:\WINDOWS\System32\bcryptPrimitives.dll
0x00007ffabac00000 - 0x00007ffabac29000 	C:\Users\Dark Knight\Desktop\Android Studio\jre\bin\java.dll
0x00007ffac5a90000 - 0x00007ffac5a9b000 	C:\Users\Dark Knight\Desktop\Android Studio\jre\bin\jimage.dll
0x00007ffababe0000 - 0x00007ffababf8000 	C:\Users\Dark Knight\Desktop\Android Studio\jre\bin\zip.dll
0x00007ffacccc0000 - 0x00007ffacd46e000 	C:\WINDOWS\System32\SHELL32.dll
0x00007ffac9730000 - 0x00007ffac9f97000 	C:\WINDOWS\SYSTEM32\windows.storage.dll
0x00007ffacbf60000 - 0x00007ffacc2d8000 	C:\WINDOWS\System32\combase.dll
0x00007ffac95c0000 - 0x00007ffac9726000 	C:\WINDOWS\SYSTEM32\wintypes.dll
0x00007ffacd9b0000 - 0x00007ffacda9a000 	C:\WINDOWS\System32\SHCORE.dll
0x00007ffacc5a0000 - 0x00007ffacc5fd000 	C:\WINDOWS\System32\shlwapi.dll
0x00007ffacb4e0000 - 0x00007ffacb501000 	C:\WINDOWS\SYSTEM32\profapi.dll
0x00007ffabaab0000 - 0x00007ffabaaca000 	C:\Users\Dark Knight\Desktop\Android Studio\jre\bin\net.dll
0x00007ffac42e0000 - 0x00007ffac43ec000 	C:\WINDOWS\SYSTEM32\WINHTTP.dll
0x00007ffacabd0000 - 0x00007ffacac37000 	C:\WINDOWS\system32\mswsock.dll
0x00007ffabaa90000 - 0x00007ffabaaa4000 	C:\Users\Dark Knight\Desktop\Android Studio\jre\bin\nio.dll

dbghelp: loaded successfully - version: 4.0.5 - missing functions: none
symbol engine: initialized successfully - sym options: 0x614 - pdb path: .;C:\Users\Dark Knight\Desktop\Android Studio\jre\bin;C:\WINDOWS\SYSTEM32;C:\WINDOWS\WinSxS\amd64_microsoft.windows.common-controls_6595b64144ccf1df_6.0.22000.120_none_9d947278b86cc467;C:\Users\Dark Knight\Desktop\Android Studio\jre\bin\server

VM Arguments:
java_command: org.jetbrains.kotlin.cli.jvm.K2JVMCompiler @C:\Android Projects\Projemanag\app\build\20220215_1408207405464959425.compiler.options
java_class_path (initial): C:\Users\Dark Knight\.gradle\caches\modules-2\files-2.1\org.jetbrains.kotlin\kotlin-compiler-embeddable\1.5.31\cc18c29253541dc57c25c3ef514d63c7953ae1a6\kotlin-compiler-embeddable-1.5.31.jar;C:\Users\Dark Knight\.gradle\caches\modules-2\files-2.1\org.jetbrains.kotlin\kotlin-reflect\1.5.31\1523fcd842a47da0820cea772b19c51056fec8a9\kotlin-reflect-1.5.31.jar;C:\Users\Dark Knight\.gradle\caches\modules-2\files-2.1\org.jetbrains.kotlin\kotlin-stdlib\1.5.31\6628d61d0f5603568e72d2d5915d2c034b4f1c55\kotlin-stdlib-1.5.31.jar;C:\Users\Dark Knight\.gradle\caches\modules-2\files-2.1\org.jetbrains.kotlin\kotlin-script-runtime\1.5.31\aaea854be2cfc06373dfc11be5a6ba9ca5ca84a6\kotlin-script-runtime-1.5.31.jar;C:\Users\Dark Knight\.gradle\caches\modules-2\files-2.1\org.jetbrains.kotlin\kotlin-daemon-embeddable\1.5.31\d19b549661e28c62781683dc7c7e34bf416974f1\kotlin-daemon-embeddable-1.5.31.jar;C:\Users\Dark Knight\.gradle\caches\modules-2\files-2.1\org.jetbrains.intellij.deps\trove4j\1.0.20181211\216c2e14b070f334479d800987affe4054cd563f\trove4j-1.0.20181211.jar;C:\Users\Dark Knight\.gradle\caches\modules-2\files-2.1\org.jetbrains\annotations\13.0\919f0dfe192fb4e063e7dacadee7f8bb9a2672a9\annotations-13.0.jar;C:\Users\Dark Knight\.gradle\caches\modules-2\files-2.1\org.jetbrains.kotlin\kotlin-stdlib-common\1.5.31\43331609c7de811fed085e0dfd150874b157c32\kotlin-stdlib-common-1.5.31.jar
Launcher Type: SUN_STANDARD

[Global flags]
     intx CICompilerCount                          = 4                                         {product} {ergonomic}
     uint ConcGCThreads                            = 2                                         {product} {ergonomic}
     uint G1ConcRefinementThreads                  = 8                                         {product} {ergonomic}
   size_t G1HeapRegionSize                         = 1048576                                   {product} {ergonomic}
    uintx GCDrainStackTargetSize                   = 64                                        {product} {ergonomic}
   size_t InitialHeapSize                          = 134217728                                 {product} {ergonomic}
   size_t MarkStackSize                            = 4194304                                   {product} {ergonomic}
   size_t MaxHeapSize                              = 2118123520                                {product} {ergonomic}
   size_t MaxNewSize                               = 1270874112                                {product} {ergonomic}
   size_t MinHeapDeltaBytes                        = 1048576                                   {product} {ergonomic}
    uintx NonNMethodCodeHeapSize                   = 5836300                                {pd product} {ergonomic}
    uintx NonProfiledCodeHeapSize                  = 122910970                              {pd product} {ergonomic}
    uintx ProfiledCodeHeapSize                     = 122910970                              {pd product} {ergonomic}
    uintx ReservedCodeCacheSize                    = 251658240                              {pd product} {ergonomic}
     bool SegmentedCodeCache                       = true                                      {product} {ergonomic}
     bool UseCompressedClassPointers               = true                                 {lp64_product} {ergonomic}
     bool UseCompressedOops                        = true                                 {lp64_product} {ergonomic}
     bool UseG1GC                                  = true                                      {product} {ergonomic}
     bool UseLargePagesIndividualAllocation        = false                                  {pd product} {ergonomic}

Logging:
Log output configuration:
 #0: stdout all=warning uptime,level,tags
 #1: stderr all=off uptime,level,tags

Environment Variables:
PATH=C:\Windows\system32;C:\Windows;C:\Windows\System32\Wbem;C:\Windows\System32\WindowsPowerShell\v1.0\;C:\Windows\System32\OpenSSH\;C:\Program Files (x86)\NVIDIA Corporation\PhysX\Common;C:\Program Files\NVIDIA Corporation\NVIDIA NvDLISR;C:\WINDOWS\system32;C:\WINDOWS;C:\WINDOWS\System32\Wbem;C:\WINDOWS\System32\WindowsPowerShell\v1.0\;C:\WINDOWS\System32\OpenSSH\;C:\MinGW\bin;C:\Program Files\MEGA-X;C:\WINDOWS\system32;C:\WINDOWS;C:\WINDOWS\System32\Wbem;C:\WINDOWS\System32\WindowsPowerShell\v1.0\;C:\WINDOWS\System32\OpenSSH\;C:\Users\Dark Knight\AppData\Local\Microsoft\WindowsApps;C:\Users\Dark Knight\AppData\Local\atom\bin;C:\MinGW\bin;C:\Program Files (x86)\Microsoft Visual Studio\2019\BuildTools\MSBuild\Current\Bin;C:\Users\Dark Knight\AppData\Local\Microsoft\WindowsApps;
USERNAME=Dark Knight
OS=Windows_NT
PROCESSOR_IDENTIFIER=Intel64 Family 6 Model 158 Stepping 10, GenuineIntel



---------------  S Y S T E M  ---------------

OS: Windows 10 , 64 bit Build 22000 (10.0.22000.434)
OS uptime: 0 days 22:42 hours

CPU:total 8 (initial active 8) (4 cores per cpu, 2 threads per core) family 6 model 158 stepping 10, cmov, cx8, fxsr, mmx, sse, sse2, sse3, ssse3, sse4.1, sse4.2, popcnt, avx, avx2, aes, clmul, erms, 3dnowpref, lzcnt, ht, tsc, tscinvbit, bmi1, bmi2, adx, fma

Memory: 4k page, system-wide physical 8072M (407M free)
TotalPageFile size 12168M (AvailPageFile size 21M)
current process WorkingSet (physical memory assigned to process): 354M, peak: 354M
current process commit charge ("private bytes"): 394M, peak: 448M

vm_info: OpenJDK 64-Bit Server VM (11.0.8+10-b944.6842174) for windows-amd64 JRE (11.0.8+10-b944.6842174), built on Sep 19 2020 01:11:42 by "builder" with MS VC++ 14.0 (VS2015)

END.
