#
# There is insufficient memory for the Java Runtime Environment to continue.
# Native memory allocation (malloc) failed to allocate 1090416 bytes for Chunk::new
# Possible reasons:
#   The system is out of physical RAM or swap space
#   The process is running with CompressedOops enabled, and the Java Heap may be blocking the growth of the native heap
# Possible solutions:
#   Reduce memory load on the system
#   Increase physical memory or swap space
#   Check if swap backing store is full
#   Decrease Java heap size (-Xmx/-Xms)
#   Decrease number of Java threads
#   Decrease Java thread stack sizes (-Xss)
#   Set larger code cache with -XX:ReservedCodeCacheSize=
#   JVM is running with Unscaled Compressed Oops mode in which the Java heap is
#     placed in the first 4GB address space. The Java Heap base address is the
#     maximum limit for the native heap growth. Please use -XX:HeapBaseMinAddress
#     to set the Java Heap base and to place the Java Heap above 4GB virtual address.
# This output file may be truncated or incomplete.
#
#  Out of Memory Error (./src/hotspot/share/memory/arena.cpp:197), pid=25928, tid=22772
#
# JRE version: OpenJDK Runtime Environment (11.0.8+10) (build 11.0.8+10-b944.6842174)
# Java VM: OpenJDK 64-Bit Server VM (11.0.8+10-b944.6842174, mixed mode, tiered, compressed oops, g1 gc, windows-amd64)
# No core dump will be written. Minidumps are not enabled by default on client versions of Windows
#

---------------  S U M M A R Y ------------

Command Line: --add-opens=java.base/java.util=ALL-UNNAMED --add-opens=java.base/java.lang=ALL-UNNAMED --add-opens=java.base/java.lang.invoke=ALL-UNNAMED --add-opens=java.prefs/java.util.prefs=ALL-UNNAMED -Xmx2048m -Dfile.encoding=UTF-8 -Duser.country=IN -Duser.language=en -Duser.variant org.gradle.launcher.daemon.bootstrap.GradleDaemon 6.7.1

Host: Intel(R) Core(TM) i5-9300H CPU @ 2.40GHz, 8 cores, 7G,  Windows 10 , 64 bit Build 19041 (10.0.19041.1466)
Time: Wed Feb  2 17:45:58 2022 India Standard Time elapsed time: 7 seconds (0d 0h 0m 7s)

---------------  T H R E A D  ---------------

Current thread (0x000001fab8d59000):  JavaThread "C2 CompilerThread0" daemon [_thread_in_native, id=22772, stack(0x000000aab3600000,0x000000aab3700000)]


Current CompileTask:
C2:   7130 5470       4       java.util.TreeMap::put (247 bytes)

Stack: [0x000000aab3600000,0x000000aab3700000]
Native frames: (J=compiled Java code, j=interpreted, Vv=VM code, C=native code)
V  [jvm.dll+0x5de50a]
V  [jvm.dll+0x7122f5]
V  [jvm.dll+0x71384d]
V  [jvm.dll+0x713f03]
V  [jvm.dll+0x23e728]
V  [jvm.dll+0xb899c]
V  [jvm.dll+0xb8e9c]
V  [jvm.dll+0x35024d]
V  [jvm.dll+0x31dea3]
V  [jvm.dll+0x31d39a]
V  [jvm.dll+0x1f7702]
V  [jvm.dll+0x1f68d4]
V  [jvm.dll+0x17f32c]
V  [jvm.dll+0x205047]
V  [jvm.dll+0x203891]
V  [jvm.dll+0x6dad3f]
V  [jvm.dll+0x6d3895]
V  [jvm.dll+0x5dd4a6]
C  [ucrtbase.dll+0x21bb2]
C  [KERNEL32.DLL+0x17034]
C  [ntdll.dll+0x52651]


---------------  P R O C E S S  ---------------

Threads class SMR info:
_java_thread_list=0x000001fabecb2710, length=162, elements={
0x000001fa9ca5b000, 0x000001fab8d3f000, 0x000001fab8d40800, 0x000001fab96c2800,
0x000001fab8d55800, 0x000001fab8d59000, 0x000001fab8d62800, 0x000001fab8d65800,
0x000001fab981f000, 0x000001fab9838800, 0x000001fabc331800, 0x000001fab9a80800,
0x000001fabb4de800, 0x000001fabbebd800, 0x000001fabb245800, 0x000001fabb727800,
0x000001fabb74b800, 0x000001fabb8a2800, 0x000001fabb9ef800, 0x000001fabb208000,
0x000001faba1e9800, 0x000001faba1ea800, 0x000001faba1eb000, 0x000001fabb999800,
0x000001faba1e8800, 0x000001faba1e7000, 0x000001faba1ec000, 0x000001fabc249000,
0x000001faba1e6000, 0x000001faba1ec800, 0x000001faba1e8000, 0x000001fabcdfc800,
0x000001fabcdfd000, 0x000001fabcdf9000, 0x000001fabcdf8000, 0x000001fabcdfb800,
0x000001fabcdfe800, 0x000001fabcdff800, 0x000001fabcdfa000, 0x000001fabce00800,
0x000001fabcdfa800, 0x000001fabce02000, 0x000001fabce03000, 0x000001fabce01000,
0x000001fabce04800, 0x000001fabce03800, 0x000001fabce05000, 0x000001fabd4af000,
0x000001fabd4a9800, 0x000001fabd4aa800, 0x000001fabd4ab000, 0x000001fabd4ac800,
0x000001fabd4ac000, 0x000001fabd4b0000, 0x000001fabd4ad800, 0x000001fabd4ae800,
0x000001fabb809800, 0x000001fabb80e000, 0x000001fabb80b000, 0x000001fabb80a000,
0x000001fabb80f000, 0x000001fabb810000, 0x000001fabb80c800, 0x000001fabb810800,
0x000001fabb811800, 0x000001fabb80d800, 0x000001fabb80b800, 0x000001fabb818000,
0x000001fabb814000, 0x000001fabb816800, 0x000001fabb817000, 0x000001fabb812000,
0x000001fabb813000, 0x000001fabb814800, 0x000001fabb815800, 0x000001fabb5f8000,
0x000001fabb5f5800, 0x000001fabb5f4000, 0x000001fabb5f9000, 0x000001fabb5f7800,
0x000001fabb5f3800, 0x000001fabb5fa000, 0x000001fabb5fa800, 0x000001fabb5f5000,
0x000001fabb5f6800, 0x000001fabb5ff800, 0x000001fabb600800, 0x000001fabb601000,
0x000001fabb5fb800, 0x000001fabb5fe800, 0x000001fabb602000, 0x000001fabb5fc800,
0x000001fabb5fd000, 0x000001fabb5fe000, 0x000001fabbb5a000, 0x000001fabbb5b800,
0x000001fabbb5b000, 0x000001fabbb56800, 0x000001fabbb59000, 0x000001fabbb56000,
0x000001fabbb5c800, 0x000001fabbb5d000, 0x000001fabbb57800, 0x000001fabbb5e000,
0x000001fabbb58800, 0x000001fabbb60800, 0x000001fabbb63000, 0x000001fabbb64000,
0x000001fabbb62000, 0x000001fabbb5f800, 0x000001fabbb5f000, 0x000001fabbb64800,
0x000001fabbb61800, 0x000001fab9c56800, 0x000001fab9c58000, 0x000001fab9c55800,
0x000001fab9c59000, 0x000001fab9c57800, 0x000001fab9c5a800, 0x000001fab9c55000,
0x000001fab9c5c000, 0x000001fab9c5d000, 0x000001fab9c5b800, 0x000001fab9c5e000,
0x000001fab9c5e800, 0x000001fab9c5f800, 0x000001fab9c5a000, 0x000001fab9c63800,
0x000001fab9c60800, 0x000001fab9c61000, 0x000001fab9c62000, 0x000001fab9c63000,
0x000001fabf2da800, 0x000001fabf2db800, 0x000001fabf2da000, 0x000001fabf2dc800,
0x000001fabf2d9000, 0x000001fabf2dd000, 0x000001fabf2de000, 0x000001fabf2d8000,
0x000001fabf2e3000, 0x000001fabf2e1000, 0x000001fabf2e3800, 0x000001fabf2e2000,
0x000001fabf2e0800, 0x000001fabf2e4800, 0x000001fabf2df800, 0x000001fabf2de800,
0x000001fabf2e5000, 0x000001fabf2e6000, 0x000001fabf2e7000, 0x000001fabf313800,
0x000001fabf314000, 0x000001fabf311000, 0x000001fabf30e800, 0x000001fabf315000,
0x000001fabf30f800, 0x000001fabf316000, 0x000001fabf312800, 0x000001fabf310000,
0x000001fabf316800, 0x000001fabf311800
}

Java Threads: ( => current thread )
  0x000001fa9ca5b000 JavaThread "main" [_thread_blocked, id=24996, stack(0x000000aab2b00000,0x000000aab2c00000)]
  0x000001fab8d3f000 JavaThread "Reference Handler" daemon [_thread_blocked, id=1848, stack(0x000000aab3200000,0x000000aab3300000)]
  0x000001fab8d40800 JavaThread "Finalizer" daemon [_thread_blocked, id=18312, stack(0x000000aab3300000,0x000000aab3400000)]
  0x000001fab96c2800 JavaThread "Signal Dispatcher" daemon [_thread_blocked, id=22228, stack(0x000000aab3400000,0x000000aab3500000)]
  0x000001fab8d55800 JavaThread "Attach Listener" daemon [_thread_blocked, id=24072, stack(0x000000aab3500000,0x000000aab3600000)]
=>0x000001fab8d59000 JavaThread "C2 CompilerThread0" daemon [_thread_in_native, id=22772, stack(0x000000aab3600000,0x000000aab3700000)]
  0x000001fab8d62800 JavaThread "C1 CompilerThread0" daemon [_thread_in_native, id=26660, stack(0x000000aab3700000,0x000000aab3800000)]
  0x000001fab8d65800 JavaThread "Sweeper thread" daemon [_thread_blocked, id=26804, stack(0x000000aab3800000,0x000000aab3900000)]
  0x000001fab981f000 JavaThread "Common-Cleaner" daemon [_thread_blocked, id=9840, stack(0x000000aab3900000,0x000000aab3a00000)]
  0x000001fab9838800 JavaThread "Service Thread" daemon [_thread_blocked, id=20276, stack(0x000000aab3a00000,0x000000aab3b00000)]
  0x000001fabc331800 JavaThread "Daemon health stats" [_thread_blocked, id=22324, stack(0x000000aab4000000,0x000000aab4100000)]
  0x000001fab9a80800 JavaThread "Incoming local TCP Connector on port 60671" [_thread_in_native, id=11304, stack(0x000000aab4100000,0x000000aab4200000)]
  0x000001fabb4de800 JavaThread "Daemon periodic checks" [_thread_blocked, id=2256, stack(0x000000aab4200000,0x000000aab4300000)]
  0x000001fabbebd800 JavaThread "Daemon" [_thread_blocked, id=28488, stack(0x000000aab4300000,0x000000aab4400000)]
  0x000001fabb245800 JavaThread "Handler for socket connection from /127.0.0.1:60671 to /127.0.0.1:60672" [_thread_in_native, id=25264, stack(0x000000aab4400000,0x000000aab4500000)]
  0x000001fabb727800 JavaThread "Cancel handler" [_thread_blocked, id=14016, stack(0x000000aab4500000,0x000000aab4600000)]
  0x000001fabb74b800 JavaThread "Daemon worker" [_thread_in_Java, id=27040, stack(0x000000aab4600000,0x000000aab4700000)]
  0x000001fabb8a2800 JavaThread "Asynchronous log dispatcher for DefaultDaemonConnection: socket connection from /127.0.0.1:60671 to /127.0.0.1:60672" [_thread_blocked, id=14572, stack(0x000000aab4700000,0x000000aab4800000)]
  0x000001fabb9ef800 JavaThread "Stdin handler" [_thread_blocked, id=20244, stack(0x000000aab4800000,0x000000aab4900000)]
  0x000001fabb208000 JavaThread "Thread-8" [_thread_blocked, id=13164, stack(0x000000aab4900000,0x000000aab4a00000)]
  0x000001faba1e9800 JavaThread "Cache worker for file hash cache (C:\Users\Dark Knight\.gradle\caches\6.7.1\fileHashes)" [_thread_blocked, id=25112, stack(0x000000aab4f00000,0x000000aab5000000)]
  0x000001faba1ea800 JavaThread "File lock request listener" [_thread_in_native, id=20808, stack(0x000000aab5000000,0x000000aab5100000)]
  0x000001faba1eb000 JavaThread "Cache worker for journal cache (C:\Users\Dark Knight\.gradle\caches\journal-1)" [_thread_blocked, id=27672, stack(0x000000aab5200000,0x000000aab5300000)]
  0x000001fabb999800 JavaThread "C2 CompilerThread1" daemon [_thread_in_native, id=28504, stack(0x000000aab5300000,0x000000aab5400000)]
  0x000001faba1e8800 JavaThread "Cache worker for file hash cache (C:\Android Projects\Projemanag\.gradle\6.7.1\fileHashes)" [_thread_blocked, id=18536, stack(0x000000aab5400000,0x000000aab5500000)]
  0x000001faba1e7000 JavaThread "Cache worker for checksums cache (C:\Android Projects\Projemanag\.gradle\checksums)" [_thread_blocked, id=22416, stack(0x000000aab5500000,0x000000aab5600000)]
  0x000001faba1ec000 JavaThread "Cache worker for cache directory md-supplier (C:\Users\Dark Knight\.gradle\caches\6.7.1\md-supplier)" [_thread_blocked, id=24296, stack(0x000000aab5600000,0x000000aab5700000)]
  0x000001fabc249000 JavaThread "C2 CompilerThread2" daemon [_thread_in_native, id=27132, stack(0x000000aab5700000,0x000000aab5800000)]
  0x000001faba1e6000 JavaThread "Cache worker for cache directory md-rule (C:\Users\Dark Knight\.gradle\caches\6.7.1\md-rule)" [_thread_blocked, id=23184, stack(0x000000aab5800000,0x000000aab5900000)]
  0x000001faba1ec800 JavaThread "Cache worker for execution history cache (C:\Users\Dark Knight\.gradle\caches\6.7.1\executionHistory)" [_thread_blocked, id=8668, stack(0x000000aab5900000,0x000000aab5a00000)]
  0x000001faba1e8000 JavaThread "jar transforms" [_thread_blocked, id=11788, stack(0x000000aab5a00000,0x000000aab5b00000)]
  0x000001fabcdfc800 JavaThread "Cache worker for file content cache (C:\Users\Dark Knight\.gradle\caches\6.7.1\fileContent)" [_thread_blocked, id=28480, stack(0x000000aab5b00000,0x000000aab5c00000)]
  0x000001fabcdfd000 JavaThread "Cache worker for Build Output Cleanup Cache (C:\Android Projects\Projemanag\.gradle\buildOutputCleanup)" [_thread_blocked, id=8052, stack(0x000000aab5c00000,0x000000aab5d00000)]
  0x000001fabcdf9000 JavaThread "Build operations" [_thread_blocked, id=9928, stack(0x000000aab5d00000,0x000000aab5e00000)]
  0x000001fabcdf8000 JavaThread "Build operations Thread 2" [_thread_blocked, id=27832, stack(0x000000aab5e00000,0x000000aab5f00000)]
  0x000001fabcdfb800 JavaThread "Build operations Thread 3" [_thread_blocked, id=27736, stack(0x000000aab5f00000,0x000000aab6000000)]
  0x000001fabcdfe800 JavaThread "Build operations Thread 4" [_thread_blocked, id=17316, stack(0x000000aab6000000,0x000000aab6100000)]
  0x000001fabcdff800 JavaThread "Build operations Thread 5" [_thread_blocked, id=26160, stack(0x000000aab6100000,0x000000aab6200000)]
  0x000001fabcdfa000 JavaThread "Build operations Thread 6" [_thread_blocked, id=27720, stack(0x000000aab6200000,0x000000aab6300000)]
  0x000001fabce00800 JavaThread "Build operations Thread 7" [_thread_blocked, id=28340, stack(0x000000aab6300000,0x000000aab6400000)]
  0x000001fabcdfa800 JavaThread "Build operations Thread 8" [_thread_blocked, id=24872, stack(0x000000aab6400000,0x000000aab6500000)]
  0x000001fabce02000 JavaThread "jar transforms Thread 2" [_thread_blocked, id=12180, stack(0x000000aab6500000,0x000000aab6600000)]
  0x000001fabce03000 JavaThread "jar transforms Thread 3" [_thread_blocked, id=10228, stack(0x000000aab6600000,0x000000aab6700000)]
  0x000001fabce01000 JavaThread "jar transforms Thread 4" [_thread_blocked, id=25940, stack(0x000000aab6700000,0x000000aab6800000)]
  0x000001fabce04800 JavaThread "jar transforms Thread 5" [_thread_blocked, id=21400, stack(0x000000aab6800000,0x000000aab6900000)]
  0x000001fabce03800 JavaThread "jar transforms Thread 6" [_thread_blocked, id=10704, stack(0x000000aab6900000,0x000000aab6a00000)]
  0x000001fabce05000 JavaThread "jar transforms Thread 7" [_thread_blocked, id=23376, stack(0x000000aab6a00000,0x000000aab6b00000)]
  0x000001fabd4af000 JavaThread "jar transforms Thread 8" [_thread_blocked, id=14236, stack(0x000000aab6b00000,0x000000aab6c00000)]
  0x000001fabd4a9800 JavaThread "jar transforms Thread 9" [_thread_blocked, id=1716, stack(0x000000aab6c00000,0x000000aab6d00000)]
  0x000001fabd4aa800 JavaThread "jar transforms Thread 10" [_thread_blocked, id=21512, stack(0x000000aab6d00000,0x000000aab6e00000)]
  0x000001fabd4ab000 JavaThread "jar transforms Thread 11" [_thread_blocked, id=2692, stack(0x000000aab6e00000,0x000000aab6f00000)]
  0x000001fabd4ac800 JavaThread "jar transforms Thread 12" [_thread_blocked, id=12096, stack(0x000000aab6f00000,0x000000aab7000000)]
  0x000001fabd4ac000 JavaThread "jar transforms Thread 13" [_thread_blocked, id=24744, stack(0x000000aab7000000,0x000000aab7100000)]
  0x000001fabd4b0000 JavaThread "jar transforms Thread 14" [_thread_blocked, id=13212, stack(0x000000aab7100000,0x000000aab7200000)]
  0x000001fabd4ad800 JavaThread "jar transforms Thread 15" [_thread_blocked, id=15152, stack(0x000000aab7200000,0x000000aab7300000)]
  0x000001fabd4ae800 JavaThread "jar transforms Thread 16" [_thread_blocked, id=2688, stack(0x000000aab7300000,0x000000aab7400000)]
  0x000001fabb809800 JavaThread "jar transforms Thread 17" [_thread_blocked, id=20968, stack(0x000000aab7400000,0x000000aab7500000)]
  0x000001fabb80e000 JavaThread "jar transforms Thread 18" [_thread_blocked, id=23948, stack(0x000000aab7500000,0x000000aab7600000)]
  0x000001fabb80b000 JavaThread "jar transforms Thread 19" [_thread_blocked, id=7396, stack(0x000000aab7600000,0x000000aab7700000)]
  0x000001fabb80a000 JavaThread "jar transforms Thread 20" [_thread_blocked, id=28132, stack(0x000000aab7700000,0x000000aab7800000)]
  0x000001fabb80f000 JavaThread "jar transforms Thread 21" [_thread_blocked, id=4508, stack(0x000000aab7800000,0x000000aab7900000)]
  0x000001fabb810000 JavaThread "jar transforms Thread 22" [_thread_blocked, id=11096, stack(0x000000aab7900000,0x000000aab7a00000)]
  0x000001fabb80c800 JavaThread "jar transforms Thread 23" [_thread_blocked, id=1152, stack(0x000000aab7a00000,0x000000aab7b00000)]
  0x000001fabb810800 JavaThread "jar transforms Thread 24" [_thread_blocked, id=24504, stack(0x000000aab7b00000,0x000000aab7c00000)]
  0x000001fabb811800 JavaThread "jar transforms Thread 25" [_thread_blocked, id=22352, stack(0x000000aab7c00000,0x000000aab7d00000)]
  0x000001fabb80d800 JavaThread "jar transforms Thread 26" [_thread_blocked, id=27748, stack(0x000000aab7d00000,0x000000aab7e00000)]
  0x000001fabb80b800 JavaThread "jar transforms Thread 27" [_thread_blocked, id=4128, stack(0x000000aab7e00000,0x000000aab7f00000)]
  0x000001fabb818000 JavaThread "jar transforms Thread 28" [_thread_blocked, id=27904, stack(0x000000aab7f00000,0x000000aab8000000)]
  0x000001fabb814000 JavaThread "jar transforms Thread 29" [_thread_blocked, id=8268, stack(0x000000aab8000000,0x000000aab8100000)]
  0x000001fabb816800 JavaThread "jar transforms Thread 30" [_thread_blocked, id=13408, stack(0x000000aab8100000,0x000000aab8200000)]
  0x000001fabb817000 JavaThread "jar transforms Thread 31" [_thread_blocked, id=26232, stack(0x000000aab8200000,0x000000aab8300000)]
  0x000001fabb812000 JavaThread "jar transforms Thread 32" [_thread_blocked, id=13264, stack(0x000000aab8300000,0x000000aab8400000)]
  0x000001fabb813000 JavaThread "jar transforms Thread 33" [_thread_blocked, id=21140, stack(0x000000aab8400000,0x000000aab8500000)]
  0x000001fabb814800 JavaThread "jar transforms Thread 34" [_thread_blocked, id=24684, stack(0x000000aab8500000,0x000000aab8600000)]
  0x000001fabb815800 JavaThread "jar transforms Thread 35" [_thread_blocked, id=22868, stack(0x000000aab8600000,0x000000aab8700000)]
  0x000001fabb5f8000 JavaThread "jar transforms Thread 36" [_thread_blocked, id=12372, stack(0x000000aab8700000,0x000000aab8800000)]
  0x000001fabb5f5800 JavaThread "jar transforms Thread 37" [_thread_blocked, id=11224, stack(0x000000aab8800000,0x000000aab8900000)]
  0x000001fabb5f4000 JavaThread "jar transforms Thread 38" [_thread_blocked, id=24560, stack(0x000000aab8900000,0x000000aab8a00000)]
  0x000001fabb5f9000 JavaThread "jar transforms Thread 39" [_thread_blocked, id=26144, stack(0x000000aab8a00000,0x000000aab8b00000)]
  0x000001fabb5f7800 JavaThread "jar transforms Thread 40" [_thread_blocked, id=1196, stack(0x000000aab8b00000,0x000000aab8c00000)]
  0x000001fabb5f3800 JavaThread "jar transforms Thread 41" [_thread_blocked, id=15872, stack(0x000000aab8c00000,0x000000aab8d00000)]
  0x000001fabb5fa000 JavaThread "jar transforms Thread 42" [_thread_blocked, id=24144, stack(0x000000aab8d00000,0x000000aab8e00000)]
  0x000001fabb5fa800 JavaThread "jar transforms Thread 43" [_thread_blocked, id=5284, stack(0x000000aab8e00000,0x000000aab8f00000)]
  0x000001fabb5f5000 JavaThread "jar transforms Thread 44" [_thread_blocked, id=21364, stack(0x000000aab8f00000,0x000000aab9000000)]
  0x000001fabb5f6800 JavaThread "jar transforms Thread 45" [_thread_blocked, id=27484, stack(0x000000aab9000000,0x000000aab9100000)]
  0x000001fabb5ff800 JavaThread "jar transforms Thread 46" [_thread_blocked, id=25804, stack(0x000000aab9100000,0x000000aab9200000)]
  0x000001fabb600800 JavaThread "jar transforms Thread 47" [_thread_blocked, id=3048, stack(0x000000aab9200000,0x000000aab9300000)]
  0x000001fabb601000 JavaThread "jar transforms Thread 48" [_thread_blocked, id=15632, stack(0x000000aab9300000,0x000000aab9400000)]
  0x000001fabb5fb800 JavaThread "jar transforms Thread 49" [_thread_blocked, id=12972, stack(0x000000aab9400000,0x000000aab9500000)]
  0x000001fabb5fe800 JavaThread "jar transforms Thread 50" [_thread_blocked, id=21220, stack(0x000000aab9500000,0x000000aab9600000)]
  0x000001fabb602000 JavaThread "jar transforms Thread 51" [_thread_blocked, id=3212, stack(0x000000aab9600000,0x000000aab9700000)]
  0x000001fabb5fc800 JavaThread "jar transforms Thread 52" [_thread_blocked, id=21996, stack(0x000000aab9700000,0x000000aab9800000)]
  0x000001fabb5fd000 JavaThread "jar transforms Thread 53" [_thread_blocked, id=20904, stack(0x000000aab9800000,0x000000aab9900000)]
  0x000001fabb5fe000 JavaThread "jar transforms Thread 54" [_thread_blocked, id=27068, stack(0x000000aab9900000,0x000000aab9a00000)]
  0x000001fabbb5a000 JavaThread "jar transforms Thread 55" [_thread_blocked, id=24856, stack(0x000000aab9a00000,0x000000aab9b00000)]
  0x000001fabbb5b800 JavaThread "jar transforms Thread 56" [_thread_blocked, id=28556, stack(0x000000aab9b00000,0x000000aab9c00000)]
  0x000001fabbb5b000 JavaThread "jar transforms Thread 57" [_thread_blocked, id=27724, stack(0x000000aab9c00000,0x000000aab9d00000)]
  0x000001fabbb56800 JavaThread "jar transforms Thread 58" [_thread_blocked, id=17888, stack(0x000000aab9d00000,0x000000aab9e00000)]
  0x000001fabbb59000 JavaThread "jar transforms Thread 59" [_thread_blocked, id=28128, stack(0x000000aab9e00000,0x000000aab9f00000)]
  0x000001fabbb56000 JavaThread "jar transforms Thread 60" [_thread_blocked, id=9716, stack(0x000000aab9f00000,0x000000aaba000000)]
  0x000001fabbb5c800 JavaThread "jar transforms Thread 61" [_thread_blocked, id=3584, stack(0x000000aaba000000,0x000000aaba100000)]
  0x000001fabbb5d000 JavaThread "jar transforms Thread 62" [_thread_blocked, id=19620, stack(0x000000aaba100000,0x000000aaba200000)]
  0x000001fabbb57800 JavaThread "jar transforms Thread 63" [_thread_blocked, id=28520, stack(0x000000aaba200000,0x000000aaba300000)]
  0x000001fabbb5e000 JavaThread "jar transforms Thread 64" [_thread_blocked, id=18616, stack(0x000000aaba300000,0x000000aaba400000)]
  0x000001fabbb58800 JavaThread "jar transforms Thread 65" [_thread_blocked, id=21660, stack(0x000000aaba400000,0x000000aaba500000)]
  0x000001fabbb60800 JavaThread "jar transforms Thread 66" [_thread_blocked, id=23440, stack(0x000000aaba500000,0x000000aaba600000)]
  0x000001fabbb63000 JavaThread "jar transforms Thread 67" [_thread_blocked, id=22140, stack(0x000000aaba600000,0x000000aaba700000)]
  0x000001fabbb64000 JavaThread "jar transforms Thread 68" [_thread_blocked, id=19252, stack(0x000000aaba700000,0x000000aaba800000)]
  0x000001fabbb62000 JavaThread "jar transforms Thread 69" [_thread_blocked, id=27588, stack(0x000000aaba800000,0x000000aaba900000)]
  0x000001fabbb5f800 JavaThread "jar transforms Thread 70" [_thread_blocked, id=18780, stack(0x000000aaba900000,0x000000aabaa00000)]
  0x000001fabbb5f000 JavaThread "jar transforms Thread 71" [_thread_blocked, id=17300, stack(0x000000aabaa00000,0x000000aabab00000)]
  0x000001fabbb64800 JavaThread "jar transforms Thread 72" [_thread_blocked, id=17944, stack(0x000000aabab00000,0x000000aabac00000)]
  0x000001fabbb61800 JavaThread "jar transforms Thread 73" [_thread_blocked, id=11976, stack(0x000000aabac00000,0x000000aabad00000)]
  0x000001fab9c56800 JavaThread "jar transforms Thread 74" [_thread_blocked, id=18040, stack(0x000000aabad00000,0x000000aabae00000)]
  0x000001fab9c58000 JavaThread "jar transforms Thread 75" [_thread_blocked, id=7424, stack(0x000000aabae00000,0x000000aabaf00000)]
  0x000001fab9c55800 JavaThread "jar transforms Thread 76" [_thread_blocked, id=5332, stack(0x000000aabaf00000,0x000000aabb000000)]
  0x000001fab9c59000 JavaThread "jar transforms Thread 77" [_thread_blocked, id=19700, stack(0x000000aabb000000,0x000000aabb100000)]
  0x000001fab9c57800 JavaThread "jar transforms Thread 78" [_thread_blocked, id=17424, stack(0x000000aabb100000,0x000000aabb200000)]
  0x000001fab9c5a800 JavaThread "jar transforms Thread 79" [_thread_blocked, id=25968, stack(0x000000aabb200000,0x000000aabb300000)]
  0x000001fab9c55000 JavaThread "jar transforms Thread 80" [_thread_blocked, id=12108, stack(0x000000aabb300000,0x000000aabb400000)]
  0x000001fab9c5c000 JavaThread "jar transforms Thread 81" [_thread_blocked, id=10096, stack(0x000000aabb400000,0x000000aabb500000)]
  0x000001fab9c5d000 JavaThread "jar transforms Thread 82" [_thread_blocked, id=13392, stack(0x000000aabb500000,0x000000aabb600000)]
  0x000001fab9c5b800 JavaThread "jar transforms Thread 83" [_thread_blocked, id=12084, stack(0x000000aabb600000,0x000000aabb700000)]
  0x000001fab9c5e000 JavaThread "jar transforms Thread 84" [_thread_blocked, id=26236, stack(0x000000aabb700000,0x000000aabb800000)]
  0x000001fab9c5e800 JavaThread "jar transforms Thread 85" [_thread_blocked, id=1492, stack(0x000000aabb800000,0x000000aabb900000)]
  0x000001fab9c5f800 JavaThread "jar transforms Thread 86" [_thread_blocked, id=24588, stack(0x000000aabb900000,0x000000aabba00000)]
  0x000001fab9c5a000 JavaThread "jar transforms Thread 87" [_thread_blocked, id=18368, stack(0x000000aabba00000,0x000000aabbb00000)]
  0x000001fab9c63800 JavaThread "jar transforms Thread 88" [_thread_blocked, id=20164, stack(0x000000aabbb00000,0x000000aabbc00000)]
  0x000001fab9c60800 JavaThread "jar transforms Thread 89" [_thread_blocked, id=10140, stack(0x000000aabbc00000,0x000000aabbd00000)]
  0x000001fab9c61000 JavaThread "jar transforms Thread 90" [_thread_blocked, id=27368, stack(0x000000aabbd00000,0x000000aabbe00000)]
  0x000001fab9c62000 JavaThread "jar transforms Thread 91" [_thread_blocked, id=26904, stack(0x000000aabbe00000,0x000000aabbf00000)]
  0x000001fab9c63000 JavaThread "jar transforms Thread 92" [_thread_blocked, id=27560, stack(0x000000aabbf00000,0x000000aabc000000)]
  0x000001fabf2da800 JavaThread "jar transforms Thread 93" [_thread_blocked, id=19752, stack(0x000000aabc000000,0x000000aabc100000)]
  0x000001fabf2db800 JavaThread "jar transforms Thread 94" [_thread_blocked, id=23584, stack(0x000000aabc100000,0x000000aabc200000)]
  0x000001fabf2da000 JavaThread "jar transforms Thread 95" [_thread_blocked, id=25024, stack(0x000000aabc200000,0x000000aabc300000)]
  0x000001fabf2dc800 JavaThread "jar transforms Thread 96" [_thread_blocked, id=26580, stack(0x000000aabc300000,0x000000aabc400000)]
  0x000001fabf2d9000 JavaThread "jar transforms Thread 97" [_thread_blocked, id=20236, stack(0x000000aabc400000,0x000000aabc500000)]
  0x000001fabf2dd000 JavaThread "jar transforms Thread 98" [_thread_blocked, id=5052, stack(0x000000aabc500000,0x000000aabc600000)]
  0x000001fabf2de000 JavaThread "jar transforms Thread 99" [_thread_blocked, id=27684, stack(0x000000aabc600000,0x000000aabc700000)]
  0x000001fabf2d8000 JavaThread "jar transforms Thread 100" [_thread_blocked, id=14380, stack(0x000000aabc700000,0x000000aabc800000)]
  0x000001fabf2e3000 JavaThread "jar transforms Thread 101" [_thread_blocked, id=25164, stack(0x000000aabc800000,0x000000aabc900000)]
  0x000001fabf2e1000 JavaThread "jar transforms Thread 102" [_thread_blocked, id=15516, stack(0x000000aabc900000,0x000000aabca00000)]
  0x000001fabf2e3800 JavaThread "jar transforms Thread 103" [_thread_blocked, id=5980, stack(0x000000aabca00000,0x000000aabcb00000)]
  0x000001fabf2e2000 JavaThread "jar transforms Thread 104" [_thread_blocked, id=8532, stack(0x000000aabcb00000,0x000000aabcc00000)]
  0x000001fabf2e0800 JavaThread "jar transforms Thread 105" [_thread_blocked, id=5148, stack(0x000000aabcc00000,0x000000aabcd00000)]
  0x000001fabf2e4800 JavaThread "jar transforms Thread 106" [_thread_blocked, id=19492, stack(0x000000aabcd00000,0x000000aabce00000)]
  0x000001fabf2df800 JavaThread "jar transforms Thread 107" [_thread_blocked, id=27784, stack(0x000000aabce00000,0x000000aabcf00000)]
  0x000001fabf2de800 JavaThread "jar transforms Thread 108" [_thread_blocked, id=10020, stack(0x000000aabcf00000,0x000000aabd000000)]
  0x000001fabf2e5000 JavaThread "jar transforms Thread 109" [_thread_blocked, id=20860, stack(0x000000aabd000000,0x000000aabd100000)]
  0x000001fabf2e6000 JavaThread "jar transforms Thread 110" [_thread_blocked, id=12688, stack(0x000000aabd100000,0x000000aabd200000)]
  0x000001fabf2e7000 JavaThread "jar transforms Thread 111" [_thread_blocked, id=21740, stack(0x000000aabd200000,0x000000aabd300000)]
  0x000001fabf313800 JavaThread "jar transforms Thread 112" [_thread_blocked, id=14332, stack(0x000000aabd300000,0x000000aabd400000)]
  0x000001fabf314000 JavaThread "jar transforms Thread 113" [_thread_blocked, id=17116, stack(0x000000aabd400000,0x000000aabd500000)]
  0x000001fabf311000 JavaThread "jar transforms Thread 114" [_thread_blocked, id=28588, stack(0x000000aabd500000,0x000000aabd600000)]
  0x000001fabf30e800 JavaThread "jar transforms Thread 115" [_thread_blocked, id=25200, stack(0x000000aabd600000,0x000000aabd700000)]
  0x000001fabf315000 JavaThread "jar transforms Thread 116" [_thread_blocked, id=20456, stack(0x000000aabd700000,0x000000aabd800000)]
  0x000001fabf30f800 JavaThread "jar transforms Thread 117" [_thread_blocked, id=15384, stack(0x000000aabd800000,0x000000aabd900000)]
  0x000001fabf316000 JavaThread "jar transforms Thread 118" [_thread_blocked, id=15180, stack(0x000000aabd900000,0x000000aabda00000)]
  0x000001fabf312800 JavaThread "jar transforms Thread 119" [_thread_blocked, id=13520, stack(0x000000aabda00000,0x000000aabdb00000)]
  0x000001fabf310000 JavaThread "jar transforms Thread 120" [_thread_blocked, id=25904, stack(0x000000aabdb00000,0x000000aabdc00000)]
  0x000001fabf316800 JavaThread "jar transforms Thread 121" [_thread_blocked, id=18448, stack(0x000000aabdc00000,0x000000aabdd00000)]
  0x000001fabf311800 JavaThread "Memory manager" [_thread_blocked, id=28352, stack(0x000000aabdd00000,0x000000aabde00000)]

Other Threads:
  0x000001fab8d3a800 VMThread "VM Thread" [stack: 0x000000aab3100000,0x000000aab3200000] [id=25000]
  0x000001fab983a800 WatcherThread [stack: 0x000000aab3b00000,0x000000aab3c00000] [id=11412]
  0x000001fa9ca71800 GCTaskThread "GC Thread#0" [stack: 0x000000aab2c00000,0x000000aab2d00000] [id=6084]
  0x000001faba4fb000 GCTaskThread "GC Thread#1" [stack: 0x000000aab3e00000,0x000000aab3f00000] [id=13008]
  0x000001faba932800 GCTaskThread "GC Thread#2" [stack: 0x000000aab3f00000,0x000000aab4000000] [id=27740]
  0x000001fabc0f1000 GCTaskThread "GC Thread#3" [stack: 0x000000aab4a00000,0x000000aab4b00000] [id=9760]
  0x000001fabbbb1800 GCTaskThread "GC Thread#4" [stack: 0x000000aab4b00000,0x000000aab4c00000] [id=22736]
  0x000001fababfd800 GCTaskThread "GC Thread#5" [stack: 0x000000aab4c00000,0x000000aab4d00000] [id=7428]
  0x000001fabc088800 GCTaskThread "GC Thread#6" [stack: 0x000000aab4d00000,0x000000aab4e00000] [id=1540]
  0x000001fabb9e2800 GCTaskThread "GC Thread#7" [stack: 0x000000aab4e00000,0x000000aab4f00000] [id=10720]
  0x000001fa9caa4000 ConcurrentGCThread "G1 Main Marker" [stack: 0x000000aab2d00000,0x000000aab2e00000] [id=17524]
  0x000001fa9caa6000 ConcurrentGCThread "G1 Conc#0" [stack: 0x000000aab2e00000,0x000000aab2f00000] [id=17308]
  0x000001fabb1c8800 ConcurrentGCThread "G1 Conc#1" [stack: 0x000000aab5100000,0x000000aab5200000] [id=28380]
  0x000001fab8b90800 ConcurrentGCThread "G1 Refine#0" [stack: 0x000000aab2f00000,0x000000aab3000000] [id=23452]
  0x000001fab8b91000 ConcurrentGCThread "G1 Young RemSet Sampling" [stack: 0x000000aab3000000,0x000000aab3100000] [id=544]

Threads with active compile tasks:
C2 CompilerThread0   7174 5470       4       java.util.TreeMap::put (247 bytes)
C1 CompilerThread0   7174 5581       3       org.gradle.configuration.internal.DefaultUserCodeApplicationContext$CurrentApplication::reapplyLater (10 bytes)
C2 CompilerThread1   7174 5256   !   4       java.util.jar.Attributes::read (388 bytes)
C2 CompilerThread2   7174 5564       4       java.util.regex.Pattern::RemoveQEQuoting (346 bytes)

VM state:not at safepoint (normal execution)

VM Mutex/Monitor currently owned by a thread: None

Heap address: 0x0000000080000000, size: 2048 MB, Compressed Oops mode: 32-bit
Narrow klass base: 0x0000000000000000, Narrow klass shift: 3
Compressed class space size: 1073741824 Address: 0x0000000100000000

Heap:
 garbage-first heap   total 157696K, used 58505K [0x0000000080000000, 0x0000000100000000)
  region size 1024K, 14 young (14336K), 6 survivors (6144K)
 Metaspace       used 59257K, capacity 60665K, committed 60928K, reserved 1101824K
  class space    used 7516K, capacity 8039K, committed 8064K, reserved 1048576K
Heap Regions: E=young(eden), S=young(survivor), O=old, HS=humongous(starts), HC=humongous(continues), CS=collection set, F=free, A=archive, TAMS=top-at-mark-start (previous, next)
|   0|0x0000000080000000, 0x0000000080100000, 0x0000000080100000|100%| O|  |TAMS 0x0000000080100000, 0x0000000080000000| Untracked 
|   1|0x0000000080100000, 0x0000000080200000, 0x0000000080200000|100%| O|  |TAMS 0x0000000080200000, 0x0000000080100000| Untracked 
|   2|0x0000000080200000, 0x0000000080300000, 0x0000000080300000|100%| O|  |TAMS 0x0000000080300000, 0x0000000080200000| Untracked 
|   3|0x0000000080300000, 0x0000000080400000, 0x0000000080400000|100%|HS|  |TAMS 0x0000000080400000, 0x0000000080300000| Complete 
|   4|0x0000000080400000, 0x0000000080500000, 0x0000000080500000|100%|HC|  |TAMS 0x0000000080500000, 0x0000000080400000| Complete 
|   5|0x0000000080500000, 0x0000000080600000, 0x0000000080600000|100%|HC|  |TAMS 0x0000000080600000, 0x0000000080500000| Complete 
|   6|0x0000000080600000, 0x0000000080700000, 0x0000000080700000|100%| O|  |TAMS 0x0000000080700000, 0x0000000080600000| Untracked 
|   7|0x0000000080700000, 0x0000000080800000, 0x0000000080800000|100%| O|  |TAMS 0x0000000080800000, 0x0000000080700000| Untracked 
|   8|0x0000000080800000, 0x0000000080900000, 0x0000000080900000|100%| O|  |TAMS 0x0000000080900000, 0x0000000080800000| Untracked 
|   9|0x0000000080900000, 0x0000000080a00000, 0x0000000080a00000|100%| O|  |TAMS 0x0000000080a00000, 0x0000000080900000| Untracked 
|  10|0x0000000080a00000, 0x0000000080b00000, 0x0000000080b00000|100%| O|  |TAMS 0x0000000080b00000, 0x0000000080a00000| Untracked 
|  11|0x0000000080b00000, 0x0000000080c00000, 0x0000000080c00000|100%| O|  |TAMS 0x0000000080c00000, 0x0000000080b00000| Untracked 
|  12|0x0000000080c00000, 0x0000000080d00000, 0x0000000080d00000|100%| O|  |TAMS 0x0000000080d00000, 0x0000000080c00000| Untracked 
|  13|0x0000000080d00000, 0x0000000080e00000, 0x0000000080e00000|100%| O|  |TAMS 0x0000000080e00000, 0x0000000080d00000| Untracked 
|  14|0x0000000080e00000, 0x0000000080f00000, 0x0000000080f00000|100%| O|  |TAMS 0x0000000080f00000, 0x0000000080e00000| Untracked 
|  15|0x0000000080f00000, 0x0000000081000000, 0x0000000081000000|100%| O|  |TAMS 0x0000000081000000, 0x0000000080f00000| Untracked 
|  16|0x0000000081000000, 0x0000000081100000, 0x0000000081100000|100%| O|  |TAMS 0x0000000081100000, 0x0000000081000000| Untracked 
|  17|0x0000000081100000, 0x0000000081200000, 0x0000000081200000|100%| O|  |TAMS 0x0000000081200000, 0x0000000081100000| Untracked 
|  18|0x0000000081200000, 0x0000000081300000, 0x0000000081300000|100%| O|  |TAMS 0x0000000081300000, 0x0000000081200000| Untracked 
|  19|0x0000000081300000, 0x0000000081400000, 0x0000000081400000|100%|HS|  |TAMS 0x0000000081400000, 0x0000000081300000| Complete 
|  20|0x0000000081400000, 0x0000000081500000, 0x0000000081500000|100%| O|  |TAMS 0x0000000081500000, 0x0000000081400000| Untracked 
|  21|0x0000000081500000, 0x0000000081600000, 0x0000000081600000|100%| O|  |TAMS 0x0000000081600000, 0x0000000081500000| Untracked 
|  22|0x0000000081600000, 0x0000000081700000, 0x0000000081700000|100%| O|  |TAMS 0x0000000081700000, 0x0000000081600000| Untracked 
|  23|0x0000000081700000, 0x0000000081800000, 0x0000000081800000|100%|HS|  |TAMS 0x0000000081800000, 0x0000000081700000| Complete 
|  24|0x0000000081800000, 0x0000000081900000, 0x0000000081900000|100%|HS|  |TAMS 0x0000000081900000, 0x0000000081800000| Complete 
|  25|0x0000000081900000, 0x0000000081a00000, 0x0000000081a00000|100%|HC|  |TAMS 0x0000000081a00000, 0x0000000081900000| Complete 
|  26|0x0000000081a00000, 0x0000000081b00000, 0x0000000081b00000|100%|HC|  |TAMS 0x0000000081b00000, 0x0000000081a00000| Complete 
|  27|0x0000000081b00000, 0x0000000081c00000, 0x0000000081c00000|100%|HS|  |TAMS 0x0000000081c00000, 0x0000000081b00000| Complete 
|  28|0x0000000081c00000, 0x0000000081d00000, 0x0000000081d00000|100%|HC|  |TAMS 0x0000000081d00000, 0x0000000081c00000| Complete 
|  29|0x0000000081d00000, 0x0000000081e00000, 0x0000000081e00000|100%| O|  |TAMS 0x0000000081e00000, 0x0000000081d00000| Untracked 
|  30|0x0000000081e00000, 0x0000000081f00000, 0x0000000081f00000|100%| O|  |TAMS 0x0000000081f00000, 0x0000000081e00000| Untracked 
|  31|0x0000000081f00000, 0x0000000082000000, 0x0000000082000000|100%| O|  |TAMS 0x0000000082000000, 0x0000000081f00000| Untracked 
|  32|0x0000000082000000, 0x0000000082100000, 0x0000000082100000|100%| O|  |TAMS 0x0000000082100000, 0x0000000082000000| Untracked 
|  33|0x0000000082100000, 0x0000000082200000, 0x0000000082200000|100%| O|  |TAMS 0x0000000082200000, 0x0000000082100000| Untracked 
|  34|0x0000000082200000, 0x0000000082300000, 0x0000000082300000|100%| O|  |TAMS 0x0000000082300000, 0x0000000082200000| Untracked 
|  35|0x0000000082300000, 0x0000000082300000, 0x0000000082400000|  0%| F|  |TAMS 0x0000000082300000, 0x0000000082300000| Untracked 
|  36|0x0000000082400000, 0x0000000082500000, 0x0000000082500000|100%| O|  |TAMS 0x0000000082500000, 0x0000000082400000| Untracked 
|  37|0x0000000082500000, 0x0000000082600000, 0x0000000082600000|100%| O|  |TAMS 0x0000000082600000, 0x0000000082500000| Untracked 
|  38|0x0000000082600000, 0x0000000082700000, 0x0000000082700000|100%| O|  |TAMS 0x0000000082700000, 0x0000000082600000| Untracked 
|  39|0x0000000082700000, 0x0000000082800000, 0x0000000082800000|100%| O|  |TAMS 0x0000000082800000, 0x0000000082700000| Untracked 
|  40|0x0000000082800000, 0x0000000082900000, 0x0000000082900000|100%| O|  |TAMS 0x0000000082900000, 0x0000000082800000| Untracked 
|  41|0x0000000082900000, 0x0000000082a00000, 0x0000000082a00000|100%| O|  |TAMS 0x0000000082a00000, 0x0000000082900000| Untracked 
|  42|0x0000000082a00000, 0x0000000082b00000, 0x0000000082b00000|100%| O|  |TAMS 0x0000000082b00000, 0x0000000082a00000| Untracked 
|  43|0x0000000082b00000, 0x0000000082c00000, 0x0000000082c00000|100%| O|  |TAMS 0x0000000082c00000, 0x0000000082b00000| Untracked 
|  44|0x0000000082c00000, 0x0000000082d00000, 0x0000000082d00000|100%| O|  |TAMS 0x0000000082d00000, 0x0000000082c00000| Untracked 
|  45|0x0000000082d00000, 0x0000000082df9800, 0x0000000082e00000| 97%| O|  |TAMS 0x0000000082df9800, 0x0000000082d00000| Untracked 
|  46|0x0000000082e00000, 0x0000000082e00000, 0x0000000082f00000|  0%| F|  |TAMS 0x0000000082e00000, 0x0000000082e00000| Untracked 
|  47|0x0000000082f00000, 0x0000000082f00000, 0x0000000083000000|  0%| F|  |TAMS 0x0000000082f00000, 0x0000000082f00000| Untracked 
|  48|0x0000000083000000, 0x0000000083000000, 0x0000000083100000|  0%| F|  |TAMS 0x0000000083000000, 0x0000000083000000| Untracked 
|  49|0x0000000083100000, 0x0000000083100000, 0x0000000083200000|  0%| F|  |TAMS 0x0000000083100000, 0x0000000083100000| Untracked 
|  50|0x0000000083200000, 0x0000000083200000, 0x0000000083300000|  0%| F|  |TAMS 0x0000000083200000, 0x0000000083200000| Untracked 
|  51|0x0000000083300000, 0x0000000083300000, 0x0000000083400000|  0%| F|  |TAMS 0x0000000083300000, 0x0000000083300000| Untracked 
|  52|0x0000000083400000, 0x0000000083400000, 0x0000000083500000|  0%| F|  |TAMS 0x0000000083400000, 0x0000000083400000| Untracked 
|  53|0x0000000083500000, 0x0000000083500000, 0x0000000083600000|  0%| F|  |TAMS 0x0000000083500000, 0x0000000083500000| Untracked 
|  54|0x0000000083600000, 0x0000000083600000, 0x0000000083700000|  0%| F|  |TAMS 0x0000000083600000, 0x0000000083600000| Untracked 
|  55|0x0000000083700000, 0x0000000083700000, 0x0000000083800000|  0%| F|  |TAMS 0x0000000083700000, 0x0000000083700000| Untracked 
|  56|0x0000000083800000, 0x0000000083800000, 0x0000000083900000|  0%| F|  |TAMS 0x0000000083800000, 0x0000000083800000| Untracked 
|  57|0x0000000083900000, 0x0000000083900000, 0x0000000083a00000|  0%| F|  |TAMS 0x0000000083900000, 0x0000000083900000| Untracked 
|  58|0x0000000083a00000, 0x0000000083a00000, 0x0000000083b00000|  0%| F|  |TAMS 0x0000000083a00000, 0x0000000083a00000| Untracked 
|  59|0x0000000083b00000, 0x0000000083b00000, 0x0000000083c00000|  0%| F|  |TAMS 0x0000000083b00000, 0x0000000083b00000| Untracked 
|  60|0x0000000083c00000, 0x0000000083c00000, 0x0000000083d00000|  0%| F|  |TAMS 0x0000000083c00000, 0x0000000083c00000| Untracked 
|  61|0x0000000083d00000, 0x0000000083d00000, 0x0000000083e00000|  0%| F|  |TAMS 0x0000000083d00000, 0x0000000083d00000| Untracked 
|  62|0x0000000083e00000, 0x0000000083e00000, 0x0000000083f00000|  0%| F|  |TAMS 0x0000000083e00000, 0x0000000083e00000| Untracked 
|  63|0x0000000083f00000, 0x0000000083f00000, 0x0000000084000000|  0%| F|  |TAMS 0x0000000083f00000, 0x0000000083f00000| Untracked 
|  64|0x0000000084000000, 0x0000000084000000, 0x0000000084100000|  0%| F|  |TAMS 0x0000000084000000, 0x0000000084000000| Untracked 
|  65|0x0000000084100000, 0x0000000084100000, 0x0000000084200000|  0%| F|  |TAMS 0x0000000084100000, 0x0000000084100000| Untracked 
|  66|0x0000000084200000, 0x0000000084200000, 0x0000000084300000|  0%| F|  |TAMS 0x0000000084200000, 0x0000000084200000| Untracked 
|  67|0x0000000084300000, 0x0000000084300000, 0x0000000084400000|  0%| F|  |TAMS 0x0000000084300000, 0x0000000084300000| Untracked 
|  68|0x0000000084400000, 0x0000000084400000, 0x0000000084500000|  0%| F|  |TAMS 0x0000000084400000, 0x0000000084400000| Untracked 
|  69|0x0000000084500000, 0x0000000084500000, 0x0000000084600000|  0%| F|  |TAMS 0x0000000084500000, 0x0000000084500000| Untracked 
|  70|0x0000000084600000, 0x0000000084600000, 0x0000000084700000|  0%| F|  |TAMS 0x0000000084600000, 0x0000000084600000| Untracked 
|  71|0x0000000084700000, 0x0000000084700000, 0x0000000084800000|  0%| F|  |TAMS 0x0000000084700000, 0x0000000084700000| Untracked 
|  72|0x0000000084800000, 0x0000000084800000, 0x0000000084900000|  0%| F|  |TAMS 0x0000000084800000, 0x0000000084800000| Untracked 
|  73|0x0000000084900000, 0x0000000084900000, 0x0000000084a00000|  0%| F|  |TAMS 0x0000000084900000, 0x0000000084900000| Untracked 
|  74|0x0000000084a00000, 0x0000000084a00000, 0x0000000084b00000|  0%| F|  |TAMS 0x0000000084a00000, 0x0000000084a00000| Untracked 
|  75|0x0000000084b00000, 0x0000000084b00000, 0x0000000084c00000|  0%| F|  |TAMS 0x0000000084b00000, 0x0000000084b00000| Untracked 
|  76|0x0000000084c00000, 0x0000000084c00000, 0x0000000084d00000|  0%| F|  |TAMS 0x0000000084c00000, 0x0000000084c00000| Untracked 
|  77|0x0000000084d00000, 0x0000000084d00000, 0x0000000084e00000|  0%| F|  |TAMS 0x0000000084d00000, 0x0000000084d00000| Untracked 
|  78|0x0000000084e00000, 0x0000000084e00000, 0x0000000084f00000|  0%| F|  |TAMS 0x0000000084e00000, 0x0000000084e00000| Untracked 
|  79|0x0000000084f00000, 0x0000000084f00000, 0x0000000085000000|  0%| F|  |TAMS 0x0000000084f00000, 0x0000000084f00000| Untracked 
|  80|0x0000000085000000, 0x0000000085000000, 0x0000000085100000|  0%| F|  |TAMS 0x0000000085000000, 0x0000000085000000| Untracked 
|  81|0x0000000085100000, 0x0000000085100000, 0x0000000085200000|  0%| F|  |TAMS 0x0000000085100000, 0x0000000085100000| Untracked 
|  82|0x0000000085200000, 0x0000000085200000, 0x0000000085300000|  0%| F|  |TAMS 0x0000000085200000, 0x0000000085200000| Untracked 
|  83|0x0000000085300000, 0x0000000085300000, 0x0000000085400000|  0%| F|  |TAMS 0x0000000085300000, 0x0000000085300000| Untracked 
|  84|0x0000000085400000, 0x0000000085400000, 0x0000000085500000|  0%| F|  |TAMS 0x0000000085400000, 0x0000000085400000| Untracked 
|  85|0x0000000085500000, 0x0000000085500000, 0x0000000085600000|  0%| F|  |TAMS 0x0000000085500000, 0x0000000085500000| Untracked 
|  86|0x0000000085600000, 0x0000000085600000, 0x0000000085700000|  0%| F|  |TAMS 0x0000000085600000, 0x0000000085600000| Untracked 
|  87|0x0000000085700000, 0x0000000085700000, 0x0000000085800000|  0%| F|  |TAMS 0x0000000085700000, 0x0000000085700000| Untracked 
|  88|0x0000000085800000, 0x0000000085828ea0, 0x0000000085900000| 15%| S|CS|TAMS 0x0000000085800000, 0x0000000085800000| Complete 
|  89|0x0000000085900000, 0x0000000085a00000, 0x0000000085a00000|100%| S|CS|TAMS 0x0000000085900000, 0x0000000085900000| Complete 
|  90|0x0000000085a00000, 0x0000000085b00000, 0x0000000085b00000|100%| S|CS|TAMS 0x0000000085a00000, 0x0000000085a00000| Complete 
|  91|0x0000000085b00000, 0x0000000085c00000, 0x0000000085c00000|100%| S|CS|TAMS 0x0000000085b00000, 0x0000000085b00000| Complete 
|  92|0x0000000085c00000, 0x0000000085d00000, 0x0000000085d00000|100%| S|CS|TAMS 0x0000000085c00000, 0x0000000085c00000| Complete 
|  93|0x0000000085d00000, 0x0000000085e00000, 0x0000000085e00000|100%| S|CS|TAMS 0x0000000085d00000, 0x0000000085d00000| Complete 
|  94|0x0000000085e00000, 0x0000000085e00000, 0x0000000085f00000|  0%| F|  |TAMS 0x0000000085e00000, 0x0000000085e00000| Untracked 
|  95|0x0000000085f00000, 0x0000000085f00000, 0x0000000086000000|  0%| F|  |TAMS 0x0000000085f00000, 0x0000000085f00000| Untracked 
|  96|0x0000000086000000, 0x0000000086000000, 0x0000000086100000|  0%| F|  |TAMS 0x0000000086000000, 0x0000000086000000| Untracked 
|  97|0x0000000086100000, 0x0000000086100000, 0x0000000086200000|  0%| F|  |TAMS 0x0000000086100000, 0x0000000086100000| Untracked 
|  98|0x0000000086200000, 0x0000000086200000, 0x0000000086300000|  0%| F|  |TAMS 0x0000000086200000, 0x0000000086200000| Untracked 
|  99|0x0000000086300000, 0x0000000086300000, 0x0000000086400000|  0%| F|  |TAMS 0x0000000086300000, 0x0000000086300000| Untracked 
| 100|0x0000000086400000, 0x0000000086400000, 0x0000000086500000|  0%| F|  |TAMS 0x0000000086400000, 0x0000000086400000| Untracked 
| 101|0x0000000086500000, 0x0000000086500000, 0x0000000086600000|  0%| F|  |TAMS 0x0000000086500000, 0x0000000086500000| Untracked 
| 102|0x0000000086600000, 0x0000000086600000, 0x0000000086700000|  0%| F|  |TAMS 0x0000000086600000, 0x0000000086600000| Untracked 
| 103|0x0000000086700000, 0x0000000086700000, 0x0000000086800000|  0%| F|  |TAMS 0x0000000086700000, 0x0000000086700000| Untracked 
| 104|0x0000000086800000, 0x0000000086800000, 0x0000000086900000|  0%| F|  |TAMS 0x0000000086800000, 0x0000000086800000| Untracked 
| 105|0x0000000086900000, 0x0000000086900000, 0x0000000086a00000|  0%| F|  |TAMS 0x0000000086900000, 0x0000000086900000| Untracked 
| 106|0x0000000086a00000, 0x0000000086a00000, 0x0000000086b00000|  0%| F|  |TAMS 0x0000000086a00000, 0x0000000086a00000| Untracked 
| 107|0x0000000086b00000, 0x0000000086b00000, 0x0000000086c00000|  0%| F|  |TAMS 0x0000000086b00000, 0x0000000086b00000| Untracked 
| 108|0x0000000086c00000, 0x0000000086c00000, 0x0000000086d00000|  0%| F|  |TAMS 0x0000000086c00000, 0x0000000086c00000| Untracked 
| 109|0x0000000086d00000, 0x0000000086d00000, 0x0000000086e00000|  0%| F|  |TAMS 0x0000000086d00000, 0x0000000086d00000| Untracked 
| 110|0x0000000086e00000, 0x0000000086e00000, 0x0000000086f00000|  0%| F|  |TAMS 0x0000000086e00000, 0x0000000086e00000| Untracked 
| 111|0x0000000086f00000, 0x0000000086f00000, 0x0000000087000000|  0%| F|  |TAMS 0x0000000086f00000, 0x0000000086f00000| Untracked 
| 112|0x0000000087000000, 0x0000000087000000, 0x0000000087100000|  0%| F|  |TAMS 0x0000000087000000, 0x0000000087000000| Untracked 
| 113|0x0000000087100000, 0x0000000087100000, 0x0000000087200000|  0%| F|  |TAMS 0x0000000087100000, 0x0000000087100000| Untracked 
| 114|0x0000000087200000, 0x0000000087200000, 0x0000000087300000|  0%| F|  |TAMS 0x0000000087200000, 0x0000000087200000| Untracked 
| 115|0x0000000087300000, 0x0000000087300000, 0x0000000087400000|  0%| F|  |TAMS 0x0000000087300000, 0x0000000087300000| Untracked 
| 116|0x0000000087400000, 0x0000000087400000, 0x0000000087500000|  0%| F|  |TAMS 0x0000000087400000, 0x0000000087400000| Untracked 
| 117|0x0000000087500000, 0x0000000087500000, 0x0000000087600000|  0%| F|  |TAMS 0x0000000087500000, 0x0000000087500000| Untracked 
| 118|0x0000000087600000, 0x0000000087600000, 0x0000000087700000|  0%| F|  |TAMS 0x0000000087600000, 0x0000000087600000| Untracked 
| 119|0x0000000087700000, 0x0000000087700000, 0x0000000087800000|  0%| F|  |TAMS 0x0000000087700000, 0x0000000087700000| Untracked 
| 120|0x0000000087800000, 0x0000000087800000, 0x0000000087900000|  0%| F|  |TAMS 0x0000000087800000, 0x0000000087800000| Untracked 
| 121|0x0000000087900000, 0x0000000087900000, 0x0000000087a00000|  0%| F|  |TAMS 0x0000000087900000, 0x0000000087900000| Untracked 
| 122|0x0000000087a00000, 0x0000000087a00000, 0x0000000087b00000|  0%| F|  |TAMS 0x0000000087a00000, 0x0000000087a00000| Untracked 
| 123|0x0000000087b00000, 0x0000000087b00000, 0x0000000087c00000|  0%| F|  |TAMS 0x0000000087b00000, 0x0000000087b00000| Untracked 
| 124|0x0000000087c00000, 0x0000000087c00000, 0x0000000087d00000|  0%| F|  |TAMS 0x0000000087c00000, 0x0000000087c00000| Untracked 
| 125|0x0000000087d00000, 0x0000000087d00000, 0x0000000087e00000|  0%| F|  |TAMS 0x0000000087d00000, 0x0000000087d00000| Untracked 
| 126|0x0000000087e00000, 0x0000000087e00000, 0x0000000087f00000|  0%| F|  |TAMS 0x0000000087e00000, 0x0000000087e00000| Untracked 
| 127|0x0000000087f00000, 0x0000000087f00000, 0x0000000088000000|  0%| F|  |TAMS 0x0000000087f00000, 0x0000000087f00000| Untracked 
| 128|0x0000000088000000, 0x0000000088000000, 0x0000000088100000|  0%| F|  |TAMS 0x0000000088000000, 0x0000000088000000| Untracked 
| 129|0x0000000088100000, 0x0000000088100000, 0x0000000088200000|  0%| F|  |TAMS 0x0000000088100000, 0x0000000088100000| Untracked 
| 130|0x0000000088200000, 0x0000000088200000, 0x0000000088300000|  0%| F|  |TAMS 0x0000000088200000, 0x0000000088200000| Untracked 
| 131|0x0000000088300000, 0x0000000088300000, 0x0000000088400000|  0%| F|  |TAMS 0x0000000088300000, 0x0000000088300000| Untracked 
| 132|0x0000000088400000, 0x0000000088400000, 0x0000000088500000|  0%| F|  |TAMS 0x0000000088400000, 0x0000000088400000| Untracked 
| 133|0x0000000088500000, 0x0000000088500000, 0x0000000088600000|  0%| F|  |TAMS 0x0000000088500000, 0x0000000088500000| Untracked 
| 134|0x0000000088600000, 0x0000000088600000, 0x0000000088700000|  0%| F|  |TAMS 0x0000000088600000, 0x0000000088600000| Untracked 
| 135|0x0000000088700000, 0x0000000088700000, 0x0000000088800000|  0%| F|  |TAMS 0x0000000088700000, 0x0000000088700000| Untracked 
| 136|0x0000000088800000, 0x0000000088800000, 0x0000000088900000|  0%| F|  |TAMS 0x0000000088800000, 0x0000000088800000| Untracked 
| 137|0x0000000088900000, 0x0000000088900000, 0x0000000088a00000|  0%| F|  |TAMS 0x0000000088900000, 0x0000000088900000| Untracked 
| 138|0x0000000088a00000, 0x0000000088a00000, 0x0000000088b00000|  0%| F|  |TAMS 0x0000000088a00000, 0x0000000088a00000| Untracked 
| 139|0x0000000088b00000, 0x0000000088b00000, 0x0000000088c00000|  0%| F|  |TAMS 0x0000000088b00000, 0x0000000088b00000| Untracked 
| 140|0x0000000088c00000, 0x0000000088c00000, 0x0000000088d00000|  0%| F|  |TAMS 0x0000000088c00000, 0x0000000088c00000| Untracked 
| 141|0x0000000088d00000, 0x0000000088d00000, 0x0000000088e00000|  0%| F|  |TAMS 0x0000000088d00000, 0x0000000088d00000| Untracked 
| 142|0x0000000088e00000, 0x0000000088e00000, 0x0000000088f00000|  0%| F|  |TAMS 0x0000000088e00000, 0x0000000088e00000| Untracked 
| 143|0x0000000088f00000, 0x0000000088f00000, 0x0000000089000000|  0%| F|  |TAMS 0x0000000088f00000, 0x0000000088f00000| Untracked 
| 144|0x0000000089000000, 0x0000000089000000, 0x0000000089100000|  0%| F|  |TAMS 0x0000000089000000, 0x0000000089000000| Untracked 
| 145|0x0000000089100000, 0x0000000089100000, 0x0000000089200000|  0%| F|  |TAMS 0x0000000089100000, 0x0000000089100000| Untracked 
| 146|0x0000000089200000, 0x0000000089280800, 0x0000000089300000| 50%| E|  |TAMS 0x0000000089200000, 0x0000000089200000| Complete 
| 147|0x0000000089300000, 0x0000000089400000, 0x0000000089400000|100%| E|CS|TAMS 0x0000000089300000, 0x0000000089300000| Complete 
| 148|0x0000000089400000, 0x0000000089500000, 0x0000000089500000|100%| E|CS|TAMS 0x0000000089400000, 0x0000000089400000| Complete 
| 149|0x0000000089500000, 0x0000000089600000, 0x0000000089600000|100%| E|CS|TAMS 0x0000000089500000, 0x0000000089500000| Complete 
| 150|0x0000000089600000, 0x0000000089700000, 0x0000000089700000|100%| E|CS|TAMS 0x0000000089600000, 0x0000000089600000| Complete 
| 151|0x0000000089700000, 0x0000000089800000, 0x0000000089800000|100%| E|CS|TAMS 0x0000000089700000, 0x0000000089700000| Complete 
| 152|0x0000000089800000, 0x0000000089900000, 0x0000000089900000|100%| E|CS|TAMS 0x0000000089800000, 0x0000000089800000| Complete 
| 153|0x0000000089900000, 0x0000000089a00000, 0x0000000089a00000|100%| E|CS|TAMS 0x0000000089900000, 0x0000000089900000| Complete 

Card table byte_map: [0x000001fab1a70000,0x000001fab1e70000] _byte_map_base: 0x000001fab1670000

Marking Bits (Prev, Next): (CMBitMap*) 0x000001fa9ca9b030, (CMBitMap*) 0x000001fa9ca9aff8
 Prev Bits: [0x000001fab4270000, 0x000001fab6270000)
 Next Bits: [0x000001fab2270000, 0x000001fab4270000)

Polling page: 0x000001fa9cb40000

Metaspace:

Usage:
  Non-class:     51.39 MB capacity,    50.55 MB ( 98%) used,   720.58 KB (  1%) free+waste,   138.56 KB ( <1%) overhead. 
      Class:      7.85 MB capacity,     7.36 MB ( 94%) used,   440.93 KB (  5%) free+waste,    65.13 KB ( <1%) overhead. 
       Both:     59.24 MB capacity,    57.91 MB ( 98%) used,     1.13 MB (  2%) free+waste,   203.69 KB ( <1%) overhead. 

Virtual space:
  Non-class space:       52.00 MB reserved,      51.63 MB (>99%) committed 
      Class space:        1.00 GB reserved,       7.88 MB ( <1%) committed 
             Both:        1.05 GB reserved,      59.50 MB (  6%) committed 

Chunk freelists:
   Non-Class:  46.00 KB
       Class:  25.00 KB
        Both:  71.00 KB

MaxMetaspaceSize: 17179869184.00 GB
CompressedClassSpaceSize: 1.00 GB

CodeHeap 'non-profiled nmethods': size=120000Kb used=3188Kb max_used=3188Kb free=116811Kb
 bounds [0x000001faa96e0000, 0x000001faa9a00000, 0x000001fab0c10000]
CodeHeap 'profiled nmethods': size=120000Kb used=11308Kb max_used=11308Kb free=108691Kb
 bounds [0x000001faa21b0000, 0x000001faa2cc0000, 0x000001faa96e0000]
CodeHeap 'non-nmethods': size=5760Kb used=2230Kb max_used=2268Kb free=3529Kb
 bounds [0x000001faa1c10000, 0x000001faa1e80000, 0x000001faa21b0000]
 total_blobs=6142 nmethods=5331 adapters=722
 compilation: enabled
              stopped_count=0, restarted_count=0
 full_count=0

Compilation events (20 events):
Event: 7.126 Thread 0x000001fab8d62800 5510       3       kotlin.text.StringsKt__StringsKt::contains (25 bytes)
Event: 7.126 Thread 0x000001fab8d62800 nmethod 5510 0x000001faa2c90410 code [0x000001faa2c90600, 0x000001faa2c908d8]
Event: 7.126 Thread 0x000001fab8d62800 5511       3       kotlin.text.StringsKt__StringsKt::indexOf$default (26 bytes)
Event: 7.126 Thread 0x000001fab8d62800 nmethod 5511 0x000001faa2c90a10 code [0x000001faa2c90bc0, 0x000001faa2c90d48]
Event: 7.126 Thread 0x000001fab8d62800 5509       3       kotlin.text.StringsKt__StringsKt::contains$default (15 bytes)
Event: 7.126 Thread 0x000001fabc249000 nmethod 5461 0x000001faa99f5110 code [0x000001faa99f5360, 0x000001faa99f6e20]
Event: 7.126 Thread 0x000001fabc249000 5481       4       java.util.regex.Pattern::has (15 bytes)
Event: 7.126 Thread 0x000001fab8d62800 nmethod 5509 0x000001faa2c90e10 code [0x000001faa2c91000, 0x000001faa2c91398]
Event: 7.126 Thread 0x000001fab8d62800 5513       3       kotlin.Pair::<init> (15 bytes)
Event: 7.127 Thread 0x000001fab8d62800 nmethod 5513 0x000001faa2c91510 code [0x000001faa2c916c0, 0x000001faa2c918d8]
Event: 7.127 Thread 0x000001fab8d62800 5514       3       kotlin.TuplesKt::to (10 bytes)
Event: 7.127 Thread 0x000001fabc249000 nmethod 5481 0x000001faa99f7b10 code [0x000001faa99f7ca0, 0x000001faa99f7d18]
Event: 7.127 Thread 0x000001fabc249000 5516       4       java.util.TreeMap::successor (66 bytes)
Event: 7.127 Thread 0x000001fab8d62800 nmethod 5514 0x000001faa2c91990 code [0x000001faa2c91b60, 0x000001faa2c91e18]
Event: 7.127 Thread 0x000001fab8d62800 5517       1       kotlin.Pair::component1 (5 bytes)
Event: 7.127 Thread 0x000001fab8d62800 nmethod 5517 0x000001faa99f7d90 code [0x000001faa99f7f40, 0x000001faa99f7ff8]
Event: 7.127 Thread 0x000001fab8d62800 5518       1       kotlin.Pair::component2 (5 bytes)
Event: 7.127 Thread 0x000001fab8d62800 nmethod 5518 0x000001faa99f8090 code [0x000001faa99f8240, 0x000001faa99f82f8]
Event: 7.127 Thread 0x000001fab8d62800 5519       3       com.android.tools.build.jetifier.core.type.JavaType::hashCode (17 bytes)
Event: 7.127 Thread 0x000001fab8d62800 nmethod 5519 0x000001faa2c91f10 code [0x000001faa2c920e0, 0x000001faa2c92288]

GC Heap History (18 events):
Event: 0.724 GC heap before
{Heap before GC invocations=0 (full 0):
 garbage-first heap   total 131072K, used 29696K [0x0000000080000000, 0x0000000100000000)
  region size 1024K, 24 young (24576K), 0 survivors (0K)
 Metaspace       used 10464K, capacity 10677K, committed 11008K, reserved 1058816K
  class space    used 1097K, capacity 1195K, committed 1280K, reserved 1048576K
}
Event: 0.729 GC heap after
{Heap after GC invocations=1 (full 0):
 garbage-first heap   total 131072K, used 9079K [0x0000000080000000, 0x0000000100000000)
  region size 1024K, 3 young (3072K), 3 survivors (3072K)
 Metaspace       used 10464K, capacity 10677K, committed 11008K, reserved 1058816K
  class space    used 1097K, capacity 1195K, committed 1280K, reserved 1048576K
}
Event: 2.418 GC heap before
{Heap before GC invocations=1 (full 0):
 garbage-first heap   total 131072K, used 82807K [0x0000000080000000, 0x0000000100000000)
  region size 1024K, 76 young (77824K), 3 survivors (3072K)
 Metaspace       used 18913K, capacity 19378K, committed 19584K, reserved 1067008K
  class space    used 2284K, capacity 2426K, committed 2432K, reserved 1048576K
}
Event: 2.424 GC heap after
{Heap after GC invocations=2 (full 0):
 garbage-first heap   total 131072K, used 15813K [0x0000000080000000, 0x0000000100000000)
  region size 1024K, 10 young (10240K), 10 survivors (10240K)
 Metaspace       used 18913K, capacity 19378K, committed 19584K, reserved 1067008K
  class space    used 2284K, capacity 2426K, committed 2432K, reserved 1048576K
}
Event: 2.578 GC heap before
{Heap before GC invocations=2 (full 0):
 garbage-first heap   total 131072K, used 28101K [0x0000000080000000, 0x0000000100000000)
  region size 1024K, 23 young (23552K), 10 survivors (10240K)
 Metaspace       used 20609K, capacity 21115K, committed 21248K, reserved 1067008K
  class space    used 2527K, capacity 2712K, committed 2816K, reserved 1048576K
}
Event: 2.585 GC heap after
{Heap after GC invocations=3 (full 0):
 garbage-first heap   total 131072K, used 16712K [0x0000000080000000, 0x0000000100000000)
  region size 1024K, 1 young (1024K), 1 survivors (1024K)
 Metaspace       used 20609K, capacity 21115K, committed 21248K, reserved 1067008K
  class space    used 2527K, capacity 2712K, committed 2816K, reserved 1048576K
}
Event: 3.249 GC heap before
{Heap before GC invocations=4 (full 0):
 garbage-first heap   total 131072K, used 69960K [0x0000000080000000, 0x0000000100000000)
  region size 1024K, 53 young (54272K), 1 survivors (1024K)
 Metaspace       used 26526K, capacity 27152K, committed 27264K, reserved 1073152K
  class space    used 3480K, capacity 3707K, committed 3712K, reserved 1048576K
}
Event: 3.251 GC heap after
{Heap after GC invocations=5 (full 0):
 garbage-first heap   total 131072K, used 18639K [0x0000000080000000, 0x0000000100000000)
  region size 1024K, 3 young (3072K), 3 survivors (3072K)
 Metaspace       used 26526K, capacity 27152K, committed 27264K, reserved 1073152K
  class space    used 3480K, capacity 3707K, committed 3712K, reserved 1048576K
}
Event: 3.824 GC heap before
{Heap before GC invocations=5 (full 0):
 garbage-first heap   total 131072K, used 63695K [0x0000000080000000, 0x0000000100000000)
  region size 1024K, 49 young (50176K), 3 survivors (3072K)
 Metaspace       used 35120K, capacity 35773K, committed 35840K, reserved 1081344K
  class space    used 4566K, capacity 4856K, committed 4864K, reserved 1048576K
}
Event: 3.832 GC heap after
{Heap after GC invocations=6 (full 0):
 garbage-first heap   total 131072K, used 21747K [0x0000000080000000, 0x0000000100000000)
  region size 1024K, 6 young (6144K), 6 survivors (6144K)
 Metaspace       used 35120K, capacity 35773K, committed 35840K, reserved 1081344K
  class space    used 4566K, capacity 4856K, committed 4864K, reserved 1048576K
}
Event: 4.359 GC heap before
{Heap before GC invocations=7 (full 0):
 garbage-first heap   total 131072K, used 85235K [0x0000000080000000, 0x0000000100000000)
  region size 1024K, 65 young (66560K), 6 survivors (6144K)
 Metaspace       used 40782K, capacity 41662K, committed 41984K, reserved 1085440K
  class space    used 5210K, capacity 5533K, committed 5632K, reserved 1048576K
}
Event: 4.367 GC heap after
{Heap after GC invocations=8 (full 0):
 garbage-first heap   total 131072K, used 25524K [0x0000000080000000, 0x0000000100000000)
  region size 1024K, 7 young (7168K), 7 survivors (7168K)
 Metaspace       used 40782K, capacity 41662K, committed 41984K, reserved 1085440K
  class space    used 5210K, capacity 5533K, committed 5632K, reserved 1048576K
}
Event: 5.266 GC heap before
{Heap before GC invocations=8 (full 0):
 garbage-first heap   total 131072K, used 86964K [0x0000000080000000, 0x0000000100000000)
  region size 1024K, 67 young (68608K), 7 survivors (7168K)
 Metaspace       used 44496K, capacity 45525K, committed 45824K, reserved 1089536K
  class space    used 5700K, capacity 6078K, committed 6144K, reserved 1048576K
}
Event: 5.273 GC heap after
{Heap after GC invocations=9 (full 0):
 garbage-first heap   total 157696K, used 29863K [0x0000000080000000, 0x0000000100000000)
  region size 1024K, 8 young (8192K), 8 survivors (8192K)
 Metaspace       used 44496K, capacity 45525K, committed 45824K, reserved 1089536K
  class space    used 5700K, capacity 6078K, committed 6144K, reserved 1048576K
}
Event: 6.142 GC heap before
{Heap before GC invocations=9 (full 0):
 garbage-first heap   total 157696K, used 108711K [0x0000000080000000, 0x0000000100000000)
  region size 1024K, 79 young (80896K), 8 survivors (8192K)
 Metaspace       used 51092K, capacity 52326K, committed 52608K, reserved 1095680K
  class space    used 6509K, capacity 6923K, committed 7040K, reserved 1048576K
}
Event: 6.149 GC heap after
{Heap after GC invocations=10 (full 0):
 garbage-first heap   total 157696K, used 45191K [0x0000000080000000, 0x0000000100000000)
  region size 1024K, 10 young (10240K), 10 survivors (10240K)
 Metaspace       used 51092K, capacity 52326K, committed 52608K, reserved 1095680K
  class space    used 6509K, capacity 6923K, committed 7040K, reserved 1048576K
}
Event: 7.045 GC heap before
{Heap before GC invocations=10 (full 0):
 garbage-first heap   total 157696K, used 105607K [0x0000000080000000, 0x0000000100000000)
  region size 1024K, 70 young (71680K), 10 survivors (10240K)
 Metaspace       used 58618K, capacity 60069K, committed 60160K, reserved 1101824K
  class space    used 7448K, capacity 7973K, committed 8064K, reserved 1048576K
}
Event: 7.062 GC heap after
{Heap after GC invocations=11 (full 0):
 garbage-first heap   total 157696K, used 51337K [0x0000000080000000, 0x0000000100000000)
  region size 1024K, 6 young (6144K), 6 survivors (6144K)
 Metaspace       used 58618K, capacity 60069K, committed 60160K, reserved 1101824K
  class space    used 7448K, capacity 7973K, committed 8064K, reserved 1048576K
}

Deoptimization events (20 events):
Event: 6.665 Thread 0x000001fabb74b800 Uncommon trap: trap_request=0xffffff4d fr.pc=0x000001faa99826ec relative=0x000000000000064c
Event: 6.665 Thread 0x000001fabb74b800 Uncommon trap: reason=unstable_if action=reinterpret pc=0x000001faa99826ec method=java.util.jar.JarFile.maybeInstantiateVerifier()V @ 61 c2
Event: 6.665 Thread 0x000001fabb74b800 DEOPT PACKING pc=0x000001faa99826ec sp=0x000000aab46f4c70
Event: 6.665 Thread 0x000001fabb74b800 DEOPT UNPACKING pc=0x000001faa1c374af sp=0x000000aab46f4ae0 mode 2
Event: 6.672 Thread 0x000001fabb74b800 Uncommon trap: trap_request=0xffffff4d fr.pc=0x000001faa995ea38 relative=0x00000000000002d8
Event: 6.672 Thread 0x000001fabb74b800 Uncommon trap: reason=unstable_if action=reinterpret pc=0x000001faa995ea38 method=java.lang.ThreadLocal.get()Ljava/lang/Object; @ 11 c2
Event: 6.672 Thread 0x000001fabb74b800 DEOPT PACKING pc=0x000001faa995ea38 sp=0x000000aab46f47c0
Event: 6.672 Thread 0x000001fabb74b800 DEOPT UNPACKING pc=0x000001faa1c374af sp=0x000000aab46f4780 mode 2
Event: 6.702 Thread 0x000001fabb74b800 Uncommon trap: trap_request=0xffffff4d fr.pc=0x000001faa978cf68 relative=0x0000000000000388
Event: 6.702 Thread 0x000001fabb74b800 Uncommon trap: reason=unstable_if action=reinterpret pc=0x000001faa978cf68 method=java.util.jar.JarFile.maybeInstantiateVerifier()V @ 61 c2
Event: 6.702 Thread 0x000001fabb74b800 DEOPT PACKING pc=0x000001faa978cf68 sp=0x000000aab46f45e0
Event: 6.702 Thread 0x000001fabb74b800 DEOPT UNPACKING pc=0x000001faa1c374af sp=0x000000aab46f4568 mode 2
Event: 6.718 Thread 0x000001fabb74b800 Uncommon trap: trap_request=0xffffff4d fr.pc=0x000001faa98b0fac relative=0x000000000000026c
Event: 6.718 Thread 0x000001fabb74b800 Uncommon trap: reason=unstable_if action=reinterpret pc=0x000001faa98b0fac method=java.util.LinkedHashMap.get(Ljava/lang/Object;)Ljava/lang/Object; @ 20 c2
Event: 6.718 Thread 0x000001fabb74b800 DEOPT PACKING pc=0x000001faa98b0fac sp=0x000000aab46f3f10
Event: 6.718 Thread 0x000001fabb74b800 DEOPT UNPACKING pc=0x000001faa1c374af sp=0x000000aab46f3ec8 mode 2
Event: 6.984 Thread 0x000001fabb74b800 Uncommon trap: trap_request=0xffffff4d fr.pc=0x000001faa98ab48c relative=0x000000000000032c
Event: 6.984 Thread 0x000001fabb74b800 Uncommon trap: reason=unstable_if action=reinterpret pc=0x000001faa98ab48c method=org.gradle.internal.reflect.PropertyAccessorType.of(Ljava/lang/reflect/Method;)Lorg/gradle/internal/reflect/PropertyAccessorType; @ 56 c2
Event: 6.984 Thread 0x000001fabb74b800 DEOPT PACKING pc=0x000001faa98ab48c sp=0x000000aab46f7aa0
Event: 6.984 Thread 0x000001fabb74b800 DEOPT UNPACKING pc=0x000001faa1c374af sp=0x000000aab46f7a60 mode 2

Classes redefined (0 events):
No events

Internal exceptions (20 events):
Event: 5.641 Thread 0x000001fabb208000 Exception <a 'java/lang/NoSuchMethodError'{0x0000000087c624a0}: <clinit>> (0x0000000087c624a0) thrown at [./src/hotspot/share/prims/jni.cpp, line 1362]
Event: 5.652 Thread 0x000001fabb74b800 Exception <a 'java/lang/ClassNotFoundException'{0x0000000087c965f8}: build_dyf5rjvvtpuc9uq441xl0phtzBeanInfo> (0x0000000087c965f8) thrown at [./src/hotspot/share/classfile/systemDictionary.cpp, line 231]
Event: 5.653 Thread 0x000001fabb74b800 Exception <a 'java/lang/ClassNotFoundException'{0x0000000087c9f400}: build_dyf5rjvvtpuc9uq441xl0phtzCustomizer> (0x0000000087c9f400) thrown at [./src/hotspot/share/classfile/systemDictionary.cpp, line 231]
Event: 5.661 Thread 0x000001fabb74b800 Exception <a 'java/lang/ClassNotFoundException'{0x0000000087b0ec68}: org/gradle/plugin/use/internal/PluginRequestCollector$PluginDependenciesSpecImplBeanInfo> (0x0000000087b0ec68) thrown at [./src/hotspot/share/classfile/systemDictionary.cpp, line 231]
Event: 5.661 Thread 0x000001fabb74b800 Exception <a 'java/lang/ClassNotFoundException'{0x0000000087b349d8}: org/gradle/plugin/use/internal/PluginRequestCollector$PluginDependenciesSpecImplCustomizer> (0x0000000087b349d8) thrown at [./src/hotspot/share/classfile/systemDictionary.cpp, line 231]
Event: 5.668 Thread 0x000001fabb74b800 Exception <a 'java/lang/NoSuchMethodError'{0x0000000087baaff0}: 'void java.lang.invoke.DirectMethodHandle$Holder.invokeInterface(java.lang.Object, java.lang.Object)'> (0x0000000087baaff0) thrown at [./src/hotspot/share/interpreter/linkResolver.cpp, line 773]
Event: 5.700 Thread 0x000001fabb74b800 Exception <a 'java/lang/ClassNotFoundException'{0x0000000087855658}: org/gradle/api/internal/plugins/DefaultObjectConfigurationActionBeanInfo> (0x0000000087855658) thrown at [./src/hotspot/share/classfile/systemDictionary.cpp, line 231]
Event: 5.701 Thread 0x000001fabb74b800 Exception <a 'java/lang/ClassNotFoundException'{0x0000000087882b68}: org/gradle/api/internal/plugins/DefaultObjectConfigurationActionCustomizer> (0x0000000087882b68) thrown at [./src/hotspot/share/classfile/systemDictionary.cpp, line 231]
Event: 5.798 Thread 0x000001fabb74b800 Exception <a 'java/lang/NoSuchMethodError'{0x0000000086f760d0}: 'java.lang.Object java.lang.invoke.DirectMethodHandle$Holder.invokeStatic(java.lang.Object, java.lang.Object, java.lang.Object, java.lang.Object, int)'> (0x0000000086f760d0) thrown at [./src/hotspot/share/interpreter/linkResolver.cpp, line 773]
Event: 5.798 Thread 0x000001fabb74b800 Exception <a 'java/lang/NoSuchMethodError'{0x0000000086f7aac8}: 'java.lang.Object java.lang.invoke.DirectMethodHandle$Holder.invokeSpecial(java.lang.Object, java.lang.Object, java.lang.Object, java.lang.Object, java.lang.Object, int)'> (0x0000000086f7aac8) thrown at [./src/hotspot/share/interpreter/linkResolver.cpp, line 773]
Event: 5.798 Thread 0x000001fabb74b800 Exception <a 'java/lang/NoSuchMethodError'{0x0000000086f7f108}: 'java.lang.Object java.lang.invoke.Invokers$Holder.linkToTargetMethod(java.lang.Object, java.lang.Object, java.lang.Object, int, java.lang.Object)'> (0x0000000086f7f108) thrown at [./src/hotspot/share/interpreter/linkResolver.cpp, line 773]
Event: 6.035 Thread 0x000001fabb74b800 Exception <a 'java/lang/NoSuchMethodError'{0x0000000085cdf130}: 'java.lang.Object java.lang.invoke.DirectMethodHandle$Holder.invokeSpecial(java.lang.Object, java.lang.Object, int, int, java.lang.Object, java.lang.Object, java.lang.Object)'> (0x0000000085cdf130) thrown at [./src/hotspot/share/interpreter/linkResolver.cpp, line 773]
Event: 6.035 Thread 0x000001fabb74b800 Exception <a 'java/lang/NoSuchMethodError'{0x0000000085ce36b0}: 'java.lang.Object java.lang.invoke.DelegatingMethodHandle$Holder.reinvoke_L(java.lang.Object, int, int, java.lang.Object, java.lang.Object, java.lang.Object)'> (0x0000000085ce36b0) thrown at [./src/hotspot/share/interpreter/linkResolver.cpp, line 773]
Event: 6.234 Thread 0x000001fabb74b800 Exception <a 'java/lang/NoSuchMethodError'{0x0000000089543180}: 'int java.lang.invoke.DirectMethodHandle$Holder.invokeInterface(java.lang.Object, java.lang.Object, java.lang.Object, java.lang.Object)'> (0x0000000089543180) thrown at [./src/hotspot/share/interpreter/linkResolver.cpp, line 773]
Event: 6.409 Thread 0x000001fabb74b800 Exception <a 'java/lang/NoSuchMethodError'{0x0000000088b58348}: 'void java.lang.invoke.DirectMethodHandle$Holder.invokeInterface(java.lang.Object, java.lang.Object, java.lang.Object, java.lang.Object)'> (0x0000000088b58348) thrown at [./src/hotspot/share/interpreter/linkResolver.cpp, line 773]
Event: 6.543 Thread 0x000001fabb74b800 Exception <a 'java/lang/IncompatibleClassChangeError'{0x00000000884e2bd8}: Found class java.lang.Object, but interface was expected> (0x00000000884e2bd8) thrown at [./src/hotspot/share/interpreter/linkResolver.cpp, line 839]
Event: 6.568 Thread 0x000001fabb74b800 Exception <a 'java/lang/NoSuchMethodError'{0x000000008837ea88}: 'void java.lang.invoke.DirectMethodHandle$Holder.invokeStatic(java.lang.Object, java.lang.Object, java.lang.Object, java.lang.Object, java.lang.Object)'> (0x000000008837ea88) thrown at [./src/hotspot/share/interpreter/linkResolver.cpp, line 773]
Event: 6.597 Thread 0x000001fabb74b800 Implicit null exception at 0x000001faa9965cd4 to 0x000001faa9965eb8
Event: 6.597 Thread 0x000001fabb74b800 Implicit null exception at 0x000001faa9972e39 to 0x000001faa9972f1c
Event: 6.672 Thread 0x000001fabb74b800 Implicit null exception at 0x000001faa995e7ad to 0x000001faa995ea28

Events (20 events):
Event: 7.120 loading class com/android/tools/build/jetifier/core/pom/PomRewriteRule
Event: 7.120 loading class com/android/tools/build/jetifier/core/pom/PomRewriteRule done
Event: 7.120 loading class com/android/tools/build/jetifier/core/pom/PomRewriteRule$Companion
Event: 7.120 loading class com/android/tools/build/jetifier/core/pom/PomRewriteRule$Companion done
Event: 7.121 loading class com/android/tools/build/jetifier/core/pom/DependencyVersionsMap
Event: 7.121 loading class com/android/tools/build/jetifier/core/pom/DependencyVersionsMap done
Event: 7.121 loading class com/android/tools/build/jetifier/core/pom/DependencyVersionsMap$Companion
Event: 7.121 loading class com/android/tools/build/jetifier/core/pom/DependencyVersionsMap$Companion done
Event: 7.122 loading class kotlin/collections/EmptyMap
Event: 7.122 loading class kotlin/collections/EmptyMap done
Event: 7.123 loading class com/android/tools/build/jetifier/core/type/JavaType
Event: 7.123 loading class com/android/tools/build/jetifier/core/type/JavaType done
Event: 7.123 loading class com/android/tools/build/jetifier/core/type/JavaType$Companion
Event: 7.123 loading class com/android/tools/build/jetifier/core/type/JavaType$Companion done
Event: 7.123 Executing VM operation: CGC_Operation
Event: 7.123 Executing VM operation: CGC_Operation done
Event: 7.127 loading class com/android/tools/build/jetifier/core/type/TypesMap
Event: 7.127 loading class com/android/tools/build/jetifier/core/type/TypesMap done
Event: 7.128 loading class com/android/tools/build/jetifier/core/type/TypesMap$Companion
Event: 7.128 loading class com/android/tools/build/jetifier/core/type/TypesMap$Companion done


Dynamic libraries:
0x00007ff70d3b0000 - 0x00007ff70d3ba000 	C:\Users\Dark Knight\Desktop\Android Studio\jre\bin\java.exe
0x00007ff9779b0000 - 0x00007ff977ba5000 	C:\WINDOWS\SYSTEM32\ntdll.dll
0x00007ff9760b0000 - 0x00007ff97616e000 	C:\WINDOWS\System32\KERNEL32.DLL
0x00007ff975720000 - 0x00007ff9759e8000 	C:\WINDOWS\System32\KERNELBASE.dll
0x00007ff9751c0000 - 0x00007ff9752c0000 	C:\WINDOWS\System32\ucrtbase.dll
0x00007ff958ed0000 - 0x00007ff958ee7000 	C:\Users\Dark Knight\Desktop\Android Studio\jre\bin\VCRUNTIME140.dll
0x00007ff9589d0000 - 0x00007ff9589e9000 	C:\Users\Dark Knight\Desktop\Android Studio\jre\bin\jli.dll
0x00007ff975cc0000 - 0x00007ff975e61000 	C:\WINDOWS\System32\USER32.dll
0x00007ff975400000 - 0x00007ff975422000 	C:\WINDOWS\System32\win32u.dll
0x00007ff95f400000 - 0x00007ff95f69a000 	C:\WINDOWS\WinSxS\amd64_microsoft.windows.common-controls_6595b64144ccf1df_6.0.19041.1110_none_60b5254171f9507e\COMCTL32.dll
0x00007ff975e70000 - 0x00007ff975e9b000 	C:\WINDOWS\System32\GDI32.dll
0x00007ff9778b0000 - 0x00007ff97794e000 	C:\WINDOWS\System32\msvcrt.dll
0x00007ff9752f0000 - 0x00007ff9753fd000 	C:\WINDOWS\System32\gdi32full.dll
0x00007ff975620000 - 0x00007ff9756bd000 	C:\WINDOWS\System32\msvcp_win.dll
0x00007ff975bf0000 - 0x00007ff975c20000 	C:\WINDOWS\System32\IMM32.DLL
0x00007ff93c810000 - 0x00007ff93c8ad000 	C:\Users\Dark Knight\Desktop\Android Studio\jre\bin\msvcp140.dll
0x00007ff912d70000 - 0x00007ff91382c000 	C:\Users\Dark Knight\Desktop\Android Studio\jre\bin\server\jvm.dll
0x00007ff976f00000 - 0x00007ff976fae000 	C:\WINDOWS\System32\ADVAPI32.dll
0x00007ff975c20000 - 0x00007ff975cbc000 	C:\WINDOWS\System32\sechost.dll
0x00007ff977540000 - 0x00007ff977665000 	C:\WINDOWS\System32\RPCRT4.dll
0x00007ff975f10000 - 0x00007ff975f18000 	C:\WINDOWS\System32\PSAPI.DLL
0x00007ff96a2e0000 - 0x00007ff96a2ea000 	C:\WINDOWS\SYSTEM32\VERSION.dll
0x00007ff960f10000 - 0x00007ff960f37000 	C:\WINDOWS\SYSTEM32\WINMM.dll
0x00007ff952f80000 - 0x00007ff952f89000 	C:\WINDOWS\SYSTEM32\WSOCK32.dll
0x00007ff975ea0000 - 0x00007ff975f0b000 	C:\WINDOWS\System32\WS2_32.dll
0x00007ff973940000 - 0x00007ff973952000 	C:\WINDOWS\SYSTEM32\kernel.appcore.dll
0x00007ff96c630000 - 0x00007ff96c641000 	C:\Users\Dark Knight\Desktop\Android Studio\jre\bin\verify.dll
0x00007ff972d60000 - 0x00007ff972f44000 	C:\WINDOWS\SYSTEM32\DBGHELP.DLL
0x00007ff9610f0000 - 0x00007ff96111c000 	C:\WINDOWS\SYSTEM32\dbgcore.DLL
0x00007ff975430000 - 0x00007ff9754b2000 	C:\WINDOWS\System32\bcryptPrimitives.dll
0x00007ff9622d0000 - 0x00007ff9622f9000 	C:\Users\Dark Knight\Desktop\Android Studio\jre\bin\java.dll
0x00007ff970410000 - 0x00007ff97041b000 	C:\Users\Dark Knight\Desktop\Android Studio\jre\bin\jimage.dll
0x00007ff96c260000 - 0x00007ff96c278000 	C:\Users\Dark Knight\Desktop\Android Studio\jre\bin\zip.dll
0x00007ff976250000 - 0x00007ff976994000 	C:\WINDOWS\System32\SHELL32.dll
0x00007ff973190000 - 0x00007ff973925000 	C:\WINDOWS\SYSTEM32\windows.storage.dll
0x00007ff9770d0000 - 0x00007ff977425000 	C:\WINDOWS\System32\combase.dll
0x00007ff974a40000 - 0x00007ff974a6e000 	C:\WINDOWS\SYSTEM32\Wldp.dll
0x00007ff975f20000 - 0x00007ff975fcd000 	C:\WINDOWS\System32\SHCORE.dll
0x00007ff977430000 - 0x00007ff977485000 	C:\WINDOWS\System32\shlwapi.dll
0x00007ff975000000 - 0x00007ff97501f000 	C:\WINDOWS\SYSTEM32\profapi.dll
0x00007ff96a5e0000 - 0x00007ff96a5fa000 	C:\Users\Dark Knight\Desktop\Android Studio\jre\bin\net.dll
0x00007ff961f50000 - 0x00007ff96205c000 	C:\WINDOWS\SYSTEM32\WINHTTP.dll
0x00007ff9747a0000 - 0x00007ff97480a000 	C:\WINDOWS\system32\mswsock.dll
0x00007ff961220000 - 0x00007ff961234000 	C:\Users\Dark Knight\Desktop\Android Studio\jre\bin\nio.dll
0x00007ff958d90000 - 0x00007ff958db7000 	C:\Users\Dark Knight\.gradle\native\fdc75f09e3144964f2cf3f50f0aa648679c211496f362492102eb8c894070792\windows-amd64\native-platform.dll
0x00007ff938a20000 - 0x00007ff938bb6000 	C:\Users\Dark Knight\.gradle\native\12488b8bf47d2d4c9fbf2f6322a914ad602e24e48041cd04a747c6da556b65c4\windows-amd64\native-platform-file-events.dll
0x00007ff9703e0000 - 0x00007ff9703ea000 	C:\Users\Dark Knight\Desktop\Android Studio\jre\bin\management.dll
0x00007ff96e650000 - 0x00007ff96e65c000 	C:\Users\Dark Knight\Desktop\Android Studio\jre\bin\management_ext.dll
0x00007ff9749a0000 - 0x00007ff9749b8000 	C:\WINDOWS\SYSTEM32\CRYPTSP.dll
0x00007ff974120000 - 0x00007ff974154000 	C:\WINDOWS\system32\rsaenh.dll
0x00007ff9752c0000 - 0x00007ff9752e7000 	C:\WINDOWS\System32\bcrypt.dll
0x00007ff974fc0000 - 0x00007ff974fee000 	C:\WINDOWS\SYSTEM32\USERENV.dll
0x00007ff974990000 - 0x00007ff97499c000 	C:\WINDOWS\SYSTEM32\CRYPTBASE.dll
0x00007ff974490000 - 0x00007ff9744cb000 	C:\WINDOWS\SYSTEM32\IPHLPAPI.DLL
0x00007ff975b80000 - 0x00007ff975b88000 	C:\WINDOWS\System32\NSI.dll
0x00007ff966760000 - 0x00007ff966777000 	C:\WINDOWS\SYSTEM32\dhcpcsvc6.DLL
0x00007ff966890000 - 0x00007ff9668ad000 	C:\WINDOWS\SYSTEM32\dhcpcsvc.DLL
0x00007ff9744d0000 - 0x00007ff97459b000 	C:\WINDOWS\SYSTEM32\DNSAPI.dll
0x00007ff96a270000 - 0x00007ff96a27b000 	C:\WINDOWS\SYSTEM32\WINNSI.DLL

dbghelp: loaded successfully - version: 4.0.5 - missing functions: none
symbol engine: initialized successfully - sym options: 0x614 - pdb path: .;C:\Users\Dark Knight\Desktop\Android Studio\jre\bin;C:\WINDOWS\SYSTEM32;C:\WINDOWS\WinSxS\amd64_microsoft.windows.common-controls_6595b64144ccf1df_6.0.19041.1110_none_60b5254171f9507e;C:\Users\Dark Knight\Desktop\Android Studio\jre\bin\server;C:\Users\Dark Knight\.gradle\native\fdc75f09e3144964f2cf3f50f0aa648679c211496f362492102eb8c894070792\windows-amd64;C:\Users\Dark Knight\.gradle\native\12488b8bf47d2d4c9fbf2f6322a914ad602e24e48041cd04a747c6da556b65c4\windows-amd64

VM Arguments:
jvm_args: --add-opens=java.base/java.util=ALL-UNNAMED --add-opens=java.base/java.lang=ALL-UNNAMED --add-opens=java.base/java.lang.invoke=ALL-UNNAMED --add-opens=java.prefs/java.util.prefs=ALL-UNNAMED -Xmx2048m -Dfile.encoding=UTF-8 -Duser.country=IN -Duser.language=en -Duser.variant 
java_command: org.gradle.launcher.daemon.bootstrap.GradleDaemon 6.7.1
java_class_path (initial): C:\Users\Dark Knight\.gradle\wrapper\dists\gradle-6.7.1-bin\bwlcbys1h7rz3272sye1xwiv6\gradle-6.7.1\lib\gradle-launcher-6.7.1.jar
Launcher Type: SUN_STANDARD

[Global flags]
     intx CICompilerCount                          = 4                                         {product} {ergonomic}
     uint ConcGCThreads                            = 2                                         {product} {ergonomic}
     uint G1ConcRefinementThreads                  = 8                                         {product} {ergonomic}
   size_t G1HeapRegionSize                         = 1048576                                   {product} {ergonomic}
    uintx GCDrainStackTargetSize                   = 64                                        {product} {ergonomic}
   size_t InitialHeapSize                          = 134217728                                 {product} {ergonomic}
   size_t MarkStackSize                            = 4194304                                   {product} {ergonomic}
   size_t MaxHeapSize                              = 2147483648                                {product} {command line}
   size_t MaxNewSize                               = 1287651328                                {product} {ergonomic}
   size_t MinHeapDeltaBytes                        = 1048576                                   {product} {ergonomic}
    uintx NonNMethodCodeHeapSize                   = 5836300                                {pd product} {ergonomic}
    uintx NonProfiledCodeHeapSize                  = 122910970                              {pd product} {ergonomic}
    uintx ProfiledCodeHeapSize                     = 122910970                              {pd product} {ergonomic}
    uintx ReservedCodeCacheSize                    = 251658240                              {pd product} {ergonomic}
     bool SegmentedCodeCache                       = true                                      {product} {ergonomic}
     bool UseCompressedClassPointers               = true                                 {lp64_product} {ergonomic}
     bool UseCompressedOops                        = true                                 {lp64_product} {ergonomic}
     bool UseG1GC                                  = true                                      {product} {ergonomic}
     bool UseLargePagesIndividualAllocation        = false                                  {pd product} {ergonomic}

Logging:
Log output configuration:
 #0: stdout all=warning uptime,level,tags
 #1: stderr all=off uptime,level,tags

Environment Variables:
PATH=C:\Windows\system32;C:\Windows;C:\Windows\System32\Wbem;C:\Windows\System32\WindowsPowerShell\v1.0\;C:\Windows\System32\OpenSSH\;C:\Program Files (x86)\NVIDIA Corporation\PhysX\Common;C:\Program Files\NVIDIA Corporation\NVIDIA NvDLISR;C:\WINDOWS\system32;C:\WINDOWS;C:\WINDOWS\System32\Wbem;C:\WINDOWS\System32\WindowsPowerShell\v1.0\;C:\WINDOWS\System32\OpenSSH\;C:\MinGW\bin;C:\Program Files\MEGA-X;C:\WINDOWS\system32;C:\WINDOWS;C:\WINDOWS\System32\Wbem;C:\WINDOWS\System32\WindowsPowerShell\v1.0\;C:\WINDOWS\System32\OpenSSH\;C:\Users\Dark Knight\AppData\Local\Microsoft\WindowsApps;C:\Users\Dark Knight\AppData\Local\atom\bin;C:\MinGW\bin;C:\Program Files (x86)\Microsoft Visual Studio\2019\BuildTools\MSBuild\Current\Bin;C:\Users\Dark Knight\AppData\Local\Microsoft\WindowsApps
USERNAME=Dark Knight
OS=Windows_NT
PROCESSOR_IDENTIFIER=Intel64 Family 6 Model 158 Stepping 10, GenuineIntel



---------------  S Y S T E M  ---------------

OS: Windows 10 , 64 bit Build 19041 (10.0.19041.1466)
OS uptime: 5 days 7:50 hours

CPU:total 8 (initial active 8) (4 cores per cpu, 2 threads per core) family 6 model 158 stepping 10, cmov, cx8, fxsr, mmx, sse, sse2, sse3, ssse3, sse4.1, sse4.2, popcnt, avx, avx2, aes, clmul, erms, 3dnowpref, lzcnt, ht, tsc, tscinvbit, bmi1, bmi2, adx, fma

Memory: 4k page, system-wide physical 8072M (657M free)
TotalPageFile size 12168M (AvailPageFile size 5M)
current process WorkingSet (physical memory assigned to process): 362M, peak: 362M
current process commit charge ("private bytes"): 404M, peak: 404M

vm_info: OpenJDK 64-Bit Server VM (11.0.8+10-b944.6842174) for windows-amd64 JRE (11.0.8+10-b944.6842174), built on Sep 19 2020 01:11:42 by "builder" with MS VC++ 14.0 (VS2015)

END.
